CRITICAL - 2024-04-02 18:33:42 --> Error: Class "App\Controllers\ArtistasModel" not found
in APPPATH/Controllers/Home.php on line 11.
 1 SYSTEMPATH/CodeIgniter.php(943): App\Controllers\Home->index()
 2 SYSTEMPATH/CodeIgniter.php(503): CodeIgniter\CodeIgniter->runController()
 3 SYSTEMPATH/CodeIgniter.php(361): CodeIgniter\CodeIgniter->handleRequest()
 4 FCPATH/index.php(79): CodeIgniter\CodeIgniter->run()
 5 SYSTEMPATH/Commands/Server/rewrite.php(47): require_once('/home/aluno/Downloads/j/ds1-2024/bimestre1/trabalho-codeigniter4/public/index.php')
CRITICAL - 2024-04-02 18:33:44 --> Error: Class "App\Controllers\ArtistasModel" not found
in APPPATH/Controllers/Home.php on line 11.
 1 SYSTEMPATH/CodeIgniter.php(943): App\Controllers\Home->index()
 2 SYSTEMPATH/CodeIgniter.php(503): CodeIgniter\CodeIgniter->runController()
 3 SYSTEMPATH/CodeIgniter.php(361): CodeIgniter\CodeIgniter->handleRequest()
 4 FCPATH/index.php(79): CodeIgniter\CodeIgniter->run()
 5 SYSTEMPATH/Commands/Server/rewrite.php(47): require_once('/home/aluno/Downloads/j/ds1-2024/bimestre1/trabalho-codeigniter4/public/index.php')
CRITICAL - 2024-04-02 18:33:45 --> Error: Class "App\Controllers\ArtistasModel" not found
in APPPATH/Controllers/Home.php on line 11.
 1 SYSTEMPATH/CodeIgniter.php(943): App\Controllers\Home->index()
 2 SYSTEMPATH/CodeIgniter.php(503): CodeIgniter\CodeIgniter->runController()
 3 SYSTEMPATH/CodeIgniter.php(361): CodeIgniter\CodeIgniter->handleRequest()
 4 FCPATH/index.php(79): CodeIgniter\CodeIgniter->run()
 5 SYSTEMPATH/Commands/Server/rewrite.php(47): require_once('/home/aluno/Downloads/j/ds1-2024/bimestre1/trabalho-codeigniter4/public/index.php')
ERROR - 2024-04-02 19:37:09 --> Error connecting to the database: mysqli_sql_exception: Access denied for user ''@'localhost' (using password: NO) in /home/aluno/Downloads/j/ds1-2024/bimestre1/trabalho-codeigniter4/system/Database/MySQLi/Connection.php:185
Stack trace:
#0 /home/aluno/Downloads/j/ds1-2024/bimestre1/trabalho-codeigniter4/system/Database/MySQLi/Connection.php(185): mysqli->real_connect()
#1 /home/aluno/Downloads/j/ds1-2024/bimestre1/trabalho-codeigniter4/system/Database/BaseConnection.php(392): CodeIgniter\Database\MySQLi\Connection->connect()
#2 /home/aluno/Downloads/j/ds1-2024/bimestre1/trabalho-codeigniter4/system/Database/BaseConnection.php(575): CodeIgniter\Database\BaseConnection->initialize()
#3 /home/aluno/Downloads/j/ds1-2024/bimestre1/trabalho-codeigniter4/system/Database/BaseBuilder.php(1616): CodeIgniter\Database\BaseConnection->query()
#4 /home/aluno/Downloads/j/ds1-2024/bimestre1/trabalho-codeigniter4/system/Model.php(243): CodeIgniter\Database\BaseBuilder->get()
#5 /home/aluno/Downloads/j/ds1-2024/bimestre1/trabalho-codeigniter4/system/BaseModel.php(638): CodeIgniter\Model->doFindAll()
#6 /home/aluno/Downloads/j/ds1-2024/bimestre1/trabalho-codeigniter4/app/Controllers/Home.php(13): CodeIgniter\BaseModel->findAll()
#7 /home/aluno/Downloads/j/ds1-2024/bimestre1/trabalho-codeigniter4/system/CodeIgniter.php(943): App\Controllers\Home->index()
#8 /home/aluno/Downloads/j/ds1-2024/bimestre1/trabalho-codeigniter4/system/CodeIgniter.php(503): CodeIgniter\CodeIgniter->runController()
#9 /home/aluno/Downloads/j/ds1-2024/bimestre1/trabalho-codeigniter4/system/CodeIgniter.php(361): CodeIgniter\CodeIgniter->handleRequest()
#10 /home/aluno/Downloads/j/ds1-2024/bimestre1/trabalho-codeigniter4/public/index.php(79): CodeIgniter\CodeIgniter->run()
#11 /home/aluno/Downloads/j/ds1-2024/bimestre1/trabalho-codeigniter4/system/Commands/Server/rewrite.php(47): require_once('...')
#12 {main}

Next CodeIgniter\Database\Exceptions\DatabaseException: Access denied for user ''@'localhost' (using password: NO) in /home/aluno/Downloads/j/ds1-2024/bimestre1/trabalho-codeigniter4/system/Database/MySQLi/Connection.php:229
Stack trace:
#0 /home/aluno/Downloads/j/ds1-2024/bimestre1/trabalho-codeigniter4/system/Database/BaseConnection.php(392): CodeIgniter\Database\MySQLi\Connection->connect()
#1 /home/aluno/Downloads/j/ds1-2024/bimestre1/trabalho-codeigniter4/system/Database/BaseConnection.php(575): CodeIgniter\Database\BaseConnection->initialize()
#2 /home/aluno/Downloads/j/ds1-2024/bimestre1/trabalho-codeigniter4/system/Database/BaseBuilder.php(1616): CodeIgniter\Database\BaseConnection->query()
#3 /home/aluno/Downloads/j/ds1-2024/bimestre1/trabalho-codeigniter4/system/Model.php(243): CodeIgniter\Database\BaseBuilder->get()
#4 /home/aluno/Downloads/j/ds1-2024/bimestre1/trabalho-codeigniter4/system/BaseModel.php(638): CodeIgniter\Model->doFindAll()
#5 /home/aluno/Downloads/j/ds1-2024/bimestre1/trabalho-codeigniter4/app/Controllers/Home.php(13): CodeIgniter\BaseModel->findAll()
#6 /home/aluno/Downloads/j/ds1-2024/bimestre1/trabalho-codeigniter4/system/CodeIgniter.php(943): App\Controllers\Home->index()
#7 /home/aluno/Downloads/j/ds1-2024/bimestre1/trabalho-codeigniter4/system/CodeIgniter.php(503): CodeIgniter\CodeIgniter->runController()
#8 /home/aluno/Downloads/j/ds1-2024/bimestre1/trabalho-codeigniter4/system/CodeIgniter.php(361): CodeIgniter\CodeIgniter->handleRequest()
#9 /home/aluno/Downloads/j/ds1-2024/bimestre1/trabalho-codeigniter4/public/index.php(79): CodeIgniter\CodeIgniter->run()
#10 /home/aluno/Downloads/j/ds1-2024/bimestre1/trabalho-codeigniter4/system/Commands/Server/rewrite.php(47): require_once('...')
#11 {main}
CRITICAL - 2024-04-02 19:37:09 --> CodeIgniter\Database\Exceptions\DatabaseException: Unable to connect to the database.
Main connection [MySQLi]: Access denied for user ''@'localhost' (using password: NO)
in SYSTEMPATH/Database/BaseConnection.php on line 428.
 1 SYSTEMPATH/Database/BaseConnection.php(575): CodeIgniter\Database\BaseConnection->initialize()
 2 SYSTEMPATH/Database/BaseBuilder.php(1616): CodeIgniter\Database\BaseConnection->query()
 3 SYSTEMPATH/Model.php(243): CodeIgniter\Database\BaseBuilder->get()
 4 SYSTEMPATH/BaseModel.php(638): CodeIgniter\Model->doFindAll()
 5 APPPATH/Controllers/Home.php(13): CodeIgniter\BaseModel->findAll()
 6 SYSTEMPATH/CodeIgniter.php(943): App\Controllers\Home->index()
 7 SYSTEMPATH/CodeIgniter.php(503): CodeIgniter\CodeIgniter->runController()
 8 SYSTEMPATH/CodeIgniter.php(361): CodeIgniter\CodeIgniter->handleRequest()
 9 FCPATH/index.php(79): CodeIgniter\CodeIgniter->run()
10 SYSTEMPATH/Commands/Server/rewrite.php(47): require_once('/home/aluno/Downloads/j/ds1-2024/bimestre1/trabalho-codeigniter4/public/index.php')
ERROR - 2024-04-02 19:37:10 --> Error connecting to the database: mysqli_sql_exception: Access denied for user ''@'localhost' (using password: NO) in /home/aluno/Downloads/j/ds1-2024/bimestre1/trabalho-codeigniter4/system/Database/MySQLi/Connection.php:185
Stack trace:
#0 /home/aluno/Downloads/j/ds1-2024/bimestre1/trabalho-codeigniter4/system/Database/MySQLi/Connection.php(185): mysqli->real_connect()
#1 /home/aluno/Downloads/j/ds1-2024/bimestre1/trabalho-codeigniter4/system/Database/BaseConnection.php(392): CodeIgniter\Database\MySQLi\Connection->connect()
#2 /home/aluno/Downloads/j/ds1-2024/bimestre1/trabalho-codeigniter4/system/Database/BaseConnection.php(575): CodeIgniter\Database\BaseConnection->initialize()
#3 /home/aluno/Downloads/j/ds1-2024/bimestre1/trabalho-codeigniter4/system/Database/BaseBuilder.php(1616): CodeIgniter\Database\BaseConnection->query()
#4 /home/aluno/Downloads/j/ds1-2024/bimestre1/trabalho-codeigniter4/system/Model.php(243): CodeIgniter\Database\BaseBuilder->get()
#5 /home/aluno/Downloads/j/ds1-2024/bimestre1/trabalho-codeigniter4/system/BaseModel.php(638): CodeIgniter\Model->doFindAll()
#6 /home/aluno/Downloads/j/ds1-2024/bimestre1/trabalho-codeigniter4/app/Controllers/Home.php(13): CodeIgniter\BaseModel->findAll()
#7 /home/aluno/Downloads/j/ds1-2024/bimestre1/trabalho-codeigniter4/system/CodeIgniter.php(943): App\Controllers\Home->index()
#8 /home/aluno/Downloads/j/ds1-2024/bimestre1/trabalho-codeigniter4/system/CodeIgniter.php(503): CodeIgniter\CodeIgniter->runController()
#9 /home/aluno/Downloads/j/ds1-2024/bimestre1/trabalho-codeigniter4/system/CodeIgniter.php(361): CodeIgniter\CodeIgniter->handleRequest()
#10 /home/aluno/Downloads/j/ds1-2024/bimestre1/trabalho-codeigniter4/public/index.php(79): CodeIgniter\CodeIgniter->run()
#11 /home/aluno/Downloads/j/ds1-2024/bimestre1/trabalho-codeigniter4/system/Commands/Server/rewrite.php(47): require_once('...')
#12 {main}

Next CodeIgniter\Database\Exceptions\DatabaseException: Access denied for user ''@'localhost' (using password: NO) in /home/aluno/Downloads/j/ds1-2024/bimestre1/trabalho-codeigniter4/system/Database/MySQLi/Connection.php:229
Stack trace:
#0 /home/aluno/Downloads/j/ds1-2024/bimestre1/trabalho-codeigniter4/system/Database/BaseConnection.php(392): CodeIgniter\Database\MySQLi\Connection->connect()
#1 /home/aluno/Downloads/j/ds1-2024/bimestre1/trabalho-codeigniter4/system/Database/BaseConnection.php(575): CodeIgniter\Database\BaseConnection->initialize()
#2 /home/aluno/Downloads/j/ds1-2024/bimestre1/trabalho-codeigniter4/system/Database/BaseBuilder.php(1616): CodeIgniter\Database\BaseConnection->query()
#3 /home/aluno/Downloads/j/ds1-2024/bimestre1/trabalho-codeigniter4/system/Model.php(243): CodeIgniter\Database\BaseBuilder->get()
#4 /home/aluno/Downloads/j/ds1-2024/bimestre1/trabalho-codeigniter4/system/BaseModel.php(638): CodeIgniter\Model->doFindAll()
#5 /home/aluno/Downloads/j/ds1-2024/bimestre1/trabalho-codeigniter4/app/Controllers/Home.php(13): CodeIgniter\BaseModel->findAll()
#6 /home/aluno/Downloads/j/ds1-2024/bimestre1/trabalho-codeigniter4/system/CodeIgniter.php(943): App\Controllers\Home->index()
#7 /home/aluno/Downloads/j/ds1-2024/bimestre1/trabalho-codeigniter4/system/CodeIgniter.php(503): CodeIgniter\CodeIgniter->runController()
#8 /home/aluno/Downloads/j/ds1-2024/bimestre1/trabalho-codeigniter4/system/CodeIgniter.php(361): CodeIgniter\CodeIgniter->handleRequest()
#9 /home/aluno/Downloads/j/ds1-2024/bimestre1/trabalho-codeigniter4/public/index.php(79): CodeIgniter\CodeIgniter->run()
#10 /home/aluno/Downloads/j/ds1-2024/bimestre1/trabalho-codeigniter4/system/Commands/Server/rewrite.php(47): require_once('...')
#11 {main}
CRITICAL - 2024-04-02 19:37:10 --> CodeIgniter\Database\Exceptions\DatabaseException: Unable to connect to the database.
Main connection [MySQLi]: Access denied for user ''@'localhost' (using password: NO)
in SYSTEMPATH/Database/BaseConnection.php on line 428.
 1 SYSTEMPATH/Database/BaseConnection.php(575): CodeIgniter\Database\BaseConnection->initialize()
 2 SYSTEMPATH/Database/BaseBuilder.php(1616): CodeIgniter\Database\BaseConnection->query()
 3 SYSTEMPATH/Model.php(243): CodeIgniter\Database\BaseBuilder->get()
 4 SYSTEMPATH/BaseModel.php(638): CodeIgniter\Model->doFindAll()
 5 APPPATH/Controllers/Home.php(13): CodeIgniter\BaseModel->findAll()
 6 SYSTEMPATH/CodeIgniter.php(943): App\Controllers\Home->index()
 7 SYSTEMPATH/CodeIgniter.php(503): CodeIgniter\CodeIgniter->runController()
 8 SYSTEMPATH/CodeIgniter.php(361): CodeIgniter\CodeIgniter->handleRequest()
 9 FCPATH/index.php(79): CodeIgniter\CodeIgniter->run()
10 SYSTEMPATH/Commands/Server/rewrite.php(47): require_once('/home/aluno/Downloads/j/ds1-2024/bimestre1/trabalho-codeigniter4/public/index.php')
ERROR - 2024-04-02 19:37:11 --> Error connecting to the database: mysqli_sql_exception: Access denied for user ''@'localhost' (using password: NO) in /home/aluno/Downloads/j/ds1-2024/bimestre1/trabalho-codeigniter4/system/Database/MySQLi/Connection.php:185
Stack trace:
#0 /home/aluno/Downloads/j/ds1-2024/bimestre1/trabalho-codeigniter4/system/Database/MySQLi/Connection.php(185): mysqli->real_connect()
#1 /home/aluno/Downloads/j/ds1-2024/bimestre1/trabalho-codeigniter4/system/Database/BaseConnection.php(392): CodeIgniter\Database\MySQLi\Connection->connect()
#2 /home/aluno/Downloads/j/ds1-2024/bimestre1/trabalho-codeigniter4/system/Database/BaseConnection.php(575): CodeIgniter\Database\BaseConnection->initialize()
#3 /home/aluno/Downloads/j/ds1-2024/bimestre1/trabalho-codeigniter4/system/Database/BaseBuilder.php(1616): CodeIgniter\Database\BaseConnection->query()
#4 /home/aluno/Downloads/j/ds1-2024/bimestre1/trabalho-codeigniter4/system/Model.php(243): CodeIgniter\Database\BaseBuilder->get()
#5 /home/aluno/Downloads/j/ds1-2024/bimestre1/trabalho-codeigniter4/system/BaseModel.php(638): CodeIgniter\Model->doFindAll()
#6 /home/aluno/Downloads/j/ds1-2024/bimestre1/trabalho-codeigniter4/app/Controllers/Home.php(13): CodeIgniter\BaseModel->findAll()
#7 /home/aluno/Downloads/j/ds1-2024/bimestre1/trabalho-codeigniter4/system/CodeIgniter.php(943): App\Controllers\Home->index()
#8 /home/aluno/Downloads/j/ds1-2024/bimestre1/trabalho-codeigniter4/system/CodeIgniter.php(503): CodeIgniter\CodeIgniter->runController()
#9 /home/aluno/Downloads/j/ds1-2024/bimestre1/trabalho-codeigniter4/system/CodeIgniter.php(361): CodeIgniter\CodeIgniter->handleRequest()
#10 /home/aluno/Downloads/j/ds1-2024/bimestre1/trabalho-codeigniter4/public/index.php(79): CodeIgniter\CodeIgniter->run()
#11 /home/aluno/Downloads/j/ds1-2024/bimestre1/trabalho-codeigniter4/system/Commands/Server/rewrite.php(47): require_once('...')
#12 {main}

Next CodeIgniter\Database\Exceptions\DatabaseException: Access denied for user ''@'localhost' (using password: NO) in /home/aluno/Downloads/j/ds1-2024/bimestre1/trabalho-codeigniter4/system/Database/MySQLi/Connection.php:229
Stack trace:
#0 /home/aluno/Downloads/j/ds1-2024/bimestre1/trabalho-codeigniter4/system/Database/BaseConnection.php(392): CodeIgniter\Database\MySQLi\Connection->connect()
#1 /home/aluno/Downloads/j/ds1-2024/bimestre1/trabalho-codeigniter4/system/Database/BaseConnection.php(575): CodeIgniter\Database\BaseConnection->initialize()
#2 /home/aluno/Downloads/j/ds1-2024/bimestre1/trabalho-codeigniter4/system/Database/BaseBuilder.php(1616): CodeIgniter\Database\BaseConnection->query()
#3 /home/aluno/Downloads/j/ds1-2024/bimestre1/trabalho-codeigniter4/system/Model.php(243): CodeIgniter\Database\BaseBuilder->get()
#4 /home/aluno/Downloads/j/ds1-2024/bimestre1/trabalho-codeigniter4/system/BaseModel.php(638): CodeIgniter\Model->doFindAll()
#5 /home/aluno/Downloads/j/ds1-2024/bimestre1/trabalho-codeigniter4/app/Controllers/Home.php(13): CodeIgniter\BaseModel->findAll()
#6 /home/aluno/Downloads/j/ds1-2024/bimestre1/trabalho-codeigniter4/system/CodeIgniter.php(943): App\Controllers\Home->index()
#7 /home/aluno/Downloads/j/ds1-2024/bimestre1/trabalho-codeigniter4/system/CodeIgniter.php(503): CodeIgniter\CodeIgniter->runController()
#8 /home/aluno/Downloads/j/ds1-2024/bimestre1/trabalho-codeigniter4/system/CodeIgniter.php(361): CodeIgniter\CodeIgniter->handleRequest()
#9 /home/aluno/Downloads/j/ds1-2024/bimestre1/trabalho-codeigniter4/public/index.php(79): CodeIgniter\CodeIgniter->run()
#10 /home/aluno/Downloads/j/ds1-2024/bimestre1/trabalho-codeigniter4/system/Commands/Server/rewrite.php(47): require_once('...')
#11 {main}
CRITICAL - 2024-04-02 19:37:11 --> CodeIgniter\Database\Exceptions\DatabaseException: Unable to connect to the database.
Main connection [MySQLi]: Access denied for user ''@'localhost' (using password: NO)
in SYSTEMPATH/Database/BaseConnection.php on line 428.
 1 SYSTEMPATH/Database/BaseConnection.php(575): CodeIgniter\Database\BaseConnection->initialize()
 2 SYSTEMPATH/Database/BaseBuilder.php(1616): CodeIgniter\Database\BaseConnection->query()
 3 SYSTEMPATH/Model.php(243): CodeIgniter\Database\BaseBuilder->get()
 4 SYSTEMPATH/BaseModel.php(638): CodeIgniter\Model->doFindAll()
 5 APPPATH/Controllers/Home.php(13): CodeIgniter\BaseModel->findAll()
 6 SYSTEMPATH/CodeIgniter.php(943): App\Controllers\Home->index()
 7 SYSTEMPATH/CodeIgniter.php(503): CodeIgniter\CodeIgniter->runController()
 8 SYSTEMPATH/CodeIgniter.php(361): CodeIgniter\CodeIgniter->handleRequest()
 9 FCPATH/index.php(79): CodeIgniter\CodeIgniter->run()
10 SYSTEMPATH/Commands/Server/rewrite.php(47): require_once('/home/aluno/Downloads/j/ds1-2024/bimestre1/trabalho-codeigniter4/public/index.php')
ERROR - 2024-04-02 19:38:05 --> Error connecting to the database: mysqli_sql_exception: Access denied for user ''@'localhost' (using password: NO) in /home/aluno/Downloads/j/ds1-2024/bimestre1/trabalho-codeigniter4/system/Database/MySQLi/Connection.php:185
Stack trace:
#0 /home/aluno/Downloads/j/ds1-2024/bimestre1/trabalho-codeigniter4/system/Database/MySQLi/Connection.php(185): mysqli->real_connect()
#1 /home/aluno/Downloads/j/ds1-2024/bimestre1/trabalho-codeigniter4/system/Database/BaseConnection.php(392): CodeIgniter\Database\MySQLi\Connection->connect()
#2 /home/aluno/Downloads/j/ds1-2024/bimestre1/trabalho-codeigniter4/system/Database/BaseConnection.php(575): CodeIgniter\Database\BaseConnection->initialize()
#3 /home/aluno/Downloads/j/ds1-2024/bimestre1/trabalho-codeigniter4/system/Database/BaseBuilder.php(1616): CodeIgniter\Database\BaseConnection->query()
#4 /home/aluno/Downloads/j/ds1-2024/bimestre1/trabalho-codeigniter4/system/Model.php(243): CodeIgniter\Database\BaseBuilder->get()
#5 /home/aluno/Downloads/j/ds1-2024/bimestre1/trabalho-codeigniter4/system/BaseModel.php(638): CodeIgniter\Model->doFindAll()
#6 /home/aluno/Downloads/j/ds1-2024/bimestre1/trabalho-codeigniter4/app/Controllers/Home.php(13): CodeIgniter\BaseModel->findAll()
#7 /home/aluno/Downloads/j/ds1-2024/bimestre1/trabalho-codeigniter4/system/CodeIgniter.php(943): App\Controllers\Home->index()
#8 /home/aluno/Downloads/j/ds1-2024/bimestre1/trabalho-codeigniter4/system/CodeIgniter.php(503): CodeIgniter\CodeIgniter->runController()
#9 /home/aluno/Downloads/j/ds1-2024/bimestre1/trabalho-codeigniter4/system/CodeIgniter.php(361): CodeIgniter\CodeIgniter->handleRequest()
#10 /home/aluno/Downloads/j/ds1-2024/bimestre1/trabalho-codeigniter4/public/index.php(79): CodeIgniter\CodeIgniter->run()
#11 /home/aluno/Downloads/j/ds1-2024/bimestre1/trabalho-codeigniter4/system/Commands/Server/rewrite.php(47): require_once('...')
#12 {main}

Next CodeIgniter\Database\Exceptions\DatabaseException: Access denied for user ''@'localhost' (using password: NO) in /home/aluno/Downloads/j/ds1-2024/bimestre1/trabalho-codeigniter4/system/Database/MySQLi/Connection.php:229
Stack trace:
#0 /home/aluno/Downloads/j/ds1-2024/bimestre1/trabalho-codeigniter4/system/Database/BaseConnection.php(392): CodeIgniter\Database\MySQLi\Connection->connect()
#1 /home/aluno/Downloads/j/ds1-2024/bimestre1/trabalho-codeigniter4/system/Database/BaseConnection.php(575): CodeIgniter\Database\BaseConnection->initialize()
#2 /home/aluno/Downloads/j/ds1-2024/bimestre1/trabalho-codeigniter4/system/Database/BaseBuilder.php(1616): CodeIgniter\Database\BaseConnection->query()
#3 /home/aluno/Downloads/j/ds1-2024/bimestre1/trabalho-codeigniter4/system/Model.php(243): CodeIgniter\Database\BaseBuilder->get()
#4 /home/aluno/Downloads/j/ds1-2024/bimestre1/trabalho-codeigniter4/system/BaseModel.php(638): CodeIgniter\Model->doFindAll()
#5 /home/aluno/Downloads/j/ds1-2024/bimestre1/trabalho-codeigniter4/app/Controllers/Home.php(13): CodeIgniter\BaseModel->findAll()
#6 /home/aluno/Downloads/j/ds1-2024/bimestre1/trabalho-codeigniter4/system/CodeIgniter.php(943): App\Controllers\Home->index()
#7 /home/aluno/Downloads/j/ds1-2024/bimestre1/trabalho-codeigniter4/system/CodeIgniter.php(503): CodeIgniter\CodeIgniter->runController()
#8 /home/aluno/Downloads/j/ds1-2024/bimestre1/trabalho-codeigniter4/system/CodeIgniter.php(361): CodeIgniter\CodeIgniter->handleRequest()
#9 /home/aluno/Downloads/j/ds1-2024/bimestre1/trabalho-codeigniter4/public/index.php(79): CodeIgniter\CodeIgniter->run()
#10 /home/aluno/Downloads/j/ds1-2024/bimestre1/trabalho-codeigniter4/system/Commands/Server/rewrite.php(47): require_once('...')
#11 {main}
CRITICAL - 2024-04-02 19:38:05 --> CodeIgniter\Database\Exceptions\DatabaseException: Unable to connect to the database.
Main connection [MySQLi]: Access denied for user ''@'localhost' (using password: NO)
in SYSTEMPATH/Database/BaseConnection.php on line 428.
 1 SYSTEMPATH/Database/BaseConnection.php(575): CodeIgniter\Database\BaseConnection->initialize()
 2 SYSTEMPATH/Database/BaseBuilder.php(1616): CodeIgniter\Database\BaseConnection->query()
 3 SYSTEMPATH/Model.php(243): CodeIgniter\Database\BaseBuilder->get()
 4 SYSTEMPATH/BaseModel.php(638): CodeIgniter\Model->doFindAll()
 5 APPPATH/Controllers/Home.php(13): CodeIgniter\BaseModel->findAll()
 6 SYSTEMPATH/CodeIgniter.php(943): App\Controllers\Home->index()
 7 SYSTEMPATH/CodeIgniter.php(503): CodeIgniter\CodeIgniter->runController()
 8 SYSTEMPATH/CodeIgniter.php(361): CodeIgniter\CodeIgniter->handleRequest()
 9 FCPATH/index.php(79): CodeIgniter\CodeIgniter->run()
10 SYSTEMPATH/Commands/Server/rewrite.php(47): require_once('/home/aluno/Downloads/j/ds1-2024/bimestre1/trabalho-codeigniter4/public/index.php')
