ERROR - 2024-07-15 22:46:29 --> Error connecting to the database: mysqli_sql_exception: No connection could be made because the target machine actively refused it in D:\Documents\git\ds1-2024\bimestre1\trabalho-codeigniter4\system\Database\MySQLi\Connection.php:186
Stack trace:
#0 D:\Documents\git\ds1-2024\bimestre1\trabalho-codeigniter4\system\Database\MySQLi\Connection.php(186): mysqli->real_connect()
#1 D:\Documents\git\ds1-2024\bimestre1\trabalho-codeigniter4\system\Database\BaseConnection.php(421): CodeIgniter\Database\MySQLi\Connection->connect()
#2 D:\Documents\git\ds1-2024\bimestre1\trabalho-codeigniter4\system\Database\BaseConnection.php(616): CodeIgniter\Database\BaseConnection->initialize()
#3 D:\Documents\git\ds1-2024\bimestre1\trabalho-codeigniter4\system\Database\BaseBuilder.php(1636): CodeIgniter\Database\BaseConnection->query()
#4 D:\Documents\git\ds1-2024\bimestre1\trabalho-codeigniter4\system\Model.php(286): CodeIgniter\Database\BaseBuilder->get()
#5 D:\Documents\git\ds1-2024\bimestre1\trabalho-codeigniter4\system\BaseModel.php(676): CodeIgniter\Model->doFindAll()
#6 D:\Documents\git\ds1-2024\bimestre1\trabalho-codeigniter4\app\Controllers\Home.php(13): CodeIgniter\BaseModel->findAll()
#7 D:\Documents\git\ds1-2024\bimestre1\trabalho-codeigniter4\system\CodeIgniter.php(933): App\Controllers\Home->index()
#8 D:\Documents\git\ds1-2024\bimestre1\trabalho-codeigniter4\system\CodeIgniter.php(509): CodeIgniter\CodeIgniter->runController()
#9 D:\Documents\git\ds1-2024\bimestre1\trabalho-codeigniter4\system\CodeIgniter.php(355): CodeIgniter\CodeIgniter->handleRequest()
#10 D:\Documents\git\ds1-2024\bimestre1\trabalho-codeigniter4\system\Boot.php(325): CodeIgniter\CodeIgniter->run()
#11 D:\Documents\git\ds1-2024\bimestre1\trabalho-codeigniter4\system\Boot.php(67): CodeIgniter\Boot::runCodeIgniter()
#12 D:\Documents\git\ds1-2024\bimestre1\trabalho-codeigniter4\public\index.php(56): CodeIgniter\Boot::bootWeb()
#13 D:\Documents\git\ds1-2024\bimestre1\trabalho-codeigniter4\system\rewrite.php(44): require_once('...')
#14 {main}

Next CodeIgniter\Database\Exceptions\DatabaseException: No connection could be made because the target machine actively refused it in D:\Documents\git\ds1-2024\bimestre1\trabalho-codeigniter4\system\Database\MySQLi\Connection.php:231
Stack trace:
#0 D:\Documents\git\ds1-2024\bimestre1\trabalho-codeigniter4\system\Database\BaseConnection.php(421): CodeIgniter\Database\MySQLi\Connection->connect()
#1 D:\Documents\git\ds1-2024\bimestre1\trabalho-codeigniter4\system\Database\BaseConnection.php(616): CodeIgniter\Database\BaseConnection->initialize()
#2 D:\Documents\git\ds1-2024\bimestre1\trabalho-codeigniter4\system\Database\BaseBuilder.php(1636): CodeIgniter\Database\BaseConnection->query()
#3 D:\Documents\git\ds1-2024\bimestre1\trabalho-codeigniter4\system\Model.php(286): CodeIgniter\Database\BaseBuilder->get()
#4 D:\Documents\git\ds1-2024\bimestre1\trabalho-codeigniter4\system\BaseModel.php(676): CodeIgniter\Model->doFindAll()
#5 D:\Documents\git\ds1-2024\bimestre1\trabalho-codeigniter4\app\Controllers\Home.php(13): CodeIgniter\BaseModel->findAll()
#6 D:\Documents\git\ds1-2024\bimestre1\trabalho-codeigniter4\system\CodeIgniter.php(933): App\Controllers\Home->index()
#7 D:\Documents\git\ds1-2024\bimestre1\trabalho-codeigniter4\system\CodeIgniter.php(509): CodeIgniter\CodeIgniter->runController()
#8 D:\Documents\git\ds1-2024\bimestre1\trabalho-codeigniter4\system\CodeIgniter.php(355): CodeIgniter\CodeIgniter->handleRequest()
#9 D:\Documents\git\ds1-2024\bimestre1\trabalho-codeigniter4\system\Boot.php(325): CodeIgniter\CodeIgniter->run()
#10 D:\Documents\git\ds1-2024\bimestre1\trabalho-codeigniter4\system\Boot.php(67): CodeIgniter\Boot::runCodeIgniter()
#11 D:\Documents\git\ds1-2024\bimestre1\trabalho-codeigniter4\public\index.php(56): CodeIgniter\Boot::bootWeb()
#12 D:\Documents\git\ds1-2024\bimestre1\trabalho-codeigniter4\system\rewrite.php(44): require_once('...')
#13 {main}
CRITICAL - 2024-07-15 22:46:29 --> CodeIgniter\Database\Exceptions\DatabaseException: Unable to connect to the database.
Main connection [MySQLi]: No connection could be made because the target machine actively refused it
[Method: GET, Route: /]
in SYSTEMPATH\Database\BaseConnection.php on line 467.
 1 SYSTEMPATH\Database\BaseConnection.php(616): CodeIgniter\Database\BaseConnection->initialize()
 2 SYSTEMPATH\Database\BaseBuilder.php(1636): CodeIgniter\Database\BaseConnection->query()
 3 SYSTEMPATH\Model.php(286): CodeIgniter\Database\BaseBuilder->get()
 4 SYSTEMPATH\BaseModel.php(676): CodeIgniter\Model->doFindAll()
 5 APPPATH\Controllers\Home.php(13): CodeIgniter\BaseModel->findAll()
 6 SYSTEMPATH\CodeIgniter.php(933): App\Controllers\Home->index()
 7 SYSTEMPATH\CodeIgniter.php(509): CodeIgniter\CodeIgniter->runController()
 8 SYSTEMPATH\CodeIgniter.php(355): CodeIgniter\CodeIgniter->handleRequest()
 9 SYSTEMPATH\Boot.php(325): CodeIgniter\CodeIgniter->run()
10 SYSTEMPATH\Boot.php(67): CodeIgniter\Boot::runCodeIgniter()
11 FCPATH\index.php(56): CodeIgniter\Boot::bootWeb()
12 SYSTEMPATH\rewrite.php(44): require_once('D:\\Documents\\git\\ds1-2024\\bimestre1\\trabalho-codeigniter4\\public\\index.php')
ERROR - 2024-07-15 22:48:18 --> Error connecting to the database: mysqli_sql_exception: Access denied for user 'root'@'localhost' (using password: YES) in D:\Documents\git\ds1-2024\bimestre1\trabalho-codeigniter4\system\Database\MySQLi\Connection.php:186
Stack trace:
#0 D:\Documents\git\ds1-2024\bimestre1\trabalho-codeigniter4\system\Database\MySQLi\Connection.php(186): mysqli->real_connect()
#1 D:\Documents\git\ds1-2024\bimestre1\trabalho-codeigniter4\system\Database\BaseConnection.php(421): CodeIgniter\Database\MySQLi\Connection->connect()
#2 D:\Documents\git\ds1-2024\bimestre1\trabalho-codeigniter4\system\Database\BaseConnection.php(616): CodeIgniter\Database\BaseConnection->initialize()
#3 D:\Documents\git\ds1-2024\bimestre1\trabalho-codeigniter4\system\Database\BaseBuilder.php(1636): CodeIgniter\Database\BaseConnection->query()
#4 D:\Documents\git\ds1-2024\bimestre1\trabalho-codeigniter4\system\Model.php(286): CodeIgniter\Database\BaseBuilder->get()
#5 D:\Documents\git\ds1-2024\bimestre1\trabalho-codeigniter4\system\BaseModel.php(676): CodeIgniter\Model->doFindAll()
#6 D:\Documents\git\ds1-2024\bimestre1\trabalho-codeigniter4\app\Controllers\Home.php(13): CodeIgniter\BaseModel->findAll()
#7 D:\Documents\git\ds1-2024\bimestre1\trabalho-codeigniter4\system\CodeIgniter.php(933): App\Controllers\Home->index()
#8 D:\Documents\git\ds1-2024\bimestre1\trabalho-codeigniter4\system\CodeIgniter.php(509): CodeIgniter\CodeIgniter->runController()
#9 D:\Documents\git\ds1-2024\bimestre1\trabalho-codeigniter4\system\CodeIgniter.php(355): CodeIgniter\CodeIgniter->handleRequest()
#10 D:\Documents\git\ds1-2024\bimestre1\trabalho-codeigniter4\system\Boot.php(325): CodeIgniter\CodeIgniter->run()
#11 D:\Documents\git\ds1-2024\bimestre1\trabalho-codeigniter4\system\Boot.php(67): CodeIgniter\Boot::runCodeIgniter()
#12 D:\Documents\git\ds1-2024\bimestre1\trabalho-codeigniter4\public\index.php(56): CodeIgniter\Boot::bootWeb()
#13 D:\Documents\git\ds1-2024\bimestre1\trabalho-codeigniter4\system\rewrite.php(44): require_once('...')
#14 {main}

Next CodeIgniter\Database\Exceptions\DatabaseException: Access denied for user '****'@'localhost' (using password: YES) in D:\Documents\git\ds1-2024\bimestre1\trabalho-codeigniter4\system\Database\MySQLi\Connection.php:231
Stack trace:
#0 D:\Documents\git\ds1-2024\bimestre1\trabalho-codeigniter4\system\Database\BaseConnection.php(421): CodeIgniter\Database\MySQLi\Connection->connect()
#1 D:\Documents\git\ds1-2024\bimestre1\trabalho-codeigniter4\system\Database\BaseConnection.php(616): CodeIgniter\Database\BaseConnection->initialize()
#2 D:\Documents\git\ds1-2024\bimestre1\trabalho-codeigniter4\system\Database\BaseBuilder.php(1636): CodeIgniter\Database\BaseConnection->query()
#3 D:\Documents\git\ds1-2024\bimestre1\trabalho-codeigniter4\system\Model.php(286): CodeIgniter\Database\BaseBuilder->get()
#4 D:\Documents\git\ds1-2024\bimestre1\trabalho-codeigniter4\system\BaseModel.php(676): CodeIgniter\Model->doFindAll()
#5 D:\Documents\git\ds1-2024\bimestre1\trabalho-codeigniter4\app\Controllers\Home.php(13): CodeIgniter\BaseModel->findAll()
#6 D:\Documents\git\ds1-2024\bimestre1\trabalho-codeigniter4\system\CodeIgniter.php(933): App\Controllers\Home->index()
#7 D:\Documents\git\ds1-2024\bimestre1\trabalho-codeigniter4\system\CodeIgniter.php(509): CodeIgniter\CodeIgniter->runController()
#8 D:\Documents\git\ds1-2024\bimestre1\trabalho-codeigniter4\system\CodeIgniter.php(355): CodeIgniter\CodeIgniter->handleRequest()
#9 D:\Documents\git\ds1-2024\bimestre1\trabalho-codeigniter4\system\Boot.php(325): CodeIgniter\CodeIgniter->run()
#10 D:\Documents\git\ds1-2024\bimestre1\trabalho-codeigniter4\system\Boot.php(67): CodeIgniter\Boot::runCodeIgniter()
#11 D:\Documents\git\ds1-2024\bimestre1\trabalho-codeigniter4\public\index.php(56): CodeIgniter\Boot::bootWeb()
#12 D:\Documents\git\ds1-2024\bimestre1\trabalho-codeigniter4\system\rewrite.php(44): require_once('...')
#13 {main}
CRITICAL - 2024-07-15 22:48:18 --> CodeIgniter\Database\Exceptions\DatabaseException: Unable to connect to the database.
Main connection [MySQLi]: Access denied for user '****'@'localhost' (using password: YES)
[Method: GET, Route: /]
in SYSTEMPATH\Database\BaseConnection.php on line 467.
 1 SYSTEMPATH\Database\BaseConnection.php(616): CodeIgniter\Database\BaseConnection->initialize()
 2 SYSTEMPATH\Database\BaseBuilder.php(1636): CodeIgniter\Database\BaseConnection->query()
 3 SYSTEMPATH\Model.php(286): CodeIgniter\Database\BaseBuilder->get()
 4 SYSTEMPATH\BaseModel.php(676): CodeIgniter\Model->doFindAll()
 5 APPPATH\Controllers\Home.php(13): CodeIgniter\BaseModel->findAll()
 6 SYSTEMPATH\CodeIgniter.php(933): App\Controllers\Home->index()
 7 SYSTEMPATH\CodeIgniter.php(509): CodeIgniter\CodeIgniter->runController()
 8 SYSTEMPATH\CodeIgniter.php(355): CodeIgniter\CodeIgniter->handleRequest()
 9 SYSTEMPATH\Boot.php(325): CodeIgniter\CodeIgniter->run()
10 SYSTEMPATH\Boot.php(67): CodeIgniter\Boot::runCodeIgniter()
11 FCPATH\index.php(56): CodeIgniter\Boot::bootWeb()
12 SYSTEMPATH\rewrite.php(44): require_once('D:\\Documents\\git\\ds1-2024\\bimestre1\\trabalho-codeigniter4\\public\\index.php')
ERROR - 2024-07-15 22:49:59 --> Error connecting to the database: mysqli_sql_exception: Access denied for user 'root'@'localhost' (using password: YES) in D:\Documents\git\ds1-2024\bimestre1\trabalho-codeigniter4\system\Database\MySQLi\Connection.php:186
Stack trace:
#0 D:\Documents\git\ds1-2024\bimestre1\trabalho-codeigniter4\system\Database\MySQLi\Connection.php(186): mysqli->real_connect()
#1 D:\Documents\git\ds1-2024\bimestre1\trabalho-codeigniter4\system\Database\BaseConnection.php(421): CodeIgniter\Database\MySQLi\Connection->connect()
#2 D:\Documents\git\ds1-2024\bimestre1\trabalho-codeigniter4\system\Database\BaseConnection.php(616): CodeIgniter\Database\BaseConnection->initialize()
#3 D:\Documents\git\ds1-2024\bimestre1\trabalho-codeigniter4\system\Database\BaseBuilder.php(1636): CodeIgniter\Database\BaseConnection->query()
#4 D:\Documents\git\ds1-2024\bimestre1\trabalho-codeigniter4\system\Model.php(286): CodeIgniter\Database\BaseBuilder->get()
#5 D:\Documents\git\ds1-2024\bimestre1\trabalho-codeigniter4\system\BaseModel.php(676): CodeIgniter\Model->doFindAll()
#6 D:\Documents\git\ds1-2024\bimestre1\trabalho-codeigniter4\app\Controllers\Home.php(13): CodeIgniter\BaseModel->findAll()
#7 D:\Documents\git\ds1-2024\bimestre1\trabalho-codeigniter4\system\CodeIgniter.php(933): App\Controllers\Home->index()
#8 D:\Documents\git\ds1-2024\bimestre1\trabalho-codeigniter4\system\CodeIgniter.php(509): CodeIgniter\CodeIgniter->runController()
#9 D:\Documents\git\ds1-2024\bimestre1\trabalho-codeigniter4\system\CodeIgniter.php(355): CodeIgniter\CodeIgniter->handleRequest()
#10 D:\Documents\git\ds1-2024\bimestre1\trabalho-codeigniter4\system\Boot.php(325): CodeIgniter\CodeIgniter->run()
#11 D:\Documents\git\ds1-2024\bimestre1\trabalho-codeigniter4\system\Boot.php(67): CodeIgniter\Boot::runCodeIgniter()
#12 D:\Documents\git\ds1-2024\bimestre1\trabalho-codeigniter4\public\index.php(56): CodeIgniter\Boot::bootWeb()
#13 D:\Documents\git\ds1-2024\bimestre1\trabalho-codeigniter4\system\rewrite.php(44): require_once('...')
#14 {main}

Next CodeIgniter\Database\Exceptions\DatabaseException: Access denied for user '****'@'localhost' (using password: YES) in D:\Documents\git\ds1-2024\bimestre1\trabalho-codeigniter4\system\Database\MySQLi\Connection.php:231
Stack trace:
#0 D:\Documents\git\ds1-2024\bimestre1\trabalho-codeigniter4\system\Database\BaseConnection.php(421): CodeIgniter\Database\MySQLi\Connection->connect()
#1 D:\Documents\git\ds1-2024\bimestre1\trabalho-codeigniter4\system\Database\BaseConnection.php(616): CodeIgniter\Database\BaseConnection->initialize()
#2 D:\Documents\git\ds1-2024\bimestre1\trabalho-codeigniter4\system\Database\BaseBuilder.php(1636): CodeIgniter\Database\BaseConnection->query()
#3 D:\Documents\git\ds1-2024\bimestre1\trabalho-codeigniter4\system\Model.php(286): CodeIgniter\Database\BaseBuilder->get()
#4 D:\Documents\git\ds1-2024\bimestre1\trabalho-codeigniter4\system\BaseModel.php(676): CodeIgniter\Model->doFindAll()
#5 D:\Documents\git\ds1-2024\bimestre1\trabalho-codeigniter4\app\Controllers\Home.php(13): CodeIgniter\BaseModel->findAll()
#6 D:\Documents\git\ds1-2024\bimestre1\trabalho-codeigniter4\system\CodeIgniter.php(933): App\Controllers\Home->index()
#7 D:\Documents\git\ds1-2024\bimestre1\trabalho-codeigniter4\system\CodeIgniter.php(509): CodeIgniter\CodeIgniter->runController()
#8 D:\Documents\git\ds1-2024\bimestre1\trabalho-codeigniter4\system\CodeIgniter.php(355): CodeIgniter\CodeIgniter->handleRequest()
#9 D:\Documents\git\ds1-2024\bimestre1\trabalho-codeigniter4\system\Boot.php(325): CodeIgniter\CodeIgniter->run()
#10 D:\Documents\git\ds1-2024\bimestre1\trabalho-codeigniter4\system\Boot.php(67): CodeIgniter\Boot::runCodeIgniter()
#11 D:\Documents\git\ds1-2024\bimestre1\trabalho-codeigniter4\public\index.php(56): CodeIgniter\Boot::bootWeb()
#12 D:\Documents\git\ds1-2024\bimestre1\trabalho-codeigniter4\system\rewrite.php(44): require_once('...')
#13 {main}
CRITICAL - 2024-07-15 22:49:59 --> CodeIgniter\Database\Exceptions\DatabaseException: Unable to connect to the database.
Main connection [MySQLi]: Access denied for user '****'@'localhost' (using password: YES)
[Method: GET, Route: /]
in SYSTEMPATH\Database\BaseConnection.php on line 467.
 1 SYSTEMPATH\Database\BaseConnection.php(616): CodeIgniter\Database\BaseConnection->initialize()
 2 SYSTEMPATH\Database\BaseBuilder.php(1636): CodeIgniter\Database\BaseConnection->query()
 3 SYSTEMPATH\Model.php(286): CodeIgniter\Database\BaseBuilder->get()
 4 SYSTEMPATH\BaseModel.php(676): CodeIgniter\Model->doFindAll()
 5 APPPATH\Controllers\Home.php(13): CodeIgniter\BaseModel->findAll()
 6 SYSTEMPATH\CodeIgniter.php(933): App\Controllers\Home->index()
 7 SYSTEMPATH\CodeIgniter.php(509): CodeIgniter\CodeIgniter->runController()
 8 SYSTEMPATH\CodeIgniter.php(355): CodeIgniter\CodeIgniter->handleRequest()
 9 SYSTEMPATH\Boot.php(325): CodeIgniter\CodeIgniter->run()
10 SYSTEMPATH\Boot.php(67): CodeIgniter\Boot::runCodeIgniter()
11 FCPATH\index.php(56): CodeIgniter\Boot::bootWeb()
12 SYSTEMPATH\rewrite.php(44): require_once('D:\\Documents\\git\\ds1-2024\\bimestre1\\trabalho-codeigniter4\\public\\index.php')
ERROR - 2024-07-15 22:50:03 --> Error connecting to the database: mysqli_sql_exception: Access denied for user 'root'@'localhost' (using password: YES) in D:\Documents\git\ds1-2024\bimestre1\trabalho-codeigniter4\system\Database\MySQLi\Connection.php:186
Stack trace:
#0 D:\Documents\git\ds1-2024\bimestre1\trabalho-codeigniter4\system\Database\MySQLi\Connection.php(186): mysqli->real_connect()
#1 D:\Documents\git\ds1-2024\bimestre1\trabalho-codeigniter4\system\Database\BaseConnection.php(421): CodeIgniter\Database\MySQLi\Connection->connect()
#2 D:\Documents\git\ds1-2024\bimestre1\trabalho-codeigniter4\system\Database\BaseConnection.php(616): CodeIgniter\Database\BaseConnection->initialize()
#3 D:\Documents\git\ds1-2024\bimestre1\trabalho-codeigniter4\system\Database\BaseBuilder.php(1636): CodeIgniter\Database\BaseConnection->query()
#4 D:\Documents\git\ds1-2024\bimestre1\trabalho-codeigniter4\system\Model.php(286): CodeIgniter\Database\BaseBuilder->get()
#5 D:\Documents\git\ds1-2024\bimestre1\trabalho-codeigniter4\system\BaseModel.php(676): CodeIgniter\Model->doFindAll()
#6 D:\Documents\git\ds1-2024\bimestre1\trabalho-codeigniter4\app\Controllers\Home.php(13): CodeIgniter\BaseModel->findAll()
#7 D:\Documents\git\ds1-2024\bimestre1\trabalho-codeigniter4\system\CodeIgniter.php(933): App\Controllers\Home->index()
#8 D:\Documents\git\ds1-2024\bimestre1\trabalho-codeigniter4\system\CodeIgniter.php(509): CodeIgniter\CodeIgniter->runController()
#9 D:\Documents\git\ds1-2024\bimestre1\trabalho-codeigniter4\system\CodeIgniter.php(355): CodeIgniter\CodeIgniter->handleRequest()
#10 D:\Documents\git\ds1-2024\bimestre1\trabalho-codeigniter4\system\Boot.php(325): CodeIgniter\CodeIgniter->run()
#11 D:\Documents\git\ds1-2024\bimestre1\trabalho-codeigniter4\system\Boot.php(67): CodeIgniter\Boot::runCodeIgniter()
#12 D:\Documents\git\ds1-2024\bimestre1\trabalho-codeigniter4\public\index.php(56): CodeIgniter\Boot::bootWeb()
#13 D:\Documents\git\ds1-2024\bimestre1\trabalho-codeigniter4\system\rewrite.php(44): require_once('...')
#14 {main}

Next CodeIgniter\Database\Exceptions\DatabaseException: Access denied for user '****'@'localhost' (using password: YES) in D:\Documents\git\ds1-2024\bimestre1\trabalho-codeigniter4\system\Database\MySQLi\Connection.php:231
Stack trace:
#0 D:\Documents\git\ds1-2024\bimestre1\trabalho-codeigniter4\system\Database\BaseConnection.php(421): CodeIgniter\Database\MySQLi\Connection->connect()
#1 D:\Documents\git\ds1-2024\bimestre1\trabalho-codeigniter4\system\Database\BaseConnection.php(616): CodeIgniter\Database\BaseConnection->initialize()
#2 D:\Documents\git\ds1-2024\bimestre1\trabalho-codeigniter4\system\Database\BaseBuilder.php(1636): CodeIgniter\Database\BaseConnection->query()
#3 D:\Documents\git\ds1-2024\bimestre1\trabalho-codeigniter4\system\Model.php(286): CodeIgniter\Database\BaseBuilder->get()
#4 D:\Documents\git\ds1-2024\bimestre1\trabalho-codeigniter4\system\BaseModel.php(676): CodeIgniter\Model->doFindAll()
#5 D:\Documents\git\ds1-2024\bimestre1\trabalho-codeigniter4\app\Controllers\Home.php(13): CodeIgniter\BaseModel->findAll()
#6 D:\Documents\git\ds1-2024\bimestre1\trabalho-codeigniter4\system\CodeIgniter.php(933): App\Controllers\Home->index()
#7 D:\Documents\git\ds1-2024\bimestre1\trabalho-codeigniter4\system\CodeIgniter.php(509): CodeIgniter\CodeIgniter->runController()
#8 D:\Documents\git\ds1-2024\bimestre1\trabalho-codeigniter4\system\CodeIgniter.php(355): CodeIgniter\CodeIgniter->handleRequest()
#9 D:\Documents\git\ds1-2024\bimestre1\trabalho-codeigniter4\system\Boot.php(325): CodeIgniter\CodeIgniter->run()
#10 D:\Documents\git\ds1-2024\bimestre1\trabalho-codeigniter4\system\Boot.php(67): CodeIgniter\Boot::runCodeIgniter()
#11 D:\Documents\git\ds1-2024\bimestre1\trabalho-codeigniter4\public\index.php(56): CodeIgniter\Boot::bootWeb()
#12 D:\Documents\git\ds1-2024\bimestre1\trabalho-codeigniter4\system\rewrite.php(44): require_once('...')
#13 {main}
CRITICAL - 2024-07-15 22:50:03 --> CodeIgniter\Database\Exceptions\DatabaseException: Unable to connect to the database.
Main connection [MySQLi]: Access denied for user '****'@'localhost' (using password: YES)
[Method: GET, Route: /]
in SYSTEMPATH\Database\BaseConnection.php on line 467.
 1 SYSTEMPATH\Database\BaseConnection.php(616): CodeIgniter\Database\BaseConnection->initialize()
 2 SYSTEMPATH\Database\BaseBuilder.php(1636): CodeIgniter\Database\BaseConnection->query()
 3 SYSTEMPATH\Model.php(286): CodeIgniter\Database\BaseBuilder->get()
 4 SYSTEMPATH\BaseModel.php(676): CodeIgniter\Model->doFindAll()
 5 APPPATH\Controllers\Home.php(13): CodeIgniter\BaseModel->findAll()
 6 SYSTEMPATH\CodeIgniter.php(933): App\Controllers\Home->index()
 7 SYSTEMPATH\CodeIgniter.php(509): CodeIgniter\CodeIgniter->runController()
 8 SYSTEMPATH\CodeIgniter.php(355): CodeIgniter\CodeIgniter->handleRequest()
 9 SYSTEMPATH\Boot.php(325): CodeIgniter\CodeIgniter->run()
10 SYSTEMPATH\Boot.php(67): CodeIgniter\Boot::runCodeIgniter()
11 FCPATH\index.php(56): CodeIgniter\Boot::bootWeb()
12 SYSTEMPATH\rewrite.php(44): require_once('D:\\Documents\\git\\ds1-2024\\bimestre1\\trabalho-codeigniter4\\public\\index.php')
