CRITICAL - 2024-07-02 17:35:12 --> ErrorException: Undefined variable $result
[Method: GET, Route: /]
in APPPATH/Views/index.php on line 45.
 1 APPPATH/Views/index.php(45): CodeIgniter\Debug\Exceptions->errorHandler()
 2 SYSTEMPATH/View/View.php(234): include('/home/aluno/Downloads/j/ci4/app/Views/index.php')
 3 SYSTEMPATH/View/View.php(237): CodeIgniter\View\View->CodeIgniter\View\{closure}()
 4 SYSTEMPATH/Common.php(1171): CodeIgniter\View\View->render()
 5 APPPATH/Controllers/Home.php(9): view()
 6 SYSTEMPATH/CodeIgniter.php(933): App\Controllers\Home->index()
 7 SYSTEMPATH/CodeIgniter.php(509): CodeIgniter\CodeIgniter->runController()
 8 SYSTEMPATH/CodeIgniter.php(355): CodeIgniter\CodeIgniter->handleRequest()
 9 SYSTEMPATH/Boot.php(325): CodeIgniter\CodeIgniter->run()
10 SYSTEMPATH/Boot.php(67): CodeIgniter\Boot::runCodeIgniter()
11 FCPATH/index.php(56): CodeIgniter\Boot::bootWeb()
12 SYSTEMPATH/rewrite.php(44): require_once('/home/aluno/Downloads/j/ci4/public/index.php')
CRITICAL - 2024-07-02 17:35:13 --> ErrorException: Undefined variable $result
[Method: GET, Route: /]
in APPPATH/Views/index.php on line 45.
 1 APPPATH/Views/index.php(45): CodeIgniter\Debug\Exceptions->errorHandler()
 2 SYSTEMPATH/View/View.php(234): include('/home/aluno/Downloads/j/ci4/app/Views/index.php')
 3 SYSTEMPATH/View/View.php(237): CodeIgniter\View\View->CodeIgniter\View\{closure}()
 4 SYSTEMPATH/Common.php(1171): CodeIgniter\View\View->render()
 5 APPPATH/Controllers/Home.php(9): view()
 6 SYSTEMPATH/CodeIgniter.php(933): App\Controllers\Home->index()
 7 SYSTEMPATH/CodeIgniter.php(509): CodeIgniter\CodeIgniter->runController()
 8 SYSTEMPATH/CodeIgniter.php(355): CodeIgniter\CodeIgniter->handleRequest()
 9 SYSTEMPATH/Boot.php(325): CodeIgniter\CodeIgniter->run()
10 SYSTEMPATH/Boot.php(67): CodeIgniter\Boot::runCodeIgniter()
11 FCPATH/index.php(56): CodeIgniter\Boot::bootWeb()
12 SYSTEMPATH/rewrite.php(44): require_once('/home/aluno/Downloads/j/ci4/public/index.php')
CRITICAL - 2024-07-02 17:35:13 --> ErrorException: Undefined variable $result
[Method: GET, Route: /]
in APPPATH/Views/index.php on line 45.
 1 APPPATH/Views/index.php(45): CodeIgniter\Debug\Exceptions->errorHandler()
 2 SYSTEMPATH/View/View.php(234): include('/home/aluno/Downloads/j/ci4/app/Views/index.php')
 3 SYSTEMPATH/View/View.php(237): CodeIgniter\View\View->CodeIgniter\View\{closure}()
 4 SYSTEMPATH/Common.php(1171): CodeIgniter\View\View->render()
 5 APPPATH/Controllers/Home.php(9): view()
 6 SYSTEMPATH/CodeIgniter.php(933): App\Controllers\Home->index()
 7 SYSTEMPATH/CodeIgniter.php(509): CodeIgniter\CodeIgniter->runController()
 8 SYSTEMPATH/CodeIgniter.php(355): CodeIgniter\CodeIgniter->handleRequest()
 9 SYSTEMPATH/Boot.php(325): CodeIgniter\CodeIgniter->run()
10 SYSTEMPATH/Boot.php(67): CodeIgniter\Boot::runCodeIgniter()
11 FCPATH/index.php(56): CodeIgniter\Boot::bootWeb()
12 SYSTEMPATH/rewrite.php(44): require_once('/home/aluno/Downloads/j/ci4/public/index.php')
CRITICAL - 2024-07-02 17:35:14 --> ErrorException: Undefined variable $result
[Method: GET, Route: /]
in APPPATH/Views/index.php on line 45.
 1 APPPATH/Views/index.php(45): CodeIgniter\Debug\Exceptions->errorHandler()
 2 SYSTEMPATH/View/View.php(234): include('/home/aluno/Downloads/j/ci4/app/Views/index.php')
 3 SYSTEMPATH/View/View.php(237): CodeIgniter\View\View->CodeIgniter\View\{closure}()
 4 SYSTEMPATH/Common.php(1171): CodeIgniter\View\View->render()
 5 APPPATH/Controllers/Home.php(9): view()
 6 SYSTEMPATH/CodeIgniter.php(933): App\Controllers\Home->index()
 7 SYSTEMPATH/CodeIgniter.php(509): CodeIgniter\CodeIgniter->runController()
 8 SYSTEMPATH/CodeIgniter.php(355): CodeIgniter\CodeIgniter->handleRequest()
 9 SYSTEMPATH/Boot.php(325): CodeIgniter\CodeIgniter->run()
10 SYSTEMPATH/Boot.php(67): CodeIgniter\Boot::runCodeIgniter()
11 FCPATH/index.php(56): CodeIgniter\Boot::bootWeb()
12 SYSTEMPATH/rewrite.php(44): require_once('/home/aluno/Downloads/j/ci4/public/index.php')
CRITICAL - 2024-07-02 17:35:14 --> ErrorException: Undefined variable $result
[Method: GET, Route: /]
in APPPATH/Views/index.php on line 45.
 1 APPPATH/Views/index.php(45): CodeIgniter\Debug\Exceptions->errorHandler()
 2 SYSTEMPATH/View/View.php(234): include('/home/aluno/Downloads/j/ci4/app/Views/index.php')
 3 SYSTEMPATH/View/View.php(237): CodeIgniter\View\View->CodeIgniter\View\{closure}()
 4 SYSTEMPATH/Common.php(1171): CodeIgniter\View\View->render()
 5 APPPATH/Controllers/Home.php(9): view()
 6 SYSTEMPATH/CodeIgniter.php(933): App\Controllers\Home->index()
 7 SYSTEMPATH/CodeIgniter.php(509): CodeIgniter\CodeIgniter->runController()
 8 SYSTEMPATH/CodeIgniter.php(355): CodeIgniter\CodeIgniter->handleRequest()
 9 SYSTEMPATH/Boot.php(325): CodeIgniter\CodeIgniter->run()
10 SYSTEMPATH/Boot.php(67): CodeIgniter\Boot::runCodeIgniter()
11 FCPATH/index.php(56): CodeIgniter\Boot::bootWeb()
12 SYSTEMPATH/rewrite.php(44): require_once('/home/aluno/Downloads/j/ci4/public/index.php')
CRITICAL - 2024-07-02 17:35:29 --> Error: Class "App\Models\NerdsModel" not found
[Method: GET, Route: /]
in APPPATH/Controllers/Home.php on line 11.
 1 SYSTEMPATH/CodeIgniter.php(933): App\Controllers\Home->index()
 2 SYSTEMPATH/CodeIgniter.php(509): CodeIgniter\CodeIgniter->runController()
 3 SYSTEMPATH/CodeIgniter.php(355): CodeIgniter\CodeIgniter->handleRequest()
 4 SYSTEMPATH/Boot.php(325): CodeIgniter\CodeIgniter->run()
 5 SYSTEMPATH/Boot.php(67): CodeIgniter\Boot::runCodeIgniter()
 6 FCPATH/index.php(56): CodeIgniter\Boot::bootWeb()
 7 SYSTEMPATH/rewrite.php(44): require_once('/home/aluno/Downloads/j/ci4/public/index.php')
CRITICAL - 2024-07-02 17:35:29 --> Error: Class "App\Models\NerdsModel" not found
[Method: GET, Route: /]
in APPPATH/Controllers/Home.php on line 11.
 1 SYSTEMPATH/CodeIgniter.php(933): App\Controllers\Home->index()
 2 SYSTEMPATH/CodeIgniter.php(509): CodeIgniter\CodeIgniter->runController()
 3 SYSTEMPATH/CodeIgniter.php(355): CodeIgniter\CodeIgniter->handleRequest()
 4 SYSTEMPATH/Boot.php(325): CodeIgniter\CodeIgniter->run()
 5 SYSTEMPATH/Boot.php(67): CodeIgniter\Boot::runCodeIgniter()
 6 FCPATH/index.php(56): CodeIgniter\Boot::bootWeb()
 7 SYSTEMPATH/rewrite.php(44): require_once('/home/aluno/Downloads/j/ci4/public/index.php')
CRITICAL - 2024-07-02 17:35:29 --> Error: Class "App\Models\NerdsModel" not found
[Method: GET, Route: /]
in APPPATH/Controllers/Home.php on line 11.
 1 SYSTEMPATH/CodeIgniter.php(933): App\Controllers\Home->index()
 2 SYSTEMPATH/CodeIgniter.php(509): CodeIgniter\CodeIgniter->runController()
 3 SYSTEMPATH/CodeIgniter.php(355): CodeIgniter\CodeIgniter->handleRequest()
 4 SYSTEMPATH/Boot.php(325): CodeIgniter\CodeIgniter->run()
 5 SYSTEMPATH/Boot.php(67): CodeIgniter\Boot::runCodeIgniter()
 6 FCPATH/index.php(56): CodeIgniter\Boot::bootWeb()
 7 SYSTEMPATH/rewrite.php(44): require_once('/home/aluno/Downloads/j/ci4/public/index.php')
CRITICAL - 2024-07-02 17:35:30 --> Error: Class "App\Models\NerdsModel" not found
[Method: GET, Route: /]
in APPPATH/Controllers/Home.php on line 11.
 1 SYSTEMPATH/CodeIgniter.php(933): App\Controllers\Home->index()
 2 SYSTEMPATH/CodeIgniter.php(509): CodeIgniter\CodeIgniter->runController()
 3 SYSTEMPATH/CodeIgniter.php(355): CodeIgniter\CodeIgniter->handleRequest()
 4 SYSTEMPATH/Boot.php(325): CodeIgniter\CodeIgniter->run()
 5 SYSTEMPATH/Boot.php(67): CodeIgniter\Boot::runCodeIgniter()
 6 FCPATH/index.php(56): CodeIgniter\Boot::bootWeb()
 7 SYSTEMPATH/rewrite.php(44): require_once('/home/aluno/Downloads/j/ci4/public/index.php')
CRITICAL - 2024-07-02 17:35:30 --> Error: Class "App\Models\NerdsModel" not found
[Method: GET, Route: /]
in APPPATH/Controllers/Home.php on line 11.
 1 SYSTEMPATH/CodeIgniter.php(933): App\Controllers\Home->index()
 2 SYSTEMPATH/CodeIgniter.php(509): CodeIgniter\CodeIgniter->runController()
 3 SYSTEMPATH/CodeIgniter.php(355): CodeIgniter\CodeIgniter->handleRequest()
 4 SYSTEMPATH/Boot.php(325): CodeIgniter\CodeIgniter->run()
 5 SYSTEMPATH/Boot.php(67): CodeIgniter\Boot::runCodeIgniter()
 6 FCPATH/index.php(56): CodeIgniter\Boot::bootWeb()
 7 SYSTEMPATH/rewrite.php(44): require_once('/home/aluno/Downloads/j/ci4/public/index.php')
ERROR - 2024-07-02 17:35:56 --> Error connecting to the database: mysqli_sql_exception: Unknown database 'ci4' in /home/aluno/Downloads/j/ci4/system/Database/MySQLi/Connection.php:187
Stack trace:
#0 /home/aluno/Downloads/j/ci4/system/Database/MySQLi/Connection.php(187): mysqli->real_connect()
#1 /home/aluno/Downloads/j/ci4/system/Database/BaseConnection.php(421): CodeIgniter\Database\MySQLi\Connection->connect()
#2 /home/aluno/Downloads/j/ci4/system/Database/BaseConnection.php(616): CodeIgniter\Database\BaseConnection->initialize()
#3 /home/aluno/Downloads/j/ci4/system/Database/BaseBuilder.php(1636): CodeIgniter\Database\BaseConnection->query()
#4 /home/aluno/Downloads/j/ci4/system/Model.php(286): CodeIgniter\Database\BaseBuilder->get()
#5 /home/aluno/Downloads/j/ci4/system/BaseModel.php(676): CodeIgniter\Model->doFindAll()
#6 /home/aluno/Downloads/j/ci4/app/Controllers/Home.php(13): CodeIgniter\BaseModel->findAll()
#7 /home/aluno/Downloads/j/ci4/system/CodeIgniter.php(933): App\Controllers\Home->index()
#8 /home/aluno/Downloads/j/ci4/system/CodeIgniter.php(509): CodeIgniter\CodeIgniter->runController()
#9 /home/aluno/Downloads/j/ci4/system/CodeIgniter.php(355): CodeIgniter\CodeIgniter->handleRequest()
#10 /home/aluno/Downloads/j/ci4/system/Boot.php(325): CodeIgniter\CodeIgniter->run()
#11 /home/aluno/Downloads/j/ci4/system/Boot.php(67): CodeIgniter\Boot::runCodeIgniter()
#12 /home/aluno/Downloads/j/ci4/public/index.php(56): CodeIgniter\Boot::bootWeb()
#13 /home/aluno/Downloads/j/ci4/system/rewrite.php(44): require_once('...')
#14 {main}

Next CodeIgniter\Database\Exceptions\DatabaseException: Unknown database 'ci4' in /home/aluno/Downloads/j/ci4/system/Database/MySQLi/Connection.php:231
Stack trace:
#0 /home/aluno/Downloads/j/ci4/system/Database/BaseConnection.php(421): CodeIgniter\Database\MySQLi\Connection->connect()
#1 /home/aluno/Downloads/j/ci4/system/Database/BaseConnection.php(616): CodeIgniter\Database\BaseConnection->initialize()
#2 /home/aluno/Downloads/j/ci4/system/Database/BaseBuilder.php(1636): CodeIgniter\Database\BaseConnection->query()
#3 /home/aluno/Downloads/j/ci4/system/Model.php(286): CodeIgniter\Database\BaseBuilder->get()
#4 /home/aluno/Downloads/j/ci4/system/BaseModel.php(676): CodeIgniter\Model->doFindAll()
#5 /home/aluno/Downloads/j/ci4/app/Controllers/Home.php(13): CodeIgniter\BaseModel->findAll()
#6 /home/aluno/Downloads/j/ci4/system/CodeIgniter.php(933): App\Controllers\Home->index()
#7 /home/aluno/Downloads/j/ci4/system/CodeIgniter.php(509): CodeIgniter\CodeIgniter->runController()
#8 /home/aluno/Downloads/j/ci4/system/CodeIgniter.php(355): CodeIgniter\CodeIgniter->handleRequest()
#9 /home/aluno/Downloads/j/ci4/system/Boot.php(325): CodeIgniter\CodeIgniter->run()
#10 /home/aluno/Downloads/j/ci4/system/Boot.php(67): CodeIgniter\Boot::runCodeIgniter()
#11 /home/aluno/Downloads/j/ci4/public/index.php(56): CodeIgniter\Boot::bootWeb()
#12 /home/aluno/Downloads/j/ci4/system/rewrite.php(44): require_once('...')
#13 {main}
CRITICAL - 2024-07-02 17:35:56 --> CodeIgniter\Database\Exceptions\DatabaseException: Unable to connect to the database.
Main connection [MySQLi]: Unknown database 'ci4'
[Method: GET, Route: /]
in SYSTEMPATH/Database/BaseConnection.php on line 467.
 1 SYSTEMPATH/Database/BaseConnection.php(616): CodeIgniter\Database\BaseConnection->initialize()
 2 SYSTEMPATH/Database/BaseBuilder.php(1636): CodeIgniter\Database\BaseConnection->query()
 3 SYSTEMPATH/Model.php(286): CodeIgniter\Database\BaseBuilder->get()
 4 SYSTEMPATH/BaseModel.php(676): CodeIgniter\Model->doFindAll()
 5 APPPATH/Controllers/Home.php(13): CodeIgniter\BaseModel->findAll()
 6 SYSTEMPATH/CodeIgniter.php(933): App\Controllers\Home->index()
 7 SYSTEMPATH/CodeIgniter.php(509): CodeIgniter\CodeIgniter->runController()
 8 SYSTEMPATH/CodeIgniter.php(355): CodeIgniter\CodeIgniter->handleRequest()
 9 SYSTEMPATH/Boot.php(325): CodeIgniter\CodeIgniter->run()
10 SYSTEMPATH/Boot.php(67): CodeIgniter\Boot::runCodeIgniter()
11 FCPATH/index.php(56): CodeIgniter\Boot::bootWeb()
12 SYSTEMPATH/rewrite.php(44): require_once('/home/aluno/Downloads/j/ci4/public/index.php')
ERROR - 2024-07-02 17:35:56 --> Error connecting to the database: mysqli_sql_exception: Unknown database 'ci4' in /home/aluno/Downloads/j/ci4/system/Database/MySQLi/Connection.php:187
Stack trace:
#0 /home/aluno/Downloads/j/ci4/system/Database/MySQLi/Connection.php(187): mysqli->real_connect()
#1 /home/aluno/Downloads/j/ci4/system/Database/BaseConnection.php(421): CodeIgniter\Database\MySQLi\Connection->connect()
#2 /home/aluno/Downloads/j/ci4/system/Database/BaseConnection.php(616): CodeIgniter\Database\BaseConnection->initialize()
#3 /home/aluno/Downloads/j/ci4/system/Database/BaseBuilder.php(1636): CodeIgniter\Database\BaseConnection->query()
#4 /home/aluno/Downloads/j/ci4/system/Model.php(286): CodeIgniter\Database\BaseBuilder->get()
#5 /home/aluno/Downloads/j/ci4/system/BaseModel.php(676): CodeIgniter\Model->doFindAll()
#6 /home/aluno/Downloads/j/ci4/app/Controllers/Home.php(13): CodeIgniter\BaseModel->findAll()
#7 /home/aluno/Downloads/j/ci4/system/CodeIgniter.php(933): App\Controllers\Home->index()
#8 /home/aluno/Downloads/j/ci4/system/CodeIgniter.php(509): CodeIgniter\CodeIgniter->runController()
#9 /home/aluno/Downloads/j/ci4/system/CodeIgniter.php(355): CodeIgniter\CodeIgniter->handleRequest()
#10 /home/aluno/Downloads/j/ci4/system/Boot.php(325): CodeIgniter\CodeIgniter->run()
#11 /home/aluno/Downloads/j/ci4/system/Boot.php(67): CodeIgniter\Boot::runCodeIgniter()
#12 /home/aluno/Downloads/j/ci4/public/index.php(56): CodeIgniter\Boot::bootWeb()
#13 /home/aluno/Downloads/j/ci4/system/rewrite.php(44): require_once('...')
#14 {main}

Next CodeIgniter\Database\Exceptions\DatabaseException: Unknown database 'ci4' in /home/aluno/Downloads/j/ci4/system/Database/MySQLi/Connection.php:231
Stack trace:
#0 /home/aluno/Downloads/j/ci4/system/Database/BaseConnection.php(421): CodeIgniter\Database\MySQLi\Connection->connect()
#1 /home/aluno/Downloads/j/ci4/system/Database/BaseConnection.php(616): CodeIgniter\Database\BaseConnection->initialize()
#2 /home/aluno/Downloads/j/ci4/system/Database/BaseBuilder.php(1636): CodeIgniter\Database\BaseConnection->query()
#3 /home/aluno/Downloads/j/ci4/system/Model.php(286): CodeIgniter\Database\BaseBuilder->get()
#4 /home/aluno/Downloads/j/ci4/system/BaseModel.php(676): CodeIgniter\Model->doFindAll()
#5 /home/aluno/Downloads/j/ci4/app/Controllers/Home.php(13): CodeIgniter\BaseModel->findAll()
#6 /home/aluno/Downloads/j/ci4/system/CodeIgniter.php(933): App\Controllers\Home->index()
#7 /home/aluno/Downloads/j/ci4/system/CodeIgniter.php(509): CodeIgniter\CodeIgniter->runController()
#8 /home/aluno/Downloads/j/ci4/system/CodeIgniter.php(355): CodeIgniter\CodeIgniter->handleRequest()
#9 /home/aluno/Downloads/j/ci4/system/Boot.php(325): CodeIgniter\CodeIgniter->run()
#10 /home/aluno/Downloads/j/ci4/system/Boot.php(67): CodeIgniter\Boot::runCodeIgniter()
#11 /home/aluno/Downloads/j/ci4/public/index.php(56): CodeIgniter\Boot::bootWeb()
#12 /home/aluno/Downloads/j/ci4/system/rewrite.php(44): require_once('...')
#13 {main}
CRITICAL - 2024-07-02 17:35:56 --> CodeIgniter\Database\Exceptions\DatabaseException: Unable to connect to the database.
Main connection [MySQLi]: Unknown database 'ci4'
[Method: GET, Route: /]
in SYSTEMPATH/Database/BaseConnection.php on line 467.
 1 SYSTEMPATH/Database/BaseConnection.php(616): CodeIgniter\Database\BaseConnection->initialize()
 2 SYSTEMPATH/Database/BaseBuilder.php(1636): CodeIgniter\Database\BaseConnection->query()
 3 SYSTEMPATH/Model.php(286): CodeIgniter\Database\BaseBuilder->get()
 4 SYSTEMPATH/BaseModel.php(676): CodeIgniter\Model->doFindAll()
 5 APPPATH/Controllers/Home.php(13): CodeIgniter\BaseModel->findAll()
 6 SYSTEMPATH/CodeIgniter.php(933): App\Controllers\Home->index()
 7 SYSTEMPATH/CodeIgniter.php(509): CodeIgniter\CodeIgniter->runController()
 8 SYSTEMPATH/CodeIgniter.php(355): CodeIgniter\CodeIgniter->handleRequest()
 9 SYSTEMPATH/Boot.php(325): CodeIgniter\CodeIgniter->run()
10 SYSTEMPATH/Boot.php(67): CodeIgniter\Boot::runCodeIgniter()
11 FCPATH/index.php(56): CodeIgniter\Boot::bootWeb()
12 SYSTEMPATH/rewrite.php(44): require_once('/home/aluno/Downloads/j/ci4/public/index.php')
ERROR - 2024-07-02 17:35:57 --> Error connecting to the database: mysqli_sql_exception: Unknown database 'ci4' in /home/aluno/Downloads/j/ci4/system/Database/MySQLi/Connection.php:187
Stack trace:
#0 /home/aluno/Downloads/j/ci4/system/Database/MySQLi/Connection.php(187): mysqli->real_connect()
#1 /home/aluno/Downloads/j/ci4/system/Database/BaseConnection.php(421): CodeIgniter\Database\MySQLi\Connection->connect()
#2 /home/aluno/Downloads/j/ci4/system/Database/BaseConnection.php(616): CodeIgniter\Database\BaseConnection->initialize()
#3 /home/aluno/Downloads/j/ci4/system/Database/BaseBuilder.php(1636): CodeIgniter\Database\BaseConnection->query()
#4 /home/aluno/Downloads/j/ci4/system/Model.php(286): CodeIgniter\Database\BaseBuilder->get()
#5 /home/aluno/Downloads/j/ci4/system/BaseModel.php(676): CodeIgniter\Model->doFindAll()
#6 /home/aluno/Downloads/j/ci4/app/Controllers/Home.php(13): CodeIgniter\BaseModel->findAll()
#7 /home/aluno/Downloads/j/ci4/system/CodeIgniter.php(933): App\Controllers\Home->index()
#8 /home/aluno/Downloads/j/ci4/system/CodeIgniter.php(509): CodeIgniter\CodeIgniter->runController()
#9 /home/aluno/Downloads/j/ci4/system/CodeIgniter.php(355): CodeIgniter\CodeIgniter->handleRequest()
#10 /home/aluno/Downloads/j/ci4/system/Boot.php(325): CodeIgniter\CodeIgniter->run()
#11 /home/aluno/Downloads/j/ci4/system/Boot.php(67): CodeIgniter\Boot::runCodeIgniter()
#12 /home/aluno/Downloads/j/ci4/public/index.php(56): CodeIgniter\Boot::bootWeb()
#13 /home/aluno/Downloads/j/ci4/system/rewrite.php(44): require_once('...')
#14 {main}

Next CodeIgniter\Database\Exceptions\DatabaseException: Unknown database 'ci4' in /home/aluno/Downloads/j/ci4/system/Database/MySQLi/Connection.php:231
Stack trace:
#0 /home/aluno/Downloads/j/ci4/system/Database/BaseConnection.php(421): CodeIgniter\Database\MySQLi\Connection->connect()
#1 /home/aluno/Downloads/j/ci4/system/Database/BaseConnection.php(616): CodeIgniter\Database\BaseConnection->initialize()
#2 /home/aluno/Downloads/j/ci4/system/Database/BaseBuilder.php(1636): CodeIgniter\Database\BaseConnection->query()
#3 /home/aluno/Downloads/j/ci4/system/Model.php(286): CodeIgniter\Database\BaseBuilder->get()
#4 /home/aluno/Downloads/j/ci4/system/BaseModel.php(676): CodeIgniter\Model->doFindAll()
#5 /home/aluno/Downloads/j/ci4/app/Controllers/Home.php(13): CodeIgniter\BaseModel->findAll()
#6 /home/aluno/Downloads/j/ci4/system/CodeIgniter.php(933): App\Controllers\Home->index()
#7 /home/aluno/Downloads/j/ci4/system/CodeIgniter.php(509): CodeIgniter\CodeIgniter->runController()
#8 /home/aluno/Downloads/j/ci4/system/CodeIgniter.php(355): CodeIgniter\CodeIgniter->handleRequest()
#9 /home/aluno/Downloads/j/ci4/system/Boot.php(325): CodeIgniter\CodeIgniter->run()
#10 /home/aluno/Downloads/j/ci4/system/Boot.php(67): CodeIgniter\Boot::runCodeIgniter()
#11 /home/aluno/Downloads/j/ci4/public/index.php(56): CodeIgniter\Boot::bootWeb()
#12 /home/aluno/Downloads/j/ci4/system/rewrite.php(44): require_once('...')
#13 {main}
CRITICAL - 2024-07-02 17:35:57 --> CodeIgniter\Database\Exceptions\DatabaseException: Unable to connect to the database.
Main connection [MySQLi]: Unknown database 'ci4'
[Method: GET, Route: /]
in SYSTEMPATH/Database/BaseConnection.php on line 467.
 1 SYSTEMPATH/Database/BaseConnection.php(616): CodeIgniter\Database\BaseConnection->initialize()
 2 SYSTEMPATH/Database/BaseBuilder.php(1636): CodeIgniter\Database\BaseConnection->query()
 3 SYSTEMPATH/Model.php(286): CodeIgniter\Database\BaseBuilder->get()
 4 SYSTEMPATH/BaseModel.php(676): CodeIgniter\Model->doFindAll()
 5 APPPATH/Controllers/Home.php(13): CodeIgniter\BaseModel->findAll()
 6 SYSTEMPATH/CodeIgniter.php(933): App\Controllers\Home->index()
 7 SYSTEMPATH/CodeIgniter.php(509): CodeIgniter\CodeIgniter->runController()
 8 SYSTEMPATH/CodeIgniter.php(355): CodeIgniter\CodeIgniter->handleRequest()
 9 SYSTEMPATH/Boot.php(325): CodeIgniter\CodeIgniter->run()
10 SYSTEMPATH/Boot.php(67): CodeIgniter\Boot::runCodeIgniter()
11 FCPATH/index.php(56): CodeIgniter\Boot::bootWeb()
12 SYSTEMPATH/rewrite.php(44): require_once('/home/aluno/Downloads/j/ci4/public/index.php')
ERROR - 2024-07-02 17:35:57 --> Error connecting to the database: mysqli_sql_exception: Unknown database 'ci4' in /home/aluno/Downloads/j/ci4/system/Database/MySQLi/Connection.php:187
Stack trace:
#0 /home/aluno/Downloads/j/ci4/system/Database/MySQLi/Connection.php(187): mysqli->real_connect()
#1 /home/aluno/Downloads/j/ci4/system/Database/BaseConnection.php(421): CodeIgniter\Database\MySQLi\Connection->connect()
#2 /home/aluno/Downloads/j/ci4/system/Database/BaseConnection.php(616): CodeIgniter\Database\BaseConnection->initialize()
#3 /home/aluno/Downloads/j/ci4/system/Database/BaseBuilder.php(1636): CodeIgniter\Database\BaseConnection->query()
#4 /home/aluno/Downloads/j/ci4/system/Model.php(286): CodeIgniter\Database\BaseBuilder->get()
#5 /home/aluno/Downloads/j/ci4/system/BaseModel.php(676): CodeIgniter\Model->doFindAll()
#6 /home/aluno/Downloads/j/ci4/app/Controllers/Home.php(13): CodeIgniter\BaseModel->findAll()
#7 /home/aluno/Downloads/j/ci4/system/CodeIgniter.php(933): App\Controllers\Home->index()
#8 /home/aluno/Downloads/j/ci4/system/CodeIgniter.php(509): CodeIgniter\CodeIgniter->runController()
#9 /home/aluno/Downloads/j/ci4/system/CodeIgniter.php(355): CodeIgniter\CodeIgniter->handleRequest()
#10 /home/aluno/Downloads/j/ci4/system/Boot.php(325): CodeIgniter\CodeIgniter->run()
#11 /home/aluno/Downloads/j/ci4/system/Boot.php(67): CodeIgniter\Boot::runCodeIgniter()
#12 /home/aluno/Downloads/j/ci4/public/index.php(56): CodeIgniter\Boot::bootWeb()
#13 /home/aluno/Downloads/j/ci4/system/rewrite.php(44): require_once('...')
#14 {main}

Next CodeIgniter\Database\Exceptions\DatabaseException: Unknown database 'ci4' in /home/aluno/Downloads/j/ci4/system/Database/MySQLi/Connection.php:231
Stack trace:
#0 /home/aluno/Downloads/j/ci4/system/Database/BaseConnection.php(421): CodeIgniter\Database\MySQLi\Connection->connect()
#1 /home/aluno/Downloads/j/ci4/system/Database/BaseConnection.php(616): CodeIgniter\Database\BaseConnection->initialize()
#2 /home/aluno/Downloads/j/ci4/system/Database/BaseBuilder.php(1636): CodeIgniter\Database\BaseConnection->query()
#3 /home/aluno/Downloads/j/ci4/system/Model.php(286): CodeIgniter\Database\BaseBuilder->get()
#4 /home/aluno/Downloads/j/ci4/system/BaseModel.php(676): CodeIgniter\Model->doFindAll()
#5 /home/aluno/Downloads/j/ci4/app/Controllers/Home.php(13): CodeIgniter\BaseModel->findAll()
#6 /home/aluno/Downloads/j/ci4/system/CodeIgniter.php(933): App\Controllers\Home->index()
#7 /home/aluno/Downloads/j/ci4/system/CodeIgniter.php(509): CodeIgniter\CodeIgniter->runController()
#8 /home/aluno/Downloads/j/ci4/system/CodeIgniter.php(355): CodeIgniter\CodeIgniter->handleRequest()
#9 /home/aluno/Downloads/j/ci4/system/Boot.php(325): CodeIgniter\CodeIgniter->run()
#10 /home/aluno/Downloads/j/ci4/system/Boot.php(67): CodeIgniter\Boot::runCodeIgniter()
#11 /home/aluno/Downloads/j/ci4/public/index.php(56): CodeIgniter\Boot::bootWeb()
#12 /home/aluno/Downloads/j/ci4/system/rewrite.php(44): require_once('...')
#13 {main}
CRITICAL - 2024-07-02 17:35:57 --> CodeIgniter\Database\Exceptions\DatabaseException: Unable to connect to the database.
Main connection [MySQLi]: Unknown database 'ci4'
[Method: GET, Route: /]
in SYSTEMPATH/Database/BaseConnection.php on line 467.
 1 SYSTEMPATH/Database/BaseConnection.php(616): CodeIgniter\Database\BaseConnection->initialize()
 2 SYSTEMPATH/Database/BaseBuilder.php(1636): CodeIgniter\Database\BaseConnection->query()
 3 SYSTEMPATH/Model.php(286): CodeIgniter\Database\BaseBuilder->get()
 4 SYSTEMPATH/BaseModel.php(676): CodeIgniter\Model->doFindAll()
 5 APPPATH/Controllers/Home.php(13): CodeIgniter\BaseModel->findAll()
 6 SYSTEMPATH/CodeIgniter.php(933): App\Controllers\Home->index()
 7 SYSTEMPATH/CodeIgniter.php(509): CodeIgniter\CodeIgniter->runController()
 8 SYSTEMPATH/CodeIgniter.php(355): CodeIgniter\CodeIgniter->handleRequest()
 9 SYSTEMPATH/Boot.php(325): CodeIgniter\CodeIgniter->run()
10 SYSTEMPATH/Boot.php(67): CodeIgniter\Boot::runCodeIgniter()
11 FCPATH/index.php(56): CodeIgniter\Boot::bootWeb()
12 SYSTEMPATH/rewrite.php(44): require_once('/home/aluno/Downloads/j/ci4/public/index.php')
ERROR - 2024-07-02 17:35:57 --> Error connecting to the database: mysqli_sql_exception: Unknown database 'ci4' in /home/aluno/Downloads/j/ci4/system/Database/MySQLi/Connection.php:187
Stack trace:
#0 /home/aluno/Downloads/j/ci4/system/Database/MySQLi/Connection.php(187): mysqli->real_connect()
#1 /home/aluno/Downloads/j/ci4/system/Database/BaseConnection.php(421): CodeIgniter\Database\MySQLi\Connection->connect()
#2 /home/aluno/Downloads/j/ci4/system/Database/BaseConnection.php(616): CodeIgniter\Database\BaseConnection->initialize()
#3 /home/aluno/Downloads/j/ci4/system/Database/BaseBuilder.php(1636): CodeIgniter\Database\BaseConnection->query()
#4 /home/aluno/Downloads/j/ci4/system/Model.php(286): CodeIgniter\Database\BaseBuilder->get()
#5 /home/aluno/Downloads/j/ci4/system/BaseModel.php(676): CodeIgniter\Model->doFindAll()
#6 /home/aluno/Downloads/j/ci4/app/Controllers/Home.php(13): CodeIgniter\BaseModel->findAll()
#7 /home/aluno/Downloads/j/ci4/system/CodeIgniter.php(933): App\Controllers\Home->index()
#8 /home/aluno/Downloads/j/ci4/system/CodeIgniter.php(509): CodeIgniter\CodeIgniter->runController()
#9 /home/aluno/Downloads/j/ci4/system/CodeIgniter.php(355): CodeIgniter\CodeIgniter->handleRequest()
#10 /home/aluno/Downloads/j/ci4/system/Boot.php(325): CodeIgniter\CodeIgniter->run()
#11 /home/aluno/Downloads/j/ci4/system/Boot.php(67): CodeIgniter\Boot::runCodeIgniter()
#12 /home/aluno/Downloads/j/ci4/public/index.php(56): CodeIgniter\Boot::bootWeb()
#13 /home/aluno/Downloads/j/ci4/system/rewrite.php(44): require_once('...')
#14 {main}

Next CodeIgniter\Database\Exceptions\DatabaseException: Unknown database 'ci4' in /home/aluno/Downloads/j/ci4/system/Database/MySQLi/Connection.php:231
Stack trace:
#0 /home/aluno/Downloads/j/ci4/system/Database/BaseConnection.php(421): CodeIgniter\Database\MySQLi\Connection->connect()
#1 /home/aluno/Downloads/j/ci4/system/Database/BaseConnection.php(616): CodeIgniter\Database\BaseConnection->initialize()
#2 /home/aluno/Downloads/j/ci4/system/Database/BaseBuilder.php(1636): CodeIgniter\Database\BaseConnection->query()
#3 /home/aluno/Downloads/j/ci4/system/Model.php(286): CodeIgniter\Database\BaseBuilder->get()
#4 /home/aluno/Downloads/j/ci4/system/BaseModel.php(676): CodeIgniter\Model->doFindAll()
#5 /home/aluno/Downloads/j/ci4/app/Controllers/Home.php(13): CodeIgniter\BaseModel->findAll()
#6 /home/aluno/Downloads/j/ci4/system/CodeIgniter.php(933): App\Controllers\Home->index()
#7 /home/aluno/Downloads/j/ci4/system/CodeIgniter.php(509): CodeIgniter\CodeIgniter->runController()
#8 /home/aluno/Downloads/j/ci4/system/CodeIgniter.php(355): CodeIgniter\CodeIgniter->handleRequest()
#9 /home/aluno/Downloads/j/ci4/system/Boot.php(325): CodeIgniter\CodeIgniter->run()
#10 /home/aluno/Downloads/j/ci4/system/Boot.php(67): CodeIgniter\Boot::runCodeIgniter()
#11 /home/aluno/Downloads/j/ci4/public/index.php(56): CodeIgniter\Boot::bootWeb()
#12 /home/aluno/Downloads/j/ci4/system/rewrite.php(44): require_once('...')
#13 {main}
CRITICAL - 2024-07-02 17:35:57 --> CodeIgniter\Database\Exceptions\DatabaseException: Unable to connect to the database.
Main connection [MySQLi]: Unknown database 'ci4'
[Method: GET, Route: /]
in SYSTEMPATH/Database/BaseConnection.php on line 467.
 1 SYSTEMPATH/Database/BaseConnection.php(616): CodeIgniter\Database\BaseConnection->initialize()
 2 SYSTEMPATH/Database/BaseBuilder.php(1636): CodeIgniter\Database\BaseConnection->query()
 3 SYSTEMPATH/Model.php(286): CodeIgniter\Database\BaseBuilder->get()
 4 SYSTEMPATH/BaseModel.php(676): CodeIgniter\Model->doFindAll()
 5 APPPATH/Controllers/Home.php(13): CodeIgniter\BaseModel->findAll()
 6 SYSTEMPATH/CodeIgniter.php(933): App\Controllers\Home->index()
 7 SYSTEMPATH/CodeIgniter.php(509): CodeIgniter\CodeIgniter->runController()
 8 SYSTEMPATH/CodeIgniter.php(355): CodeIgniter\CodeIgniter->handleRequest()
 9 SYSTEMPATH/Boot.php(325): CodeIgniter\CodeIgniter->run()
10 SYSTEMPATH/Boot.php(67): CodeIgniter\Boot::runCodeIgniter()
11 FCPATH/index.php(56): CodeIgniter\Boot::bootWeb()
12 SYSTEMPATH/rewrite.php(44): require_once('/home/aluno/Downloads/j/ci4/public/index.php')
CRITICAL - 2024-07-02 17:51:41 --> CodeIgniter\HTTP\Exceptions\BadRequestException: The URI you submitted has disallowed characters: "public;src"
[Method: GET, Route: public;src/script/script.js]
in SYSTEMPATH/Router/Router.php on line 737.
 1 SYSTEMPATH/Router/Router.php(204): CodeIgniter\Router\Router->checkDisallowedChars()
 2 SYSTEMPATH/CodeIgniter.php(834): CodeIgniter\Router\Router->handle()
 3 SYSTEMPATH/CodeIgniter.php(457): CodeIgniter\CodeIgniter->tryToRouteIt()
 4 SYSTEMPATH/CodeIgniter.php(355): CodeIgniter\CodeIgniter->handleRequest()
 5 SYSTEMPATH/Boot.php(325): CodeIgniter\CodeIgniter->run()
 6 SYSTEMPATH/Boot.php(67): CodeIgniter\Boot::runCodeIgniter()
 7 FCPATH/index.php(56): CodeIgniter\Boot::bootWeb()
 8 SYSTEMPATH/rewrite.php(44): require_once('/home/aluno/Downloads/j/trabalho-codeigniter4/public/index.php')
