CRITICAL - 2024-03-13 16:10:51 --> Error: Class "Locale" not found
in SYSTEMPATH\CodeIgniter.php on line 218.
 1 FCPATH\index.php(67): CodeIgniter\CodeIgniter->initialize()
CRITICAL - 2024-03-13 16:10:51 --> ErrorException: Uncaught Error: Class "Locale" not found in D:\Documents\git\ds1-2024\bimestre1\exercicio2-codeigniter4\system\Helpers\number_helper.php:137
Stack trace:
#0 D:\Documents\git\ds1-2024\bimestre1\exercicio2-codeigniter4\system\Helpers\number_helper.php(56): format_number(6.0, 2, NULL, Array)
#1 D:\Documents\git\ds1-2024\bimestre1\exercicio2-codeigniter4\system\Debug\BaseExceptionHandler.php(152): number_to_size(6.0, 2)
#2 D:\Documents\git\ds1-2024\bimestre1\exercicio2-codeigniter4\app\Views\errors\html\error_exception.php(384): CodeIgniter\Debug\BaseExceptionHandler::describeMemory(6291456)
#3 D:\Documents\git\ds1-2024\bimestre1\exercicio2-codeigniter4\system\Debug\BaseExceptionHandler.php(258): include('D:\\Documents\\gi...')
#4 D:\Documents\git\ds1-2024\bimestre1\exercicio2-codeigniter4\system\Debug\BaseExceptionHandler.php(261): CodeIgniter\Debug\BaseExceptionHandler->CodeIgniter\Debug\{closure}()
#5 D:\Documents\git\ds1-2024\bimestre1\exercicio2-codeigniter4\system\Debug\ExceptionHandler.php(112): CodeIgniter\Debug\BaseExceptionHandler->render(Object(Error), 500, 'D:\\Documents\\gi...')
#6 D:\Documents\git\ds1-2024\bimestre1\exercicio2-codeigniter4\system\Debug\Exceptions.php(156): CodeIgniter\Debug\ExceptionHandler->handle(Object(Error), Object(CodeIgniter\HTTP\IncomingRequest), Object(CodeIgniter\HTTP\Response), 500, 1)
#7 [internal function]: CodeIgniter\Debug\Exceptions->exceptionHandler(Object(Error))
#8 {main}
  thrown
【Previous Exception】
Error
Class "Locale" not found
#0 D:\Documents\git\ds1-2024\bimestre1\exercicio2-codeigniter4\public\index.php(67): CodeIgniter\CodeIgniter->initialize()
#1 {main}
in SYSTEMPATH\Helpers\number_helper.php on line 137.
 1 [internal function]: CodeIgniter\Debug\Exceptions->shutdownHandler()
CRITICAL - 2024-03-13 16:14:59 --> Error: Class "Locale" not found
in SYSTEMPATH\CodeIgniter.php on line 218.
 1 FCPATH\index.php(67): CodeIgniter\CodeIgniter->initialize()
CRITICAL - 2024-03-13 16:14:59 --> ErrorException: Uncaught Error: Class "Locale" not found in D:\Documents\git\ds1-2024\bimestre1\exercicio2-codeigniter4\system\Helpers\number_helper.php:137
Stack trace:
#0 D:\Documents\git\ds1-2024\bimestre1\exercicio2-codeigniter4\system\Helpers\number_helper.php(56): format_number(6.0, 2, NULL, Array)
#1 D:\Documents\git\ds1-2024\bimestre1\exercicio2-codeigniter4\system\Debug\BaseExceptionHandler.php(152): number_to_size(6.0, 2)
#2 D:\Documents\git\ds1-2024\bimestre1\exercicio2-codeigniter4\app\Views\errors\html\error_exception.php(384): CodeIgniter\Debug\BaseExceptionHandler::describeMemory(6291456)
#3 D:\Documents\git\ds1-2024\bimestre1\exercicio2-codeigniter4\system\Debug\BaseExceptionHandler.php(258): include('D:\\Documents\\gi...')
#4 D:\Documents\git\ds1-2024\bimestre1\exercicio2-codeigniter4\system\Debug\BaseExceptionHandler.php(261): CodeIgniter\Debug\BaseExceptionHandler->CodeIgniter\Debug\{closure}()
#5 D:\Documents\git\ds1-2024\bimestre1\exercicio2-codeigniter4\system\Debug\ExceptionHandler.php(112): CodeIgniter\Debug\BaseExceptionHandler->render(Object(Error), 500, 'D:\\Documents\\gi...')
#6 D:\Documents\git\ds1-2024\bimestre1\exercicio2-codeigniter4\system\Debug\Exceptions.php(156): CodeIgniter\Debug\ExceptionHandler->handle(Object(Error), Object(CodeIgniter\HTTP\IncomingRequest), Object(CodeIgniter\HTTP\Response), 500, 1)
#7 [internal function]: CodeIgniter\Debug\Exceptions->exceptionHandler(Object(Error))
#8 {main}
  thrown
【Previous Exception】
Error
Class "Locale" not found
#0 D:\Documents\git\ds1-2024\bimestre1\exercicio2-codeigniter4\public\index.php(67): CodeIgniter\CodeIgniter->initialize()
#1 {main}
in SYSTEMPATH\Helpers\number_helper.php on line 137.
 1 [internal function]: CodeIgniter\Debug\Exceptions->shutdownHandler()
ERROR - 2024-03-13 15:21:30 --> Error connecting to the database: mysqli_sql_exception: Access denied for user 'root'@'localhost' (using password: YES) in D:\Documents\git\ds1-2024\bimestre1\exercicio2-codeigniter4\system\Database\MySQLi\Connection.php:184
Stack trace:
#0 D:\Documents\git\ds1-2024\bimestre1\exercicio2-codeigniter4\system\Database\MySQLi\Connection.php(184): mysqli->real_connect()
#1 D:\Documents\git\ds1-2024\bimestre1\exercicio2-codeigniter4\system\Database\BaseConnection.php(392): CodeIgniter\Database\MySQLi\Connection->connect()
#2 D:\Documents\git\ds1-2024\bimestre1\exercicio2-codeigniter4\system\Database\BaseConnection.php(575): CodeIgniter\Database\BaseConnection->initialize()
#3 D:\Documents\git\ds1-2024\bimestre1\exercicio2-codeigniter4\system\Database\BaseBuilder.php(1616): CodeIgniter\Database\BaseConnection->query()
#4 D:\Documents\git\ds1-2024\bimestre1\exercicio2-codeigniter4\system\Model.php(242): CodeIgniter\Database\BaseBuilder->get()
#5 D:\Documents\git\ds1-2024\bimestre1\exercicio2-codeigniter4\system\BaseModel.php(638): CodeIgniter\Model->doFindAll()
#6 D:\Documents\git\ds1-2024\bimestre1\exercicio2-codeigniter4\app\Controllers\Home.php(17): CodeIgniter\BaseModel->findAll()
#7 D:\Documents\git\ds1-2024\bimestre1\exercicio2-codeigniter4\system\CodeIgniter.php(941): App\Controllers\Home->receive_data()
#8 D:\Documents\git\ds1-2024\bimestre1\exercicio2-codeigniter4\system\CodeIgniter.php(502): CodeIgniter\CodeIgniter->runController()
#9 D:\Documents\git\ds1-2024\bimestre1\exercicio2-codeigniter4\system\CodeIgniter.php(361): CodeIgniter\CodeIgniter->handleRequest()
#10 D:\Documents\git\ds1-2024\bimestre1\exercicio2-codeigniter4\public\index.php(79): CodeIgniter\CodeIgniter->run()
#11 D:\Documents\git\ds1-2024\bimestre1\exercicio2-codeigniter4\system\Commands\Server\rewrite.php(47): require_once('...')
#12 {main}

Next CodeIgniter\Database\Exceptions\DatabaseException: Access denied for user '****'@'localhost' (using password: YES) in D:\Documents\git\ds1-2024\bimestre1\exercicio2-codeigniter4\system\Database\MySQLi\Connection.php:229
Stack trace:
#0 D:\Documents\git\ds1-2024\bimestre1\exercicio2-codeigniter4\system\Database\BaseConnection.php(392): CodeIgniter\Database\MySQLi\Connection->connect()
#1 D:\Documents\git\ds1-2024\bimestre1\exercicio2-codeigniter4\system\Database\BaseConnection.php(575): CodeIgniter\Database\BaseConnection->initialize()
#2 D:\Documents\git\ds1-2024\bimestre1\exercicio2-codeigniter4\system\Database\BaseBuilder.php(1616): CodeIgniter\Database\BaseConnection->query()
#3 D:\Documents\git\ds1-2024\bimestre1\exercicio2-codeigniter4\system\Model.php(242): CodeIgniter\Database\BaseBuilder->get()
#4 D:\Documents\git\ds1-2024\bimestre1\exercicio2-codeigniter4\system\BaseModel.php(638): CodeIgniter\Model->doFindAll()
#5 D:\Documents\git\ds1-2024\bimestre1\exercicio2-codeigniter4\app\Controllers\Home.php(17): CodeIgniter\BaseModel->findAll()
#6 D:\Documents\git\ds1-2024\bimestre1\exercicio2-codeigniter4\system\CodeIgniter.php(941): App\Controllers\Home->receive_data()
#7 D:\Documents\git\ds1-2024\bimestre1\exercicio2-codeigniter4\system\CodeIgniter.php(502): CodeIgniter\CodeIgniter->runController()
#8 D:\Documents\git\ds1-2024\bimestre1\exercicio2-codeigniter4\system\CodeIgniter.php(361): CodeIgniter\CodeIgniter->handleRequest()
#9 D:\Documents\git\ds1-2024\bimestre1\exercicio2-codeigniter4\public\index.php(79): CodeIgniter\CodeIgniter->run()
#10 D:\Documents\git\ds1-2024\bimestre1\exercicio2-codeigniter4\system\Commands\Server\rewrite.php(47): require_once('...')
#11 {main}
CRITICAL - 2024-03-13 15:21:30 --> CodeIgniter\Database\Exceptions\DatabaseException: Unable to connect to the database.
Main connection [MySQLi]: Access denied for user '****'@'localhost' (using password: YES)
in SYSTEMPATH\Database\BaseConnection.php on line 428.
 1 SYSTEMPATH\Database\BaseConnection.php(575): CodeIgniter\Database\BaseConnection->initialize()
 2 SYSTEMPATH\Database\BaseBuilder.php(1616): CodeIgniter\Database\BaseConnection->query()
 3 SYSTEMPATH\Model.php(242): CodeIgniter\Database\BaseBuilder->get()
 4 SYSTEMPATH\BaseModel.php(638): CodeIgniter\Model->doFindAll()
 5 APPPATH\Controllers\Home.php(17): CodeIgniter\BaseModel->findAll()
 6 SYSTEMPATH\CodeIgniter.php(941): App\Controllers\Home->receive_data()
 7 SYSTEMPATH\CodeIgniter.php(502): CodeIgniter\CodeIgniter->runController()
 8 SYSTEMPATH\CodeIgniter.php(361): CodeIgniter\CodeIgniter->handleRequest()
 9 FCPATH\index.php(79): CodeIgniter\CodeIgniter->run()
10 SYSTEMPATH\Commands\Server\rewrite.php(47): require_once('D:\\Documents\\git\\ds1-2024\\bimestre1\\exercicio2-codeigniter4\\public\\index.php')
CRITICAL - 2024-03-13 23:03:07 --> Error: Class "Locale" not found
in SYSTEMPATH\CodeIgniter.php on line 218.
 1 FCPATH\index.php(67): CodeIgniter\CodeIgniter->initialize()
CRITICAL - 2024-03-13 23:03:07 --> ErrorException: Uncaught Error: Class "Locale" not found in D:\Documents\git\ds1-2024\bimestre1\exercicio2-codeigniter4\system\Helpers\number_helper.php:137
Stack trace:
#0 D:\Documents\git\ds1-2024\bimestre1\exercicio2-codeigniter4\system\Helpers\number_helper.php(56): format_number(6.0, 2, NULL, Array)
#1 D:\Documents\git\ds1-2024\bimestre1\exercicio2-codeigniter4\system\Debug\BaseExceptionHandler.php(152): number_to_size(6.0, 2)
#2 D:\Documents\git\ds1-2024\bimestre1\exercicio2-codeigniter4\app\Views\errors\html\error_exception.php(384): CodeIgniter\Debug\BaseExceptionHandler::describeMemory(6291456)
#3 D:\Documents\git\ds1-2024\bimestre1\exercicio2-codeigniter4\system\Debug\BaseExceptionHandler.php(258): include('D:\\Documents\\gi...')
#4 D:\Documents\git\ds1-2024\bimestre1\exercicio2-codeigniter4\system\Debug\BaseExceptionHandler.php(261): CodeIgniter\Debug\BaseExceptionHandler->CodeIgniter\Debug\{closure}()
#5 D:\Documents\git\ds1-2024\bimestre1\exercicio2-codeigniter4\system\Debug\ExceptionHandler.php(112): CodeIgniter\Debug\BaseExceptionHandler->render(Object(Error), 500, 'D:\\Documents\\gi...')
#6 D:\Documents\git\ds1-2024\bimestre1\exercicio2-codeigniter4\system\Debug\Exceptions.php(156): CodeIgniter\Debug\ExceptionHandler->handle(Object(Error), Object(CodeIgniter\HTTP\IncomingRequest), Object(CodeIgniter\HTTP\Response), 500, 1)
#7 [internal function]: CodeIgniter\Debug\Exceptions->exceptionHandler(Object(Error))
#8 {main}
  thrown
【Previous Exception】
Error
Class "Locale" not found
#0 D:\Documents\git\ds1-2024\bimestre1\exercicio2-codeigniter4\public\index.php(67): CodeIgniter\CodeIgniter->initialize()
#1 {main}
in SYSTEMPATH\Helpers\number_helper.php on line 137.
 1 [internal function]: CodeIgniter\Debug\Exceptions->shutdownHandler()
CRITICAL - 2024-03-13 23:03:43 --> Error: Class "Locale" not found
in SYSTEMPATH\CodeIgniter.php on line 218.
 1 FCPATH\index.php(67): CodeIgniter\CodeIgniter->initialize()
CRITICAL - 2024-03-13 23:03:43 --> ErrorException: Uncaught Error: Class "Locale" not found in D:\Documents\git\ds1-2024\bimestre1\exercicio2-codeigniter4\system\Helpers\number_helper.php:137
Stack trace:
#0 D:\Documents\git\ds1-2024\bimestre1\exercicio2-codeigniter4\system\Helpers\number_helper.php(56): format_number(6.0, 2, NULL, Array)
#1 D:\Documents\git\ds1-2024\bimestre1\exercicio2-codeigniter4\system\Debug\BaseExceptionHandler.php(152): number_to_size(6.0, 2)
#2 D:\Documents\git\ds1-2024\bimestre1\exercicio2-codeigniter4\app\Views\errors\html\error_exception.php(384): CodeIgniter\Debug\BaseExceptionHandler::describeMemory(6291456)
#3 D:\Documents\git\ds1-2024\bimestre1\exercicio2-codeigniter4\system\Debug\BaseExceptionHandler.php(258): include('D:\\Documents\\gi...')
#4 D:\Documents\git\ds1-2024\bimestre1\exercicio2-codeigniter4\system\Debug\BaseExceptionHandler.php(261): CodeIgniter\Debug\BaseExceptionHandler->CodeIgniter\Debug\{closure}()
#5 D:\Documents\git\ds1-2024\bimestre1\exercicio2-codeigniter4\system\Debug\ExceptionHandler.php(112): CodeIgniter\Debug\BaseExceptionHandler->render(Object(Error), 500, 'D:\\Documents\\gi...')
#6 D:\Documents\git\ds1-2024\bimestre1\exercicio2-codeigniter4\system\Debug\Exceptions.php(156): CodeIgniter\Debug\ExceptionHandler->handle(Object(Error), Object(CodeIgniter\HTTP\IncomingRequest), Object(CodeIgniter\HTTP\Response), 500, 1)
#7 [internal function]: CodeIgniter\Debug\Exceptions->exceptionHandler(Object(Error))
#8 {main}
  thrown
【Previous Exception】
Error
Class "Locale" not found
#0 D:\Documents\git\ds1-2024\bimestre1\exercicio2-codeigniter4\public\index.php(67): CodeIgniter\CodeIgniter->initialize()
#1 {main}
in SYSTEMPATH\Helpers\number_helper.php on line 137.
 1 [internal function]: CodeIgniter\Debug\Exceptions->shutdownHandler()
CRITICAL - 2024-03-13 23:04:35 --> Error: Class "Locale" not found
in SYSTEMPATH\CodeIgniter.php on line 218.
 1 FCPATH\index.php(67): CodeIgniter\CodeIgniter->initialize()
CRITICAL - 2024-03-13 23:04:35 --> ErrorException: Uncaught Error: Class "Locale" not found in D:\Documents\git\ds1-2024\bimestre1\exercicio2-codeigniter4\system\Helpers\number_helper.php:137
Stack trace:
#0 D:\Documents\git\ds1-2024\bimestre1\exercicio2-codeigniter4\system\Helpers\number_helper.php(56): format_number(6.0, 2, NULL, Array)
#1 D:\Documents\git\ds1-2024\bimestre1\exercicio2-codeigniter4\system\Debug\BaseExceptionHandler.php(152): number_to_size(6.0, 2)
#2 D:\Documents\git\ds1-2024\bimestre1\exercicio2-codeigniter4\app\Views\errors\html\error_exception.php(384): CodeIgniter\Debug\BaseExceptionHandler::describeMemory(6291456)
#3 D:\Documents\git\ds1-2024\bimestre1\exercicio2-codeigniter4\system\Debug\BaseExceptionHandler.php(258): include('D:\\Documents\\gi...')
#4 D:\Documents\git\ds1-2024\bimestre1\exercicio2-codeigniter4\system\Debug\BaseExceptionHandler.php(261): CodeIgniter\Debug\BaseExceptionHandler->CodeIgniter\Debug\{closure}()
#5 D:\Documents\git\ds1-2024\bimestre1\exercicio2-codeigniter4\system\Debug\ExceptionHandler.php(112): CodeIgniter\Debug\BaseExceptionHandler->render(Object(Error), 500, 'D:\\Documents\\gi...')
#6 D:\Documents\git\ds1-2024\bimestre1\exercicio2-codeigniter4\system\Debug\Exceptions.php(156): CodeIgniter\Debug\ExceptionHandler->handle(Object(Error), Object(CodeIgniter\HTTP\IncomingRequest), Object(CodeIgniter\HTTP\Response), 500, 1)
#7 [internal function]: CodeIgniter\Debug\Exceptions->exceptionHandler(Object(Error))
#8 {main}
  thrown
【Previous Exception】
Error
Class "Locale" not found
#0 D:\Documents\git\ds1-2024\bimestre1\exercicio2-codeigniter4\public\index.php(67): CodeIgniter\CodeIgniter->initialize()
#1 {main}
in SYSTEMPATH\Helpers\number_helper.php on line 137.
 1 [internal function]: CodeIgniter\Debug\Exceptions->shutdownHandler()
CRITICAL - 2024-03-13 23:04:36 --> Error: Class "Locale" not found
in SYSTEMPATH\CodeIgniter.php on line 218.
 1 FCPATH\index.php(67): CodeIgniter\CodeIgniter->initialize()
CRITICAL - 2024-03-13 23:04:36 --> ErrorException: Uncaught Error: Class "Locale" not found in D:\Documents\git\ds1-2024\bimestre1\exercicio2-codeigniter4\system\Helpers\number_helper.php:137
Stack trace:
#0 D:\Documents\git\ds1-2024\bimestre1\exercicio2-codeigniter4\system\Helpers\number_helper.php(56): format_number(6.0, 2, NULL, Array)
#1 D:\Documents\git\ds1-2024\bimestre1\exercicio2-codeigniter4\system\Debug\BaseExceptionHandler.php(152): number_to_size(6.0, 2)
#2 D:\Documents\git\ds1-2024\bimestre1\exercicio2-codeigniter4\app\Views\errors\html\error_exception.php(384): CodeIgniter\Debug\BaseExceptionHandler::describeMemory(6291456)
#3 D:\Documents\git\ds1-2024\bimestre1\exercicio2-codeigniter4\system\Debug\BaseExceptionHandler.php(258): include('D:\\Documents\\gi...')
#4 D:\Documents\git\ds1-2024\bimestre1\exercicio2-codeigniter4\system\Debug\BaseExceptionHandler.php(261): CodeIgniter\Debug\BaseExceptionHandler->CodeIgniter\Debug\{closure}()
#5 D:\Documents\git\ds1-2024\bimestre1\exercicio2-codeigniter4\system\Debug\ExceptionHandler.php(112): CodeIgniter\Debug\BaseExceptionHandler->render(Object(Error), 500, 'D:\\Documents\\gi...')
#6 D:\Documents\git\ds1-2024\bimestre1\exercicio2-codeigniter4\system\Debug\Exceptions.php(156): CodeIgniter\Debug\ExceptionHandler->handle(Object(Error), Object(CodeIgniter\HTTP\IncomingRequest), Object(CodeIgniter\HTTP\Response), 500, 1)
#7 [internal function]: CodeIgniter\Debug\Exceptions->exceptionHandler(Object(Error))
#8 {main}
  thrown
【Previous Exception】
Error
Class "Locale" not found
#0 D:\Documents\git\ds1-2024\bimestre1\exercicio2-codeigniter4\public\index.php(67): CodeIgniter\CodeIgniter->initialize()
#1 {main}
in SYSTEMPATH\Helpers\number_helper.php on line 137.
 1 [internal function]: CodeIgniter\Debug\Exceptions->shutdownHandler()
CRITICAL - 2024-03-13 23:04:37 --> Error: Class "Locale" not found
in SYSTEMPATH\CodeIgniter.php on line 218.
 1 FCPATH\index.php(67): CodeIgniter\CodeIgniter->initialize()
CRITICAL - 2024-03-13 23:04:37 --> ErrorException: Uncaught Error: Class "Locale" not found in D:\Documents\git\ds1-2024\bimestre1\exercicio2-codeigniter4\system\Helpers\number_helper.php:137
Stack trace:
#0 D:\Documents\git\ds1-2024\bimestre1\exercicio2-codeigniter4\system\Helpers\number_helper.php(56): format_number(6.0, 2, NULL, Array)
#1 D:\Documents\git\ds1-2024\bimestre1\exercicio2-codeigniter4\system\Debug\BaseExceptionHandler.php(152): number_to_size(6.0, 2)
#2 D:\Documents\git\ds1-2024\bimestre1\exercicio2-codeigniter4\app\Views\errors\html\error_exception.php(384): CodeIgniter\Debug\BaseExceptionHandler::describeMemory(6291456)
#3 D:\Documents\git\ds1-2024\bimestre1\exercicio2-codeigniter4\system\Debug\BaseExceptionHandler.php(258): include('D:\\Documents\\gi...')
#4 D:\Documents\git\ds1-2024\bimestre1\exercicio2-codeigniter4\system\Debug\BaseExceptionHandler.php(261): CodeIgniter\Debug\BaseExceptionHandler->CodeIgniter\Debug\{closure}()
#5 D:\Documents\git\ds1-2024\bimestre1\exercicio2-codeigniter4\system\Debug\ExceptionHandler.php(112): CodeIgniter\Debug\BaseExceptionHandler->render(Object(Error), 500, 'D:\\Documents\\gi...')
#6 D:\Documents\git\ds1-2024\bimestre1\exercicio2-codeigniter4\system\Debug\Exceptions.php(156): CodeIgniter\Debug\ExceptionHandler->handle(Object(Error), Object(CodeIgniter\HTTP\IncomingRequest), Object(CodeIgniter\HTTP\Response), 500, 1)
#7 [internal function]: CodeIgniter\Debug\Exceptions->exceptionHandler(Object(Error))
#8 {main}
  thrown
【Previous Exception】
Error
Class "Locale" not found
#0 D:\Documents\git\ds1-2024\bimestre1\exercicio2-codeigniter4\public\index.php(67): CodeIgniter\CodeIgniter->initialize()
#1 {main}
in SYSTEMPATH\Helpers\number_helper.php on line 137.
 1 [internal function]: CodeIgniter\Debug\Exceptions->shutdownHandler()
CRITICAL - 2024-03-13 23:04:38 --> Error: Class "Locale" not found
in SYSTEMPATH\CodeIgniter.php on line 218.
 1 FCPATH\index.php(67): CodeIgniter\CodeIgniter->initialize()
CRITICAL - 2024-03-13 23:04:38 --> ErrorException: Uncaught Error: Class "Locale" not found in D:\Documents\git\ds1-2024\bimestre1\exercicio2-codeigniter4\system\Helpers\number_helper.php:137
Stack trace:
#0 D:\Documents\git\ds1-2024\bimestre1\exercicio2-codeigniter4\system\Helpers\number_helper.php(56): format_number(6.0, 2, NULL, Array)
#1 D:\Documents\git\ds1-2024\bimestre1\exercicio2-codeigniter4\system\Debug\BaseExceptionHandler.php(152): number_to_size(6.0, 2)
#2 D:\Documents\git\ds1-2024\bimestre1\exercicio2-codeigniter4\app\Views\errors\html\error_exception.php(384): CodeIgniter\Debug\BaseExceptionHandler::describeMemory(6291456)
#3 D:\Documents\git\ds1-2024\bimestre1\exercicio2-codeigniter4\system\Debug\BaseExceptionHandler.php(258): include('D:\\Documents\\gi...')
#4 D:\Documents\git\ds1-2024\bimestre1\exercicio2-codeigniter4\system\Debug\BaseExceptionHandler.php(261): CodeIgniter\Debug\BaseExceptionHandler->CodeIgniter\Debug\{closure}()
#5 D:\Documents\git\ds1-2024\bimestre1\exercicio2-codeigniter4\system\Debug\ExceptionHandler.php(112): CodeIgniter\Debug\BaseExceptionHandler->render(Object(Error), 500, 'D:\\Documents\\gi...')
#6 D:\Documents\git\ds1-2024\bimestre1\exercicio2-codeigniter4\system\Debug\Exceptions.php(156): CodeIgniter\Debug\ExceptionHandler->handle(Object(Error), Object(CodeIgniter\HTTP\IncomingRequest), Object(CodeIgniter\HTTP\Response), 500, 1)
#7 [internal function]: CodeIgniter\Debug\Exceptions->exceptionHandler(Object(Error))
#8 {main}
  thrown
【Previous Exception】
Error
Class "Locale" not found
#0 D:\Documents\git\ds1-2024\bimestre1\exercicio2-codeigniter4\public\index.php(67): CodeIgniter\CodeIgniter->initialize()
#1 {main}
in SYSTEMPATH\Helpers\number_helper.php on line 137.
 1 [internal function]: CodeIgniter\Debug\Exceptions->shutdownHandler()
CRITICAL - 2024-03-13 23:04:40 --> Error: Class "Locale" not found
in SYSTEMPATH\CodeIgniter.php on line 218.
 1 FCPATH\index.php(67): CodeIgniter\CodeIgniter->initialize()
CRITICAL - 2024-03-13 23:04:40 --> ErrorException: Uncaught Error: Class "Locale" not found in D:\Documents\git\ds1-2024\bimestre1\exercicio2-codeigniter4\system\Helpers\number_helper.php:137
Stack trace:
#0 D:\Documents\git\ds1-2024\bimestre1\exercicio2-codeigniter4\system\Helpers\number_helper.php(56): format_number(6.0, 2, NULL, Array)
#1 D:\Documents\git\ds1-2024\bimestre1\exercicio2-codeigniter4\system\Debug\BaseExceptionHandler.php(152): number_to_size(6.0, 2)
#2 D:\Documents\git\ds1-2024\bimestre1\exercicio2-codeigniter4\app\Views\errors\html\error_exception.php(384): CodeIgniter\Debug\BaseExceptionHandler::describeMemory(6291456)
#3 D:\Documents\git\ds1-2024\bimestre1\exercicio2-codeigniter4\system\Debug\BaseExceptionHandler.php(258): include('D:\\Documents\\gi...')
#4 D:\Documents\git\ds1-2024\bimestre1\exercicio2-codeigniter4\system\Debug\BaseExceptionHandler.php(261): CodeIgniter\Debug\BaseExceptionHandler->CodeIgniter\Debug\{closure}()
#5 D:\Documents\git\ds1-2024\bimestre1\exercicio2-codeigniter4\system\Debug\ExceptionHandler.php(112): CodeIgniter\Debug\BaseExceptionHandler->render(Object(Error), 500, 'D:\\Documents\\gi...')
#6 D:\Documents\git\ds1-2024\bimestre1\exercicio2-codeigniter4\system\Debug\Exceptions.php(156): CodeIgniter\Debug\ExceptionHandler->handle(Object(Error), Object(CodeIgniter\HTTP\IncomingRequest), Object(CodeIgniter\HTTP\Response), 500, 1)
#7 [internal function]: CodeIgniter\Debug\Exceptions->exceptionHandler(Object(Error))
#8 {main}
  thrown
【Previous Exception】
Error
Class "Locale" not found
#0 D:\Documents\git\ds1-2024\bimestre1\exercicio2-codeigniter4\public\index.php(67): CodeIgniter\CodeIgniter->initialize()
#1 {main}
in SYSTEMPATH\Helpers\number_helper.php on line 137.
 1 [internal function]: CodeIgniter\Debug\Exceptions->shutdownHandler()
ERROR - 2024-03-13 22:40:24 --> Error connecting to the database: mysqli_sql_exception: Access denied for user 'root'@'localhost' (using password: YES) in D:\Documents\git\ds1-2024\bimestre1\exercicio2-codeigniter4\system\Database\MySQLi\Connection.php:184
Stack trace:
#0 D:\Documents\git\ds1-2024\bimestre1\exercicio2-codeigniter4\system\Database\MySQLi\Connection.php(184): mysqli->real_connect('localhost', 'root', Object(SensitiveParameterValue), 'first_am', 3306, '', 0)
#1 D:\Documents\git\ds1-2024\bimestre1\exercicio2-codeigniter4\system\Database\BaseConnection.php(392): CodeIgniter\Database\MySQLi\Connection->connect(false)
#2 D:\Documents\git\ds1-2024\bimestre1\exercicio2-codeigniter4\system\Database\BaseConnection.php(575): CodeIgniter\Database\BaseConnection->initialize()
#3 D:\Documents\git\ds1-2024\bimestre1\exercicio2-codeigniter4\system\Database\BaseBuilder.php(1616): CodeIgniter\Database\BaseConnection->query('SELECT *\nFROM `...', Array, false)
#4 D:\Documents\git\ds1-2024\bimestre1\exercicio2-codeigniter4\system\Model.php(242): CodeIgniter\Database\BaseBuilder->get()
#5 D:\Documents\git\ds1-2024\bimestre1\exercicio2-codeigniter4\system\BaseModel.php(638): CodeIgniter\Model->doFindAll(0, 0)
#6 D:\Documents\git\ds1-2024\bimestre1\exercicio2-codeigniter4\app\Controllers\Home.php(17): CodeIgniter\BaseModel->findAll()
#7 D:\Documents\git\ds1-2024\bimestre1\exercicio2-codeigniter4\system\CodeIgniter.php(941): App\Controllers\Home->receive_data()
#8 D:\Documents\git\ds1-2024\bimestre1\exercicio2-codeigniter4\system\CodeIgniter.php(502): CodeIgniter\CodeIgniter->runController(Object(App\Controllers\Home))
#9 D:\Documents\git\ds1-2024\bimestre1\exercicio2-codeigniter4\system\CodeIgniter.php(361): CodeIgniter\CodeIgniter->handleRequest(NULL, Object(Config\Cache), false)
#10 D:\Documents\git\ds1-2024\bimestre1\exercicio2-codeigniter4\public\index.php(79): CodeIgniter\CodeIgniter->run()
#11 {main}

Next CodeIgniter\Database\Exceptions\DatabaseException: Access denied for user '****'@'localhost' (using ****: YES) in D:\Documents\git\ds1-2024\bimestre1\exercicio2-codeigniter4\system\Database\MySQLi\Connection.php:229
Stack trace:
#0 D:\Documents\git\ds1-2024\bimestre1\exercicio2-codeigniter4\system\Database\BaseConnection.php(392): CodeIgniter\Database\MySQLi\Connection->connect(false)
#1 D:\Documents\git\ds1-2024\bimestre1\exercicio2-codeigniter4\system\Database\BaseConnection.php(575): CodeIgniter\Database\BaseConnection->initialize()
#2 D:\Documents\git\ds1-2024\bimestre1\exercicio2-codeigniter4\system\Database\BaseBuilder.php(1616): CodeIgniter\Database\BaseConnection->query('SELECT *\nFROM `...', Array, false)
#3 D:\Documents\git\ds1-2024\bimestre1\exercicio2-codeigniter4\system\Model.php(242): CodeIgniter\Database\BaseBuilder->get()
#4 D:\Documents\git\ds1-2024\bimestre1\exercicio2-codeigniter4\system\BaseModel.php(638): CodeIgniter\Model->doFindAll(0, 0)
#5 D:\Documents\git\ds1-2024\bimestre1\exercicio2-codeigniter4\app\Controllers\Home.php(17): CodeIgniter\BaseModel->findAll()
#6 D:\Documents\git\ds1-2024\bimestre1\exercicio2-codeigniter4\system\CodeIgniter.php(941): App\Controllers\Home->receive_data()
#7 D:\Documents\git\ds1-2024\bimestre1\exercicio2-codeigniter4\system\CodeIgniter.php(502): CodeIgniter\CodeIgniter->runController(Object(App\Controllers\Home))
#8 D:\Documents\git\ds1-2024\bimestre1\exercicio2-codeigniter4\system\CodeIgniter.php(361): CodeIgniter\CodeIgniter->handleRequest(NULL, Object(Config\Cache), false)
#9 D:\Documents\git\ds1-2024\bimestre1\exercicio2-codeigniter4\public\index.php(79): CodeIgniter\CodeIgniter->run()
#10 {main}
CRITICAL - 2024-03-13 22:40:24 --> CodeIgniter\Database\Exceptions\DatabaseException: Unable to connect to the database.
Main connection [MySQLi]: Access denied for user '****'@'localhost' (using ****: YES)
in SYSTEMPATH\Database\BaseConnection.php on line 428.
 1 SYSTEMPATH\Database\BaseConnection.php(575): CodeIgniter\Database\BaseConnection->initialize()
 2 SYSTEMPATH\Database\BaseBuilder.php(1616): CodeIgniter\Database\BaseConnection->query('SELECT *
FROM `artistas`', [], false)
 3 SYSTEMPATH\Model.php(242): CodeIgniter\Database\BaseBuilder->get()
 4 SYSTEMPATH\BaseModel.php(638): CodeIgniter\Model->doFindAll(0, 0)
 5 APPPATH\Controllers\Home.php(17): CodeIgniter\BaseModel->findAll()
 6 SYSTEMPATH\CodeIgniter.php(941): App\Controllers\Home->receive_data()
 7 SYSTEMPATH\CodeIgniter.php(502): CodeIgniter\CodeIgniter->runController(Object(App\Controllers\Home))
 8 SYSTEMPATH\CodeIgniter.php(361): CodeIgniter\CodeIgniter->handleRequest(null, Object(Config\Cache), false)
 9 FCPATH\index.php(79): CodeIgniter\CodeIgniter->run()
CRITICAL - 2024-03-13 22:42:09 --> ErrorException: Undefined variable $data
in APPPATH\Controllers\Home.php on line 16.
 1 APPPATH\Controllers\Home.php(16): CodeIgniter\Debug\Exceptions->errorHandler(2, 'Undefined variable $data', 'D:\\Documents\\git\\ds1-2024\\bimestre1\\exercicio2-codeigniter4\\app\\Controllers\\Home.php', 16)
 2 SYSTEMPATH\CodeIgniter.php(941): App\Controllers\Home->receive_data()
 3 SYSTEMPATH\CodeIgniter.php(502): CodeIgniter\CodeIgniter->runController(Object(App\Controllers\Home))
 4 SYSTEMPATH\CodeIgniter.php(361): CodeIgniter\CodeIgniter->handleRequest(null, Object(Config\Cache), false)
 5 FCPATH\index.php(79): CodeIgniter\CodeIgniter->run()
CRITICAL - 2024-03-13 23:23:23 --> ErrorException: Undefined variable $result
in APPPATH\Views\music.php on line 25.
 1 APPPATH\Views\music.php(25): CodeIgniter\Debug\Exceptions->errorHandler(2, 'Undefined variable $result', 'D:\\Documents\\git\\ds1-2024\\bimestre1\\exercicio2-codeigniter4\\app\\Views\\music.php', 25)
 2 SYSTEMPATH\View\View.php(228): include('D:\\Documents\\git\\ds1-2024\\bimestre1\\exercicio2-codeigniter4\\app\\Views\\music.php')
 3 SYSTEMPATH\View\View.php(231): CodeIgniter\View\View->CodeIgniter\View\{closure}()
 4 SYSTEMPATH\Common.php(1178): CodeIgniter\View\View->render('music', [], true)
 5 APPPATH\Controllers\Home.php(37): view('music')
 6 SYSTEMPATH\CodeIgniter.php(941): App\Controllers\Home->form()
 7 SYSTEMPATH\CodeIgniter.php(502): CodeIgniter\CodeIgniter->runController(Object(App\Controllers\Home))
 8 SYSTEMPATH\CodeIgniter.php(361): CodeIgniter\CodeIgniter->handleRequest(null, Object(Config\Cache), false)
 9 FCPATH\index.php(79): CodeIgniter\CodeIgniter->run()
CRITICAL - 2024-03-13 23:24:16 --> ErrorException: Undefined variable $result
in APPPATH\Views\music.php on line 25.
 1 APPPATH\Views\music.php(25): CodeIgniter\Debug\Exceptions->errorHandler(2, 'Undefined variable $result', 'D:\\Documents\\git\\ds1-2024\\bimestre1\\exercicio2-codeigniter4\\app\\Views\\music.php', 25)
 2 SYSTEMPATH\View\View.php(228): include('D:\\Documents\\git\\ds1-2024\\bimestre1\\exercicio2-codeigniter4\\app\\Views\\music.php')
 3 SYSTEMPATH\View\View.php(231): CodeIgniter\View\View->CodeIgniter\View\{closure}()
 4 SYSTEMPATH\Common.php(1178): CodeIgniter\View\View->render('music', [], true)
 5 APPPATH\Controllers\Home.php(36): view('music')
 6 SYSTEMPATH\CodeIgniter.php(941): App\Controllers\Home->form()
 7 SYSTEMPATH\CodeIgniter.php(502): CodeIgniter\CodeIgniter->runController(Object(App\Controllers\Home))
 8 SYSTEMPATH\CodeIgniter.php(361): CodeIgniter\CodeIgniter->handleRequest(null, Object(Config\Cache), false)
 9 FCPATH\index.php(79): CodeIgniter\CodeIgniter->run()
CRITICAL - 2024-03-13 23:25:33 --> ErrorException: Undefined variable $result
in APPPATH\Views\index.php on line 25.
 1 APPPATH\Views\index.php(25): CodeIgniter\Debug\Exceptions->errorHandler(2, 'Undefined variable $result', 'D:\\Documents\\git\\ds1-2024\\bimestre1\\exercicio2-codeigniter4\\app\\Views\\index.php', 25)
 2 SYSTEMPATH\View\View.php(228): include('D:\\Documents\\git\\ds1-2024\\bimestre1\\exercicio2-codeigniter4\\app\\Views\\index.php')
 3 SYSTEMPATH\View\View.php(231): CodeIgniter\View\View->CodeIgniter\View\{closure}()
 4 SYSTEMPATH\Common.php(1178): CodeIgniter\View\View->render('index', [], true)
 5 APPPATH\Controllers\Home.php(10): view('index')
 6 SYSTEMPATH\CodeIgniter.php(941): App\Controllers\Home->index()
 7 SYSTEMPATH\CodeIgniter.php(502): CodeIgniter\CodeIgniter->runController(Object(App\Controllers\Home))
 8 SYSTEMPATH\CodeIgniter.php(361): CodeIgniter\CodeIgniter->handleRequest(null, Object(Config\Cache), false)
 9 FCPATH\index.php(79): CodeIgniter\CodeIgniter->run()
CRITICAL - 2024-03-13 23:25:49 --> ErrorException: Undefined variable $result
in APPPATH\Views\index.php on line 25.
 1 APPPATH\Views\index.php(25): CodeIgniter\Debug\Exceptions->errorHandler(2, 'Undefined variable $result', 'D:\\Documents\\git\\ds1-2024\\bimestre1\\exercicio2-codeigniter4\\app\\Views\\index.php', 25)
 2 SYSTEMPATH\View\View.php(228): include('D:\\Documents\\git\\ds1-2024\\bimestre1\\exercicio2-codeigniter4\\app\\Views\\index.php')
 3 SYSTEMPATH\View\View.php(231): CodeIgniter\View\View->CodeIgniter\View\{closure}()
 4 SYSTEMPATH\Common.php(1178): CodeIgniter\View\View->render('index', [], true)
 5 APPPATH\Controllers\Home.php(10): view('index')
 6 SYSTEMPATH\CodeIgniter.php(941): App\Controllers\Home->index()
 7 SYSTEMPATH\CodeIgniter.php(502): CodeIgniter\CodeIgniter->runController(Object(App\Controllers\Home))
 8 SYSTEMPATH\CodeIgniter.php(361): CodeIgniter\CodeIgniter->handleRequest(null, Object(Config\Cache), false)
 9 FCPATH\index.php(79): CodeIgniter\CodeIgniter->run()
CRITICAL - 2024-03-13 23:26:15 --> ErrorException: Undefined variable $result
in APPPATH\Views\index.php on line 25.
 1 APPPATH\Views\index.php(25): CodeIgniter\Debug\Exceptions->errorHandler(2, 'Undefined variable $result', 'D:\\Documents\\git\\ds1-2024\\bimestre1\\exercicio2-codeigniter4\\app\\Views\\index.php', 25)
 2 SYSTEMPATH\View\View.php(228): include('D:\\Documents\\git\\ds1-2024\\bimestre1\\exercicio2-codeigniter4\\app\\Views\\index.php')
 3 SYSTEMPATH\View\View.php(231): CodeIgniter\View\View->CodeIgniter\View\{closure}()
 4 SYSTEMPATH\Common.php(1178): CodeIgniter\View\View->render('index', [], true)
 5 APPPATH\Controllers\Home.php(10): view('index')
 6 SYSTEMPATH\CodeIgniter.php(941): App\Controllers\Home->index()
 7 SYSTEMPATH\CodeIgniter.php(502): CodeIgniter\CodeIgniter->runController(Object(App\Controllers\Home))
 8 SYSTEMPATH\CodeIgniter.php(361): CodeIgniter\CodeIgniter->handleRequest(null, Object(Config\Cache), false)
 9 FCPATH\index.php(79): CodeIgniter\CodeIgniter->run()
CRITICAL - 2024-03-13 23:26:21 --> ErrorException: Undefined variable $result
in APPPATH\Views\index.php on line 25.
 1 APPPATH\Views\index.php(25): CodeIgniter\Debug\Exceptions->errorHandler(2, 'Undefined variable $result', 'D:\\Documents\\git\\ds1-2024\\bimestre1\\exercicio2-codeigniter4\\app\\Views\\index.php', 25)
 2 SYSTEMPATH\View\View.php(228): include('D:\\Documents\\git\\ds1-2024\\bimestre1\\exercicio2-codeigniter4\\app\\Views\\index.php')
 3 SYSTEMPATH\View\View.php(231): CodeIgniter\View\View->CodeIgniter\View\{closure}()
 4 SYSTEMPATH\Common.php(1178): CodeIgniter\View\View->render('index', [], true)
 5 APPPATH\Controllers\Home.php(10): view('index')
 6 SYSTEMPATH\CodeIgniter.php(941): App\Controllers\Home->index()
 7 SYSTEMPATH\CodeIgniter.php(502): CodeIgniter\CodeIgniter->runController(Object(App\Controllers\Home))
 8 SYSTEMPATH\CodeIgniter.php(361): CodeIgniter\CodeIgniter->handleRequest(null, Object(Config\Cache), false)
 9 FCPATH\index.php(79): CodeIgniter\CodeIgniter->run()
CRITICAL - 2024-03-13 23:28:19 --> ErrorException: Undefined variable $result
in APPPATH\Views\index.php on line 25.
 1 APPPATH\Views\index.php(25): CodeIgniter\Debug\Exceptions->errorHandler(2, 'Undefined variable $result', 'D:\\Documents\\git\\ds1-2024\\bimestre1\\exercicio2-codeigniter4\\app\\Views\\index.php', 25)
 2 SYSTEMPATH\View\View.php(228): include('D:\\Documents\\git\\ds1-2024\\bimestre1\\exercicio2-codeigniter4\\app\\Views\\index.php')
 3 SYSTEMPATH\View\View.php(231): CodeIgniter\View\View->CodeIgniter\View\{closure}()
 4 SYSTEMPATH\Common.php(1178): CodeIgniter\View\View->render('index', [], true)
 5 APPPATH\Controllers\Home.php(10): view('index')
 6 SYSTEMPATH\CodeIgniter.php(941): App\Controllers\Home->index()
 7 SYSTEMPATH\CodeIgniter.php(502): CodeIgniter\CodeIgniter->runController(Object(App\Controllers\Home))
 8 SYSTEMPATH\CodeIgniter.php(361): CodeIgniter\CodeIgniter->handleRequest(null, Object(Config\Cache), false)
 9 FCPATH\index.php(79): CodeIgniter\CodeIgniter->run()
CRITICAL - 2024-03-13 23:28:21 --> ErrorException: Undefined variable $result
in APPPATH\Views\index.php on line 25.
 1 APPPATH\Views\index.php(25): CodeIgniter\Debug\Exceptions->errorHandler(2, 'Undefined variable $result', 'D:\\Documents\\git\\ds1-2024\\bimestre1\\exercicio2-codeigniter4\\app\\Views\\index.php', 25)
 2 SYSTEMPATH\View\View.php(228): include('D:\\Documents\\git\\ds1-2024\\bimestre1\\exercicio2-codeigniter4\\app\\Views\\index.php')
 3 SYSTEMPATH\View\View.php(231): CodeIgniter\View\View->CodeIgniter\View\{closure}()
 4 SYSTEMPATH\Common.php(1178): CodeIgniter\View\View->render('index', [], true)
 5 APPPATH\Controllers\Home.php(10): view('index')
 6 SYSTEMPATH\CodeIgniter.php(941): App\Controllers\Home->index()
 7 SYSTEMPATH\CodeIgniter.php(502): CodeIgniter\CodeIgniter->runController(Object(App\Controllers\Home))
 8 SYSTEMPATH\CodeIgniter.php(361): CodeIgniter\CodeIgniter->handleRequest(null, Object(Config\Cache), false)
 9 FCPATH\index.php(79): CodeIgniter\CodeIgniter->run()
CRITICAL - 2024-03-13 23:29:00 --> ErrorException: Undefined variable $result
in APPPATH\Views\index.php on line 25.
 1 APPPATH\Views\index.php(25): CodeIgniter\Debug\Exceptions->errorHandler(2, 'Undefined variable $result', 'D:\\Documents\\git\\ds1-2024\\bimestre1\\exercicio2-codeigniter4\\app\\Views\\index.php', 25)
 2 SYSTEMPATH\View\View.php(228): include('D:\\Documents\\git\\ds1-2024\\bimestre1\\exercicio2-codeigniter4\\app\\Views\\index.php')
 3 SYSTEMPATH\View\View.php(231): CodeIgniter\View\View->CodeIgniter\View\{closure}()
 4 SYSTEMPATH\Common.php(1178): CodeIgniter\View\View->render('index', [], true)
 5 APPPATH\Controllers\Home.php(10): view('index')
 6 SYSTEMPATH\CodeIgniter.php(941): App\Controllers\Home->index()
 7 SYSTEMPATH\CodeIgniter.php(502): CodeIgniter\CodeIgniter->runController(Object(App\Controllers\Home))
 8 SYSTEMPATH\CodeIgniter.php(361): CodeIgniter\CodeIgniter->handleRequest(null, Object(Config\Cache), false)
 9 FCPATH\index.php(79): CodeIgniter\CodeIgniter->run()
CRITICAL - 2024-03-13 23:29:01 --> ErrorException: Undefined variable $result
in APPPATH\Views\index.php on line 25.
 1 APPPATH\Views\index.php(25): CodeIgniter\Debug\Exceptions->errorHandler(2, 'Undefined variable $result', 'D:\\Documents\\git\\ds1-2024\\bimestre1\\exercicio2-codeigniter4\\app\\Views\\index.php', 25)
 2 SYSTEMPATH\View\View.php(228): include('D:\\Documents\\git\\ds1-2024\\bimestre1\\exercicio2-codeigniter4\\app\\Views\\index.php')
 3 SYSTEMPATH\View\View.php(231): CodeIgniter\View\View->CodeIgniter\View\{closure}()
 4 SYSTEMPATH\Common.php(1178): CodeIgniter\View\View->render('index', [], true)
 5 APPPATH\Controllers\Home.php(10): view('index')
 6 SYSTEMPATH\CodeIgniter.php(941): App\Controllers\Home->index()
 7 SYSTEMPATH\CodeIgniter.php(502): CodeIgniter\CodeIgniter->runController(Object(App\Controllers\Home))
 8 SYSTEMPATH\CodeIgniter.php(361): CodeIgniter\CodeIgniter->handleRequest(null, Object(Config\Cache), false)
 9 FCPATH\index.php(79): CodeIgniter\CodeIgniter->run()
CRITICAL - 2024-03-13 23:32:31 --> ErrorException: Undefined variable $result
in APPPATH\Views\index.php on line 25.
 1 APPPATH\Views\index.php(25): CodeIgniter\Debug\Exceptions->errorHandler(2, 'Undefined variable $result', 'D:\\Documents\\git\\ds1-2024\\bimestre1\\exercicio2-codeigniter4\\app\\Views\\index.php', 25)
 2 SYSTEMPATH\View\View.php(228): include('D:\\Documents\\git\\ds1-2024\\bimestre1\\exercicio2-codeigniter4\\app\\Views\\index.php')
 3 SYSTEMPATH\View\View.php(231): CodeIgniter\View\View->CodeIgniter\View\{closure}()
 4 SYSTEMPATH\Common.php(1178): CodeIgniter\View\View->render('index', [], true)
 5 APPPATH\Controllers\Home.php(10): view('index')
 6 SYSTEMPATH\CodeIgniter.php(941): App\Controllers\Home->index()
 7 SYSTEMPATH\CodeIgniter.php(502): CodeIgniter\CodeIgniter->runController(Object(App\Controllers\Home))
 8 SYSTEMPATH\CodeIgniter.php(361): CodeIgniter\CodeIgniter->handleRequest(null, Object(Config\Cache), false)
 9 FCPATH\index.php(79): CodeIgniter\CodeIgniter->run()
CRITICAL - 2024-03-13 23:32:33 --> ErrorException: Undefined variable $result
in APPPATH\Views\index.php on line 25.
 1 APPPATH\Views\index.php(25): CodeIgniter\Debug\Exceptions->errorHandler(2, 'Undefined variable $result', 'D:\\Documents\\git\\ds1-2024\\bimestre1\\exercicio2-codeigniter4\\app\\Views\\index.php', 25)
 2 SYSTEMPATH\View\View.php(228): include('D:\\Documents\\git\\ds1-2024\\bimestre1\\exercicio2-codeigniter4\\app\\Views\\index.php')
 3 SYSTEMPATH\View\View.php(231): CodeIgniter\View\View->CodeIgniter\View\{closure}()
 4 SYSTEMPATH\Common.php(1178): CodeIgniter\View\View->render('index', [], true)
 5 APPPATH\Controllers\Home.php(10): view('index')
 6 SYSTEMPATH\CodeIgniter.php(941): App\Controllers\Home->index()
 7 SYSTEMPATH\CodeIgniter.php(502): CodeIgniter\CodeIgniter->runController(Object(App\Controllers\Home))
 8 SYSTEMPATH\CodeIgniter.php(361): CodeIgniter\CodeIgniter->handleRequest(null, Object(Config\Cache), false)
 9 FCPATH\index.php(79): CodeIgniter\CodeIgniter->run()
CRITICAL - 2024-03-13 23:33:14 --> ErrorException: Undefined variable $result
in APPPATH\Views\index.php on line 25.
 1 APPPATH\Views\index.php(25): CodeIgniter\Debug\Exceptions->errorHandler(2, 'Undefined variable $result', 'D:\\Documents\\git\\ds1-2024\\bimestre1\\exercicio2-codeigniter4\\app\\Views\\index.php', 25)
 2 SYSTEMPATH\View\View.php(228): include('D:\\Documents\\git\\ds1-2024\\bimestre1\\exercicio2-codeigniter4\\app\\Views\\index.php')
 3 SYSTEMPATH\View\View.php(231): CodeIgniter\View\View->CodeIgniter\View\{closure}()
 4 SYSTEMPATH\Common.php(1178): CodeIgniter\View\View->render('index', [], true)
 5 APPPATH\Controllers\Home.php(10): view('index')
 6 SYSTEMPATH\CodeIgniter.php(941): App\Controllers\Home->index()
 7 SYSTEMPATH\CodeIgniter.php(502): CodeIgniter\CodeIgniter->runController(Object(App\Controllers\Home))
 8 SYSTEMPATH\CodeIgniter.php(361): CodeIgniter\CodeIgniter->handleRequest(null, Object(Config\Cache), false)
 9 FCPATH\index.php(79): CodeIgniter\CodeIgniter->run()
CRITICAL - 2024-03-13 23:33:15 --> ErrorException: Undefined variable $result
in APPPATH\Views\index.php on line 25.
 1 APPPATH\Views\index.php(25): CodeIgniter\Debug\Exceptions->errorHandler(2, 'Undefined variable $result', 'D:\\Documents\\git\\ds1-2024\\bimestre1\\exercicio2-codeigniter4\\app\\Views\\index.php', 25)
 2 SYSTEMPATH\View\View.php(228): include('D:\\Documents\\git\\ds1-2024\\bimestre1\\exercicio2-codeigniter4\\app\\Views\\index.php')
 3 SYSTEMPATH\View\View.php(231): CodeIgniter\View\View->CodeIgniter\View\{closure}()
 4 SYSTEMPATH\Common.php(1178): CodeIgniter\View\View->render('index', [], true)
 5 APPPATH\Controllers\Home.php(10): view('index')
 6 SYSTEMPATH\CodeIgniter.php(941): App\Controllers\Home->index()
 7 SYSTEMPATH\CodeIgniter.php(502): CodeIgniter\CodeIgniter->runController(Object(App\Controllers\Home))
 8 SYSTEMPATH\CodeIgniter.php(361): CodeIgniter\CodeIgniter->handleRequest(null, Object(Config\Cache), false)
 9 FCPATH\index.php(79): CodeIgniter\CodeIgniter->run()
CRITICAL - 2024-03-13 23:34:16 --> ErrorException: Undefined variable $result
in APPPATH\Views\index.php on line 25.
 1 APPPATH\Views\index.php(25): CodeIgniter\Debug\Exceptions->errorHandler(2, 'Undefined variable $result', 'D:\\Documents\\git\\ds1-2024\\bimestre1\\exercicio2-codeigniter4\\app\\Views\\index.php', 25)
 2 SYSTEMPATH\View\View.php(228): include('D:\\Documents\\git\\ds1-2024\\bimestre1\\exercicio2-codeigniter4\\app\\Views\\index.php')
 3 SYSTEMPATH\View\View.php(231): CodeIgniter\View\View->CodeIgniter\View\{closure}()
 4 SYSTEMPATH\Common.php(1178): CodeIgniter\View\View->render('index', [], true)
 5 APPPATH\Controllers\Home.php(10): view('index')
 6 SYSTEMPATH\CodeIgniter.php(941): App\Controllers\Home->index()
 7 SYSTEMPATH\CodeIgniter.php(502): CodeIgniter\CodeIgniter->runController(Object(App\Controllers\Home))
 8 SYSTEMPATH\CodeIgniter.php(361): CodeIgniter\CodeIgniter->handleRequest(null, Object(Config\Cache), false)
 9 FCPATH\index.php(79): CodeIgniter\CodeIgniter->run()
CRITICAL - 2024-03-13 23:34:55 --> ErrorException: Undefined variable $result
in APPPATH\Views\index.php on line 25.
 1 APPPATH\Views\index.php(25): CodeIgniter\Debug\Exceptions->errorHandler(2, 'Undefined variable $result', 'D:\\Documents\\git\\ds1-2024\\bimestre1\\exercicio2-codeigniter4\\app\\Views\\index.php', 25)
 2 SYSTEMPATH\View\View.php(228): include('D:\\Documents\\git\\ds1-2024\\bimestre1\\exercicio2-codeigniter4\\app\\Views\\index.php')
 3 SYSTEMPATH\View\View.php(231): CodeIgniter\View\View->CodeIgniter\View\{closure}()
 4 SYSTEMPATH\Common.php(1178): CodeIgniter\View\View->render('index', [], true)
 5 APPPATH\Controllers\Home.php(10): view('index')
 6 SYSTEMPATH\CodeIgniter.php(941): App\Controllers\Home->index()
 7 SYSTEMPATH\CodeIgniter.php(502): CodeIgniter\CodeIgniter->runController(Object(App\Controllers\Home))
 8 SYSTEMPATH\CodeIgniter.php(361): CodeIgniter\CodeIgniter->handleRequest(null, Object(Config\Cache), false)
 9 FCPATH\index.php(79): CodeIgniter\CodeIgniter->run()
CRITICAL - 2024-03-13 23:34:56 --> ErrorException: Undefined variable $result
in APPPATH\Views\index.php on line 25.
 1 APPPATH\Views\index.php(25): CodeIgniter\Debug\Exceptions->errorHandler(2, 'Undefined variable $result', 'D:\\Documents\\git\\ds1-2024\\bimestre1\\exercicio2-codeigniter4\\app\\Views\\index.php', 25)
 2 SYSTEMPATH\View\View.php(228): include('D:\\Documents\\git\\ds1-2024\\bimestre1\\exercicio2-codeigniter4\\app\\Views\\index.php')
 3 SYSTEMPATH\View\View.php(231): CodeIgniter\View\View->CodeIgniter\View\{closure}()
 4 SYSTEMPATH\Common.php(1178): CodeIgniter\View\View->render('index', [], true)
 5 APPPATH\Controllers\Home.php(10): view('index')
 6 SYSTEMPATH\CodeIgniter.php(941): App\Controllers\Home->index()
 7 SYSTEMPATH\CodeIgniter.php(502): CodeIgniter\CodeIgniter->runController(Object(App\Controllers\Home))
 8 SYSTEMPATH\CodeIgniter.php(361): CodeIgniter\CodeIgniter->handleRequest(null, Object(Config\Cache), false)
 9 FCPATH\index.php(79): CodeIgniter\CodeIgniter->run()
CRITICAL - 2024-03-13 23:34:56 --> ErrorException: Undefined variable $result
in APPPATH\Views\index.php on line 25.
 1 APPPATH\Views\index.php(25): CodeIgniter\Debug\Exceptions->errorHandler(2, 'Undefined variable $result', 'D:\\Documents\\git\\ds1-2024\\bimestre1\\exercicio2-codeigniter4\\app\\Views\\index.php', 25)
 2 SYSTEMPATH\View\View.php(228): include('D:\\Documents\\git\\ds1-2024\\bimestre1\\exercicio2-codeigniter4\\app\\Views\\index.php')
 3 SYSTEMPATH\View\View.php(231): CodeIgniter\View\View->CodeIgniter\View\{closure}()
 4 SYSTEMPATH\Common.php(1178): CodeIgniter\View\View->render('index', [], true)
 5 APPPATH\Controllers\Home.php(10): view('index')
 6 SYSTEMPATH\CodeIgniter.php(941): App\Controllers\Home->index()
 7 SYSTEMPATH\CodeIgniter.php(502): CodeIgniter\CodeIgniter->runController(Object(App\Controllers\Home))
 8 SYSTEMPATH\CodeIgniter.php(361): CodeIgniter\CodeIgniter->handleRequest(null, Object(Config\Cache), false)
 9 FCPATH\index.php(79): CodeIgniter\CodeIgniter->run()
CRITICAL - 2024-03-13 23:34:56 --> ErrorException: Undefined variable $result
in APPPATH\Views\index.php on line 25.
 1 APPPATH\Views\index.php(25): CodeIgniter\Debug\Exceptions->errorHandler(2, 'Undefined variable $result', 'D:\\Documents\\git\\ds1-2024\\bimestre1\\exercicio2-codeigniter4\\app\\Views\\index.php', 25)
 2 SYSTEMPATH\View\View.php(228): include('D:\\Documents\\git\\ds1-2024\\bimestre1\\exercicio2-codeigniter4\\app\\Views\\index.php')
 3 SYSTEMPATH\View\View.php(231): CodeIgniter\View\View->CodeIgniter\View\{closure}()
 4 SYSTEMPATH\Common.php(1178): CodeIgniter\View\View->render('index', [], true)
 5 APPPATH\Controllers\Home.php(10): view('index')
 6 SYSTEMPATH\CodeIgniter.php(941): App\Controllers\Home->index()
 7 SYSTEMPATH\CodeIgniter.php(502): CodeIgniter\CodeIgniter->runController(Object(App\Controllers\Home))
 8 SYSTEMPATH\CodeIgniter.php(361): CodeIgniter\CodeIgniter->handleRequest(null, Object(Config\Cache), false)
 9 FCPATH\index.php(79): CodeIgniter\CodeIgniter->run()
CRITICAL - 2024-03-13 23:34:56 --> ErrorException: Undefined variable $result
in APPPATH\Views\index.php on line 25.
 1 APPPATH\Views\index.php(25): CodeIgniter\Debug\Exceptions->errorHandler(2, 'Undefined variable $result', 'D:\\Documents\\git\\ds1-2024\\bimestre1\\exercicio2-codeigniter4\\app\\Views\\index.php', 25)
 2 SYSTEMPATH\View\View.php(228): include('D:\\Documents\\git\\ds1-2024\\bimestre1\\exercicio2-codeigniter4\\app\\Views\\index.php')
 3 SYSTEMPATH\View\View.php(231): CodeIgniter\View\View->CodeIgniter\View\{closure}()
 4 SYSTEMPATH\Common.php(1178): CodeIgniter\View\View->render('index', [], true)
 5 APPPATH\Controllers\Home.php(10): view('index')
 6 SYSTEMPATH\CodeIgniter.php(941): App\Controllers\Home->index()
 7 SYSTEMPATH\CodeIgniter.php(502): CodeIgniter\CodeIgniter->runController(Object(App\Controllers\Home))
 8 SYSTEMPATH\CodeIgniter.php(361): CodeIgniter\CodeIgniter->handleRequest(null, Object(Config\Cache), false)
 9 FCPATH\index.php(79): CodeIgniter\CodeIgniter->run()
CRITICAL - 2024-03-13 23:35:12 --> ErrorException: Undefined variable $result
in APPPATH\Views\index.php on line 25.
 1 APPPATH\Views\index.php(25): CodeIgniter\Debug\Exceptions->errorHandler(2, 'Undefined variable $result', 'D:\\Documents\\git\\ds1-2024\\bimestre1\\exercicio2-codeigniter4\\app\\Views\\index.php', 25)
 2 SYSTEMPATH\View\View.php(228): include('D:\\Documents\\git\\ds1-2024\\bimestre1\\exercicio2-codeigniter4\\app\\Views\\index.php')
 3 SYSTEMPATH\View\View.php(231): CodeIgniter\View\View->CodeIgniter\View\{closure}()
 4 SYSTEMPATH\Common.php(1178): CodeIgniter\View\View->render('index', [], true)
 5 APPPATH\Controllers\Home.php(10): view('index')
 6 SYSTEMPATH\CodeIgniter.php(941): App\Controllers\Home->index()
 7 SYSTEMPATH\CodeIgniter.php(502): CodeIgniter\CodeIgniter->runController(Object(App\Controllers\Home))
 8 SYSTEMPATH\CodeIgniter.php(361): CodeIgniter\CodeIgniter->handleRequest(null, Object(Config\Cache), false)
 9 FCPATH\index.php(79): CodeIgniter\CodeIgniter->run()
CRITICAL - 2024-03-13 23:35:26 --> ErrorException: Undefined variable $result
in APPPATH\Views\index.php on line 25.
 1 APPPATH\Views\index.php(25): CodeIgniter\Debug\Exceptions->errorHandler(2, 'Undefined variable $result', 'D:\\Documents\\git\\ds1-2024\\bimestre1\\exercicio2-codeigniter4\\app\\Views\\index.php', 25)
 2 SYSTEMPATH\View\View.php(228): include('D:\\Documents\\git\\ds1-2024\\bimestre1\\exercicio2-codeigniter4\\app\\Views\\index.php')
 3 SYSTEMPATH\View\View.php(231): CodeIgniter\View\View->CodeIgniter\View\{closure}()
 4 SYSTEMPATH\Common.php(1178): CodeIgniter\View\View->render('index', [], true)
 5 APPPATH\Controllers\Home.php(10): view('index')
 6 SYSTEMPATH\CodeIgniter.php(941): App\Controllers\Home->index()
 7 SYSTEMPATH\CodeIgniter.php(502): CodeIgniter\CodeIgniter->runController(Object(App\Controllers\Home))
 8 SYSTEMPATH\CodeIgniter.php(361): CodeIgniter\CodeIgniter->handleRequest(null, Object(Config\Cache), false)
 9 FCPATH\index.php(79): CodeIgniter\CodeIgniter->run()
CRITICAL - 2024-03-13 23:35:34 --> ErrorException: Undefined variable $result
in APPPATH\Views\index.php on line 25.
 1 APPPATH\Views\index.php(25): CodeIgniter\Debug\Exceptions->errorHandler(2, 'Undefined variable $result', 'D:\\Documents\\git\\ds1-2024\\bimestre1\\exercicio2-codeigniter4\\app\\Views\\index.php', 25)
 2 SYSTEMPATH\View\View.php(228): include('D:\\Documents\\git\\ds1-2024\\bimestre1\\exercicio2-codeigniter4\\app\\Views\\index.php')
 3 SYSTEMPATH\View\View.php(231): CodeIgniter\View\View->CodeIgniter\View\{closure}()
 4 SYSTEMPATH\Common.php(1178): CodeIgniter\View\View->render('index', [], true)
 5 APPPATH\Controllers\Home.php(10): view('index')
 6 SYSTEMPATH\CodeIgniter.php(941): App\Controllers\Home->index()
 7 SYSTEMPATH\CodeIgniter.php(502): CodeIgniter\CodeIgniter->runController(Object(App\Controllers\Home))
 8 SYSTEMPATH\CodeIgniter.php(361): CodeIgniter\CodeIgniter->handleRequest(null, Object(Config\Cache), false)
 9 FCPATH\index.php(79): CodeIgniter\CodeIgniter->run()
CRITICAL - 2024-03-13 23:36:03 --> ErrorException: Undefined variable $result
in APPPATH\Views\index.php on line 25.
 1 APPPATH\Views\index.php(25): CodeIgniter\Debug\Exceptions->errorHandler(2, 'Undefined variable $result', 'D:\\Documents\\git\\ds1-2024\\bimestre1\\exercicio2-codeigniter4\\app\\Views\\index.php', 25)
 2 SYSTEMPATH\View\View.php(228): include('D:\\Documents\\git\\ds1-2024\\bimestre1\\exercicio2-codeigniter4\\app\\Views\\index.php')
 3 SYSTEMPATH\View\View.php(231): CodeIgniter\View\View->CodeIgniter\View\{closure}()
 4 SYSTEMPATH\Common.php(1178): CodeIgniter\View\View->render('index', [], true)
 5 APPPATH\Controllers\Home.php(10): view('index')
 6 SYSTEMPATH\CodeIgniter.php(941): App\Controllers\Home->index()
 7 SYSTEMPATH\CodeIgniter.php(502): CodeIgniter\CodeIgniter->runController(Object(App\Controllers\Home))
 8 SYSTEMPATH\CodeIgniter.php(361): CodeIgniter\CodeIgniter->handleRequest(null, Object(Config\Cache), false)
 9 FCPATH\index.php(79): CodeIgniter\CodeIgniter->run()
CRITICAL - 2024-03-13 23:37:24 --> ErrorException: Undefined variable $result
in APPPATH\Views\index.php on line 25.
 1 APPPATH\Views\index.php(25): CodeIgniter\Debug\Exceptions->errorHandler(2, 'Undefined variable $result', 'D:\\Documents\\git\\ds1-2024\\bimestre1\\exercicio2-codeigniter4\\app\\Views\\index.php', 25)
 2 SYSTEMPATH\View\View.php(228): include('D:\\Documents\\git\\ds1-2024\\bimestre1\\exercicio2-codeigniter4\\app\\Views\\index.php')
 3 SYSTEMPATH\View\View.php(231): CodeIgniter\View\View->CodeIgniter\View\{closure}()
 4 SYSTEMPATH\Common.php(1178): CodeIgniter\View\View->render('index', [], true)
 5 APPPATH\Controllers\Home.php(10): view('index')
 6 SYSTEMPATH\CodeIgniter.php(941): App\Controllers\Home->index()
 7 SYSTEMPATH\CodeIgniter.php(502): CodeIgniter\CodeIgniter->runController(Object(App\Controllers\Home))
 8 SYSTEMPATH\CodeIgniter.php(361): CodeIgniter\CodeIgniter->handleRequest(null, Object(Config\Cache), false)
 9 FCPATH\index.php(79): CodeIgniter\CodeIgniter->run()
CRITICAL - 2024-03-13 23:38:14 --> ErrorException: Undefined variable $result
in APPPATH\Views\index.php on line 25.
 1 APPPATH\Views\index.php(25): CodeIgniter\Debug\Exceptions->errorHandler(2, 'Undefined variable $result', 'D:\\Documents\\git\\ds1-2024\\bimestre1\\exercicio2-codeigniter4\\app\\Views\\index.php', 25)
 2 SYSTEMPATH\View\View.php(228): include('D:\\Documents\\git\\ds1-2024\\bimestre1\\exercicio2-codeigniter4\\app\\Views\\index.php')
 3 SYSTEMPATH\View\View.php(231): CodeIgniter\View\View->CodeIgniter\View\{closure}()
 4 SYSTEMPATH\Common.php(1178): CodeIgniter\View\View->render('index', [], true)
 5 APPPATH\Controllers\Home.php(10): view('index')
 6 SYSTEMPATH\CodeIgniter.php(941): App\Controllers\Home->index()
 7 SYSTEMPATH\CodeIgniter.php(502): CodeIgniter\CodeIgniter->runController(Object(App\Controllers\Home))
 8 SYSTEMPATH\CodeIgniter.php(361): CodeIgniter\CodeIgniter->handleRequest(null, Object(Config\Cache), false)
 9 FCPATH\index.php(79): CodeIgniter\CodeIgniter->run()
CRITICAL - 2024-03-13 23:38:16 --> ErrorException: Undefined variable $result
in APPPATH\Views\index.php on line 25.
 1 APPPATH\Views\index.php(25): CodeIgniter\Debug\Exceptions->errorHandler(2, 'Undefined variable $result', 'D:\\Documents\\git\\ds1-2024\\bimestre1\\exercicio2-codeigniter4\\app\\Views\\index.php', 25)
 2 SYSTEMPATH\View\View.php(228): include('D:\\Documents\\git\\ds1-2024\\bimestre1\\exercicio2-codeigniter4\\app\\Views\\index.php')
 3 SYSTEMPATH\View\View.php(231): CodeIgniter\View\View->CodeIgniter\View\{closure}()
 4 SYSTEMPATH\Common.php(1178): CodeIgniter\View\View->render('index', [], true)
 5 APPPATH\Controllers\Home.php(10): view('index')
 6 SYSTEMPATH\CodeIgniter.php(941): App\Controllers\Home->index()
 7 SYSTEMPATH\CodeIgniter.php(502): CodeIgniter\CodeIgniter->runController(Object(App\Controllers\Home))
 8 SYSTEMPATH\CodeIgniter.php(361): CodeIgniter\CodeIgniter->handleRequest(null, Object(Config\Cache), false)
 9 FCPATH\index.php(79): CodeIgniter\CodeIgniter->run()
CRITICAL - 2024-03-13 23:44:14 --> ErrorException: Undefined variable $result
in APPPATH\Views\index.php on line 25.
 1 APPPATH\Views\index.php(25): CodeIgniter\Debug\Exceptions->errorHandler(2, 'Undefined variable $result', 'D:\\Documents\\git\\ds1-2024\\bimestre1\\exercicio2-codeigniter4\\app\\Views\\index.php', 25)
 2 SYSTEMPATH\View\View.php(228): include('D:\\Documents\\git\\ds1-2024\\bimestre1\\exercicio2-codeigniter4\\app\\Views\\index.php')
 3 SYSTEMPATH\View\View.php(231): CodeIgniter\View\View->CodeIgniter\View\{closure}()
 4 SYSTEMPATH\Common.php(1178): CodeIgniter\View\View->render('index', [], true)
 5 APPPATH\Controllers\Home.php(10): view('index')
 6 SYSTEMPATH\CodeIgniter.php(941): App\Controllers\Home->index()
 7 SYSTEMPATH\CodeIgniter.php(502): CodeIgniter\CodeIgniter->runController(Object(App\Controllers\Home))
 8 SYSTEMPATH\CodeIgniter.php(361): CodeIgniter\CodeIgniter->handleRequest(null, Object(Config\Cache), false)
 9 FCPATH\index.php(79): CodeIgniter\CodeIgniter->run()
CRITICAL - 2024-03-13 23:44:24 --> ErrorException: Undefined variable $result
in APPPATH\Views\index.php on line 25.
 1 APPPATH\Views\index.php(25): CodeIgniter\Debug\Exceptions->errorHandler(2, 'Undefined variable $result', 'D:\\Documents\\git\\ds1-2024\\bimestre1\\exercicio2-codeigniter4\\app\\Views\\index.php', 25)
 2 SYSTEMPATH\View\View.php(228): include('D:\\Documents\\git\\ds1-2024\\bimestre1\\exercicio2-codeigniter4\\app\\Views\\index.php')
 3 SYSTEMPATH\View\View.php(231): CodeIgniter\View\View->CodeIgniter\View\{closure}()
 4 SYSTEMPATH\Common.php(1178): CodeIgniter\View\View->render('index', [], true)
 5 APPPATH\Controllers\Home.php(10): view('index')
 6 SYSTEMPATH\CodeIgniter.php(941): App\Controllers\Home->index()
 7 SYSTEMPATH\CodeIgniter.php(502): CodeIgniter\CodeIgniter->runController(Object(App\Controllers\Home))
 8 SYSTEMPATH\CodeIgniter.php(361): CodeIgniter\CodeIgniter->handleRequest(null, Object(Config\Cache), false)
 9 FCPATH\index.php(79): CodeIgniter\CodeIgniter->run()
CRITICAL - 2024-03-13 23:44:25 --> ErrorException: Undefined variable $result
in APPPATH\Views\index.php on line 25.
 1 APPPATH\Views\index.php(25): CodeIgniter\Debug\Exceptions->errorHandler(2, 'Undefined variable $result', 'D:\\Documents\\git\\ds1-2024\\bimestre1\\exercicio2-codeigniter4\\app\\Views\\index.php', 25)
 2 SYSTEMPATH\View\View.php(228): include('D:\\Documents\\git\\ds1-2024\\bimestre1\\exercicio2-codeigniter4\\app\\Views\\index.php')
 3 SYSTEMPATH\View\View.php(231): CodeIgniter\View\View->CodeIgniter\View\{closure}()
 4 SYSTEMPATH\Common.php(1178): CodeIgniter\View\View->render('index', [], true)
 5 APPPATH\Controllers\Home.php(10): view('index')
 6 SYSTEMPATH\CodeIgniter.php(941): App\Controllers\Home->index()
 7 SYSTEMPATH\CodeIgniter.php(502): CodeIgniter\CodeIgniter->runController(Object(App\Controllers\Home))
 8 SYSTEMPATH\CodeIgniter.php(361): CodeIgniter\CodeIgniter->handleRequest(null, Object(Config\Cache), false)
 9 FCPATH\index.php(79): CodeIgniter\CodeIgniter->run()
CRITICAL - 2024-03-13 23:44:26 --> ErrorException: Undefined variable $result
in APPPATH\Views\index.php on line 25.
 1 APPPATH\Views\index.php(25): CodeIgniter\Debug\Exceptions->errorHandler(2, 'Undefined variable $result', 'D:\\Documents\\git\\ds1-2024\\bimestre1\\exercicio2-codeigniter4\\app\\Views\\index.php', 25)
 2 SYSTEMPATH\View\View.php(228): include('D:\\Documents\\git\\ds1-2024\\bimestre1\\exercicio2-codeigniter4\\app\\Views\\index.php')
 3 SYSTEMPATH\View\View.php(231): CodeIgniter\View\View->CodeIgniter\View\{closure}()
 4 SYSTEMPATH\Common.php(1178): CodeIgniter\View\View->render('index', [], true)
 5 APPPATH\Controllers\Home.php(10): view('index')
 6 SYSTEMPATH\CodeIgniter.php(941): App\Controllers\Home->index()
 7 SYSTEMPATH\CodeIgniter.php(502): CodeIgniter\CodeIgniter->runController(Object(App\Controllers\Home))
 8 SYSTEMPATH\CodeIgniter.php(361): CodeIgniter\CodeIgniter->handleRequest(null, Object(Config\Cache), false)
 9 FCPATH\index.php(79): CodeIgniter\CodeIgniter->run()
CRITICAL - 2024-03-13 23:44:57 --> CodeIgniter\View\Exceptions\ViewException: Invalid file: "music.php"
in SYSTEMPATH\Exceptions\FrameworkException.php on line 39.
 1 SYSTEMPATH\View\View.php(216): CodeIgniter\Exceptions\FrameworkException::forInvalidFile('music.php')
 2 SYSTEMPATH\Common.php(1178): CodeIgniter\View\View->render('music', [], true)
 3 APPPATH\Controllers\Home.php(36): view('music')
 4 SYSTEMPATH\CodeIgniter.php(941): App\Controllers\Home->insertArtist()
 5 SYSTEMPATH\CodeIgniter.php(502): CodeIgniter\CodeIgniter->runController(Object(App\Controllers\Home))
 6 SYSTEMPATH\CodeIgniter.php(361): CodeIgniter\CodeIgniter->handleRequest(null, Object(Config\Cache), false)
 7 FCPATH\index.php(79): CodeIgniter\CodeIgniter->run()
CRITICAL - 2024-03-13 23:45:16 --> CodeIgniter\View\Exceptions\ViewException: Invalid file: "music.php"
in SYSTEMPATH\Exceptions\FrameworkException.php on line 39.
 1 SYSTEMPATH\View\View.php(216): CodeIgniter\Exceptions\FrameworkException::forInvalidFile('music.php')
 2 SYSTEMPATH\Common.php(1178): CodeIgniter\View\View->render('music', [], true)
 3 APPPATH\Controllers\Home.php(36): view('music')
 4 SYSTEMPATH\CodeIgniter.php(941): App\Controllers\Home->insertArtist()
 5 SYSTEMPATH\CodeIgniter.php(502): CodeIgniter\CodeIgniter->runController(Object(App\Controllers\Home))
 6 SYSTEMPATH\CodeIgniter.php(361): CodeIgniter\CodeIgniter->handleRequest(null, Object(Config\Cache), false)
 7 FCPATH\index.php(79): CodeIgniter\CodeIgniter->run()
CRITICAL - 2024-03-13 23:45:17 --> CodeIgniter\View\Exceptions\ViewException: Invalid file: "music.php"
in SYSTEMPATH\Exceptions\FrameworkException.php on line 39.
 1 SYSTEMPATH\View\View.php(216): CodeIgniter\Exceptions\FrameworkException::forInvalidFile('music.php')
 2 SYSTEMPATH\Common.php(1178): CodeIgniter\View\View->render('music', [], true)
 3 APPPATH\Controllers\Home.php(36): view('music')
 4 SYSTEMPATH\CodeIgniter.php(941): App\Controllers\Home->insertArtist()
 5 SYSTEMPATH\CodeIgniter.php(502): CodeIgniter\CodeIgniter->runController(Object(App\Controllers\Home))
 6 SYSTEMPATH\CodeIgniter.php(361): CodeIgniter\CodeIgniter->handleRequest(null, Object(Config\Cache), false)
 7 FCPATH\index.php(79): CodeIgniter\CodeIgniter->run()
CRITICAL - 2024-03-13 23:45:19 --> CodeIgniter\View\Exceptions\ViewException: Invalid file: "music.php"
in SYSTEMPATH\Exceptions\FrameworkException.php on line 39.
 1 SYSTEMPATH\View\View.php(216): CodeIgniter\Exceptions\FrameworkException::forInvalidFile('music.php')
 2 SYSTEMPATH\Common.php(1178): CodeIgniter\View\View->render('music', [], true)
 3 APPPATH\Controllers\Home.php(36): view('music')
 4 SYSTEMPATH\CodeIgniter.php(941): App\Controllers\Home->insertArtist()
 5 SYSTEMPATH\CodeIgniter.php(502): CodeIgniter\CodeIgniter->runController(Object(App\Controllers\Home))
 6 SYSTEMPATH\CodeIgniter.php(361): CodeIgniter\CodeIgniter->handleRequest(null, Object(Config\Cache), false)
 7 FCPATH\index.php(79): CodeIgniter\CodeIgniter->run()
