CRITICAL - 2024-02-27 20:28:43 --> ErrorException: Undefined property: CodeIgniter\Autoloader\Autoloader::$load
in APPPATH/Controllers/Home.php on line 26.
 1 APPPATH/Controllers/Home.php(26): CodeIgniter\Debug\Exceptions->errorHandler()
 2 SYSTEMPATH/Autoloader/Autoloader.php(311): include_once('/home/aluno/Downloads/codeigniter4/app/Controllers/Home.php')
 3 SYSTEMPATH/Autoloader/Autoloader.php(290): CodeIgniter\Autoloader\Autoloader->includeFile()
 4 SYSTEMPATH/Autoloader/Autoloader.php(266): CodeIgniter\Autoloader\Autoloader->loadInNamespace()
 5 [internal function]: CodeIgniter\Autoloader\Autoloader->loadClass()
 6 SYSTEMPATH/CodeIgniter.php(899): class_exists()
 7 SYSTEMPATH/CodeIgniter.php(489): CodeIgniter\CodeIgniter->startController()
 8 SYSTEMPATH/CodeIgniter.php(361): CodeIgniter\CodeIgniter->handleRequest()
 9 FCPATH/index.php(79): CodeIgniter\CodeIgniter->run()
10 SYSTEMPATH/Commands/Server/rewrite.php(47): require_once('/home/aluno/Downloads/codeigniter4/public/index.php')
CRITICAL - 2024-02-27 20:28:43 --> ErrorException: Undefined property: CodeIgniter\Autoloader\Autoloader::$load
in APPPATH/Controllers/Home.php on line 26.
 1 APPPATH/Controllers/Home.php(26): CodeIgniter\Debug\Exceptions->errorHandler()
 2 SYSTEMPATH/Autoloader/Autoloader.php(311): include_once('/home/aluno/Downloads/codeigniter4/app/Controllers/Home.php')
 3 SYSTEMPATH/Autoloader/Autoloader.php(290): CodeIgniter\Autoloader\Autoloader->includeFile()
 4 SYSTEMPATH/Autoloader/Autoloader.php(266): CodeIgniter\Autoloader\Autoloader->loadInNamespace()
 5 [internal function]: CodeIgniter\Autoloader\Autoloader->loadClass()
 6 SYSTEMPATH/CodeIgniter.php(899): class_exists()
 7 SYSTEMPATH/CodeIgniter.php(489): CodeIgniter\CodeIgniter->startController()
 8 SYSTEMPATH/CodeIgniter.php(361): CodeIgniter\CodeIgniter->handleRequest()
 9 FCPATH/index.php(79): CodeIgniter\CodeIgniter->run()
10 SYSTEMPATH/Commands/Server/rewrite.php(47): require_once('/home/aluno/Downloads/codeigniter4/public/index.php')
CRITICAL - 2024-02-27 20:32:38 --> Error: Undefined constant "style"
in APPPATH/Views/form.php on line 11.
 1 SYSTEMPATH/View/View.php(228): include()
 2 SYSTEMPATH/View/View.php(231): CodeIgniter\View\View->CodeIgniter\View\{closure}()
 3 SYSTEMPATH/Common.php(1178): CodeIgniter\View\View->render()
 4 APPPATH/Controllers/Home.php(22): view()
 5 SYSTEMPATH/CodeIgniter.php(941): App\Controllers\Home->form()
 6 SYSTEMPATH/CodeIgniter.php(502): CodeIgniter\CodeIgniter->runController()
 7 SYSTEMPATH/CodeIgniter.php(361): CodeIgniter\CodeIgniter->handleRequest()
 8 FCPATH/index.php(79): CodeIgniter\CodeIgniter->run()
 9 SYSTEMPATH/Commands/Server/rewrite.php(47): require_once('/home/aluno/Downloads/codeigniter4/public/index.php')
CRITICAL - 2024-02-27 20:41:02 --> ParseError: syntax error, unexpected token ")"
in APPPATH/Controllers/Home.php on line 28.
 1 SYSTEMPATH/Autoloader/Autoloader.php(290): CodeIgniter\Autoloader\Autoloader->includeFile()
 2 SYSTEMPATH/Autoloader/Autoloader.php(266): CodeIgniter\Autoloader\Autoloader->loadInNamespace()
 3 [internal function]: CodeIgniter\Autoloader\Autoloader->loadClass()
 4 SYSTEMPATH/CodeIgniter.php(899): class_exists()
 5 SYSTEMPATH/CodeIgniter.php(489): CodeIgniter\CodeIgniter->startController()
 6 SYSTEMPATH/CodeIgniter.php(361): CodeIgniter\CodeIgniter->handleRequest()
 7 FCPATH/index.php(79): CodeIgniter\CodeIgniter->run()
 8 SYSTEMPATH/Commands/Server/rewrite.php(47): require_once('/home/aluno/Downloads/codeigniter4/public/index.php')
CRITICAL - 2024-02-27 20:41:03 --> ParseError: syntax error, unexpected token ")"
in APPPATH/Controllers/Home.php on line 28.
 1 SYSTEMPATH/Autoloader/Autoloader.php(290): CodeIgniter\Autoloader\Autoloader->includeFile()
 2 SYSTEMPATH/Autoloader/Autoloader.php(266): CodeIgniter\Autoloader\Autoloader->loadInNamespace()
 3 [internal function]: CodeIgniter\Autoloader\Autoloader->loadClass()
 4 SYSTEMPATH/CodeIgniter.php(899): class_exists()
 5 SYSTEMPATH/CodeIgniter.php(489): CodeIgniter\CodeIgniter->startController()
 6 SYSTEMPATH/CodeIgniter.php(361): CodeIgniter\CodeIgniter->handleRequest()
 7 FCPATH/index.php(79): CodeIgniter\CodeIgniter->run()
 8 SYSTEMPATH/Commands/Server/rewrite.php(47): require_once('/home/aluno/Downloads/codeigniter4/public/index.php')
