CRITICAL - 2024-03-12 18:07:41 --> Error: Class "App\Model\ArtistaModel" not found
in APPPATH/Controllers/Home.php on line 21.
 1 SYSTEMPATH/CodeIgniter.php(941): App\Controllers\Home->receive_data()
 2 SYSTEMPATH/CodeIgniter.php(502): CodeIgniter\CodeIgniter->runController()
 3 SYSTEMPATH/CodeIgniter.php(361): CodeIgniter\CodeIgniter->handleRequest()
 4 FCPATH/index.php(79): CodeIgniter\CodeIgniter->run()
 5 SYSTEMPATH/Commands/Server/rewrite.php(47): require_once('/home/aluno/Downloads/j/ds1-2024/bimestre1/codeigniter4/public/index.php')
CRITICAL - 2024-03-12 18:08:42 --> CodeIgniter\Database\Exceptions\DataException: Allowed fields must be specified for model: "App\Models\ArtistaModel"
in SYSTEMPATH/Model.php on line 766.
 1 SYSTEMPATH/Model.php(766): CodeIgniter\Database\Exceptions\DataException::forInvalidAllowedFields()
 2 SYSTEMPATH/BaseModel.php(783): CodeIgniter\Model->doProtectFieldsForInsert()
 3 SYSTEMPATH/Model.php(744): CodeIgniter\BaseModel->insert()
 4 APPPATH/Controllers/Home.php(23): CodeIgniter\Model->insert()
 5 SYSTEMPATH/CodeIgniter.php(941): App\Controllers\Home->receive_data()
 6 SYSTEMPATH/CodeIgniter.php(502): CodeIgniter\CodeIgniter->runController()
 7 SYSTEMPATH/CodeIgniter.php(361): CodeIgniter\CodeIgniter->handleRequest()
 8 FCPATH/index.php(79): CodeIgniter\CodeIgniter->run()
 9 SYSTEMPATH/Commands/Server/rewrite.php(47): require_once('/home/aluno/Downloads/j/ds1-2024/bimestre1/codeigniter4/public/index.php')
CRITICAL - 2024-03-12 18:10:48 --> CodeIgniter\Database\Exceptions\DataException: Allowed fields must be specified for model: "App\Models\ArtistaModel"
in SYSTEMPATH/Model.php on line 766.
 1 SYSTEMPATH/Model.php(766): CodeIgniter\Database\Exceptions\DataException::forInvalidAllowedFields()
 2 SYSTEMPATH/BaseModel.php(783): CodeIgniter\Model->doProtectFieldsForInsert()
 3 SYSTEMPATH/Model.php(744): CodeIgniter\BaseModel->insert()
 4 APPPATH/Controllers/Home.php(23): CodeIgniter\Model->insert()
 5 SYSTEMPATH/CodeIgniter.php(941): App\Controllers\Home->receive_data()
 6 SYSTEMPATH/CodeIgniter.php(502): CodeIgniter\CodeIgniter->runController()
 7 SYSTEMPATH/CodeIgniter.php(361): CodeIgniter\CodeIgniter->handleRequest()
 8 FCPATH/index.php(79): CodeIgniter\CodeIgniter->run()
 9 SYSTEMPATH/Commands/Server/rewrite.php(47): require_once('/home/aluno/Downloads/j/ds1-2024/bimestre1/codeigniter4/public/index.php')
CRITICAL - 2024-03-12 18:12:36 --> CodeIgniter\Database\Exceptions\DataException: Allowed fields must be specified for model: "App\Models\ArtistaModel"
in SYSTEMPATH/Model.php on line 766.
 1 SYSTEMPATH/Model.php(766): CodeIgniter\Database\Exceptions\DataException::forInvalidAllowedFields()
 2 SYSTEMPATH/BaseModel.php(783): CodeIgniter\Model->doProtectFieldsForInsert()
 3 SYSTEMPATH/Model.php(744): CodeIgniter\BaseModel->insert()
 4 APPPATH/Controllers/Home.php(23): CodeIgniter\Model->insert()
 5 SYSTEMPATH/CodeIgniter.php(941): App\Controllers\Home->receive_data()
 6 SYSTEMPATH/CodeIgniter.php(502): CodeIgniter\CodeIgniter->runController()
 7 SYSTEMPATH/CodeIgniter.php(361): CodeIgniter\CodeIgniter->handleRequest()
 8 FCPATH/index.php(79): CodeIgniter\CodeIgniter->run()
 9 SYSTEMPATH/Commands/Server/rewrite.php(47): require_once('/home/aluno/Downloads/j/ds1-2024/bimestre1/codeigniter4/public/index.php')
CRITICAL - 2024-03-12 18:16:52 --> CodeIgniter\Database\Exceptions\DataException: Allowed fields must be specified for model: "App\Models\ArtistaModel"
in SYSTEMPATH/Model.php on line 766.
 1 SYSTEMPATH/Model.php(766): CodeIgniter\Database\Exceptions\DataException::forInvalidAllowedFields()
 2 SYSTEMPATH/BaseModel.php(783): CodeIgniter\Model->doProtectFieldsForInsert()
 3 SYSTEMPATH/Model.php(744): CodeIgniter\BaseModel->insert()
 4 APPPATH/Controllers/Home.php(23): CodeIgniter\Model->insert()
 5 SYSTEMPATH/CodeIgniter.php(941): App\Controllers\Home->receive_data()
 6 SYSTEMPATH/CodeIgniter.php(502): CodeIgniter\CodeIgniter->runController()
 7 SYSTEMPATH/CodeIgniter.php(361): CodeIgniter\CodeIgniter->handleRequest()
 8 FCPATH/index.php(79): CodeIgniter\CodeIgniter->run()
 9 SYSTEMPATH/Commands/Server/rewrite.php(47): require_once('/home/aluno/Downloads/j/ds1-2024/bimestre1/codeigniter4/public/index.php')
CRITICAL - 2024-03-12 18:36:06 --> CodeIgniter\Database\Exceptions\DataException: Allowed fields must be specified for model: "App\Models\ArtistaModel"
in SYSTEMPATH/Model.php on line 766.
 1 SYSTEMPATH/Model.php(766): CodeIgniter\Database\Exceptions\DataException::forInvalidAllowedFields()
 2 SYSTEMPATH/BaseModel.php(783): CodeIgniter\Model->doProtectFieldsForInsert()
 3 SYSTEMPATH/Model.php(744): CodeIgniter\BaseModel->insert()
 4 APPPATH/Controllers/Home.php(23): CodeIgniter\Model->insert()
 5 SYSTEMPATH/CodeIgniter.php(941): App\Controllers\Home->receive_data()
 6 SYSTEMPATH/CodeIgniter.php(502): CodeIgniter\CodeIgniter->runController()
 7 SYSTEMPATH/CodeIgniter.php(361): CodeIgniter\CodeIgniter->handleRequest()
 8 FCPATH/index.php(79): CodeIgniter\CodeIgniter->run()
 9 SYSTEMPATH/Commands/Server/rewrite.php(47): require_once('/home/aluno/Downloads/j/ds1-2024/bimestre1/codeigniter4/public/index.php')
CRITICAL - 2024-03-12 18:37:34 --> CodeIgniter\Database\Exceptions\DataException: Allowed fields must be specified for model: "App\Models\ArtistaModel"
in SYSTEMPATH/Model.php on line 766.
 1 SYSTEMPATH/Model.php(766): CodeIgniter\Database\Exceptions\DataException::forInvalidAllowedFields()
 2 SYSTEMPATH/BaseModel.php(783): CodeIgniter\Model->doProtectFieldsForInsert()
 3 SYSTEMPATH/Model.php(744): CodeIgniter\BaseModel->insert()
 4 APPPATH/Controllers/Home.php(23): CodeIgniter\Model->insert()
 5 SYSTEMPATH/CodeIgniter.php(941): App\Controllers\Home->receive_data()
 6 SYSTEMPATH/CodeIgniter.php(502): CodeIgniter\CodeIgniter->runController()
 7 SYSTEMPATH/CodeIgniter.php(361): CodeIgniter\CodeIgniter->handleRequest()
 8 FCPATH/index.php(79): CodeIgniter\CodeIgniter->run()
 9 SYSTEMPATH/Commands/Server/rewrite.php(47): require_once('/home/aluno/Downloads/j/ds1-2024/bimestre1/codeigniter4/public/index.php')
CRITICAL - 2024-03-12 18:37:42 --> CodeIgniter\Database\Exceptions\DataException: Allowed fields must be specified for model: "App\Models\ArtistaModel"
in SYSTEMPATH/Model.php on line 766.
 1 SYSTEMPATH/Model.php(766): CodeIgniter\Database\Exceptions\DataException::forInvalidAllowedFields()
 2 SYSTEMPATH/BaseModel.php(783): CodeIgniter\Model->doProtectFieldsForInsert()
 3 SYSTEMPATH/Model.php(744): CodeIgniter\BaseModel->insert()
 4 APPPATH/Controllers/Home.php(23): CodeIgniter\Model->insert()
 5 SYSTEMPATH/CodeIgniter.php(941): App\Controllers\Home->receive_data()
 6 SYSTEMPATH/CodeIgniter.php(502): CodeIgniter\CodeIgniter->runController()
 7 SYSTEMPATH/CodeIgniter.php(361): CodeIgniter\CodeIgniter->handleRequest()
 8 FCPATH/index.php(79): CodeIgniter\CodeIgniter->run()
 9 SYSTEMPATH/Commands/Server/rewrite.php(47): require_once('/home/aluno/Downloads/j/ds1-2024/bimestre1/codeigniter4/public/index.php')
CRITICAL - 2024-03-12 18:37:54 --> Error: Class "App\Model\ArtistaModel" not found
in APPPATH/Controllers/Home.php on line 22.
 1 SYSTEMPATH/CodeIgniter.php(941): App\Controllers\Home->receive_data()
 2 SYSTEMPATH/CodeIgniter.php(502): CodeIgniter\CodeIgniter->runController()
 3 SYSTEMPATH/CodeIgniter.php(361): CodeIgniter\CodeIgniter->handleRequest()
 4 FCPATH/index.php(79): CodeIgniter\CodeIgniter->run()
 5 SYSTEMPATH/Commands/Server/rewrite.php(47): require_once('/home/aluno/Downloads/j/ds1-2024/bimestre1/codeigniter4/public/index.php')
CRITICAL - 2024-03-12 18:38:18 --> Error: Class "App\Model\ArtistaModel" not found
in APPPATH/Controllers/Home.php on line 22.
 1 SYSTEMPATH/CodeIgniter.php(941): App\Controllers\Home->receive_data()
 2 SYSTEMPATH/CodeIgniter.php(502): CodeIgniter\CodeIgniter->runController()
 3 SYSTEMPATH/CodeIgniter.php(361): CodeIgniter\CodeIgniter->handleRequest()
 4 FCPATH/index.php(79): CodeIgniter\CodeIgniter->run()
 5 SYSTEMPATH/Commands/Server/rewrite.php(47): require_once('/home/aluno/Downloads/j/ds1-2024/bimestre1/codeigniter4/public/index.php')
CRITICAL - 2024-03-12 18:38:53 --> CodeIgniter\Database\Exceptions\DataException: Allowed fields must be specified for model: "App\Models\ArtistaModel"
in SYSTEMPATH/Model.php on line 766.
 1 SYSTEMPATH/Model.php(766): CodeIgniter\Database\Exceptions\DataException::forInvalidAllowedFields()
 2 SYSTEMPATH/BaseModel.php(783): CodeIgniter\Model->doProtectFieldsForInsert()
 3 SYSTEMPATH/Model.php(744): CodeIgniter\BaseModel->insert()
 4 APPPATH/Controllers/Home.php(23): CodeIgniter\Model->insert()
 5 SYSTEMPATH/CodeIgniter.php(941): App\Controllers\Home->receive_data()
 6 SYSTEMPATH/CodeIgniter.php(502): CodeIgniter\CodeIgniter->runController()
 7 SYSTEMPATH/CodeIgniter.php(361): CodeIgniter\CodeIgniter->handleRequest()
 8 FCPATH/index.php(79): CodeIgniter\CodeIgniter->run()
 9 SYSTEMPATH/Commands/Server/rewrite.php(47): require_once('/home/aluno/Downloads/j/ds1-2024/bimestre1/codeigniter4/public/index.php')
CRITICAL - 2024-03-12 18:47:23 --> Error: Class "App\Model\ArtistaModel" not found
in APPPATH/Controllers/Home.php on line 22.
 1 SYSTEMPATH/CodeIgniter.php(941): App\Controllers\Home->receive_data()
 2 SYSTEMPATH/CodeIgniter.php(502): CodeIgniter\CodeIgniter->runController()
 3 SYSTEMPATH/CodeIgniter.php(361): CodeIgniter\CodeIgniter->handleRequest()
 4 FCPATH/index.php(79): CodeIgniter\CodeIgniter->run()
 5 SYSTEMPATH/Commands/Server/rewrite.php(47): require_once('/home/aluno/Downloads/j/ds1-2024/bimestre1/codeigniter4/public/index.php')
CRITICAL - 2024-03-12 18:48:15 --> Error: Class "App\Model\ArtistaModel" not found
in APPPATH/Controllers/Home.php on line 22.
 1 SYSTEMPATH/CodeIgniter.php(941): App\Controllers\Home->receive_data()
 2 SYSTEMPATH/CodeIgniter.php(502): CodeIgniter\CodeIgniter->runController()
 3 SYSTEMPATH/CodeIgniter.php(361): CodeIgniter\CodeIgniter->handleRequest()
 4 FCPATH/index.php(79): CodeIgniter\CodeIgniter->run()
 5 SYSTEMPATH/Commands/Server/rewrite.php(47): require_once('/home/aluno/Downloads/j/ds1-2024/bimestre1/codeigniter4/public/index.php')
CRITICAL - 2024-03-12 18:48:18 --> Error: Class "App\Model\ArtistaModel" not found
in APPPATH/Controllers/Home.php on line 22.
 1 SYSTEMPATH/CodeIgniter.php(941): App\Controllers\Home->receive_data()
 2 SYSTEMPATH/CodeIgniter.php(502): CodeIgniter\CodeIgniter->runController()
 3 SYSTEMPATH/CodeIgniter.php(361): CodeIgniter\CodeIgniter->handleRequest()
 4 FCPATH/index.php(79): CodeIgniter\CodeIgniter->run()
 5 SYSTEMPATH/Commands/Server/rewrite.php(47): require_once('/home/aluno/Downloads/j/ds1-2024/bimestre1/codeigniter4/public/index.php')
CRITICAL - 2024-03-12 18:48:24 --> Error: Class "App\Model\ArtistaModel" not found
in APPPATH/Controllers/Home.php on line 22.
 1 SYSTEMPATH/CodeIgniter.php(941): App\Controllers\Home->receive_data()
 2 SYSTEMPATH/CodeIgniter.php(502): CodeIgniter\CodeIgniter->runController()
 3 SYSTEMPATH/CodeIgniter.php(361): CodeIgniter\CodeIgniter->handleRequest()
 4 FCPATH/index.php(79): CodeIgniter\CodeIgniter->run()
 5 SYSTEMPATH/Commands/Server/rewrite.php(47): require_once('/home/aluno/Downloads/j/ds1-2024/bimestre1/codeigniter4/public/index.php')
CRITICAL - 2024-03-12 18:49:43 --> Error: Class "App\Model\ArtistaModel" not found
in APPPATH/Controllers/Home.php on line 22.
 1 SYSTEMPATH/CodeIgniter.php(941): App\Controllers\Home->receive_data()
 2 SYSTEMPATH/CodeIgniter.php(502): CodeIgniter\CodeIgniter->runController()
 3 SYSTEMPATH/CodeIgniter.php(361): CodeIgniter\CodeIgniter->handleRequest()
 4 FCPATH/index.php(79): CodeIgniter\CodeIgniter->run()
 5 SYSTEMPATH/Commands/Server/rewrite.php(47): require_once('/home/aluno/Downloads/j/ds1-2024/bimestre1/codeigniter4/public/index.php')
CRITICAL - 2024-03-12 18:50:19 --> Error: Class "App\Controllers\ArtistaModel" not found
in APPPATH/Controllers/Home.php on line 22.
 1 SYSTEMPATH/CodeIgniter.php(941): App\Controllers\Home->receive_data()
 2 SYSTEMPATH/CodeIgniter.php(502): CodeIgniter\CodeIgniter->runController()
 3 SYSTEMPATH/CodeIgniter.php(361): CodeIgniter\CodeIgniter->handleRequest()
 4 FCPATH/index.php(79): CodeIgniter\CodeIgniter->run()
 5 SYSTEMPATH/Commands/Server/rewrite.php(47): require_once('/home/aluno/Downloads/j/ds1-2024/bimestre1/codeigniter4/public/index.php')
CRITICAL - 2024-03-12 18:50:29 --> Error: Class "App\Controllers\ArtistaModel" not found
in APPPATH/Controllers/Home.php on line 22.
 1 SYSTEMPATH/CodeIgniter.php(941): App\Controllers\Home->receive_data()
 2 SYSTEMPATH/CodeIgniter.php(502): CodeIgniter\CodeIgniter->runController()
 3 SYSTEMPATH/CodeIgniter.php(361): CodeIgniter\CodeIgniter->handleRequest()
 4 FCPATH/index.php(79): CodeIgniter\CodeIgniter->run()
 5 SYSTEMPATH/Commands/Server/rewrite.php(47): require_once('/home/aluno/Downloads/j/ds1-2024/bimestre1/codeigniter4/public/index.php')
CRITICAL - 2024-03-12 18:50:30 --> Error: Class "App\Controllers\ArtistaModel" not found
in APPPATH/Controllers/Home.php on line 22.
 1 SYSTEMPATH/CodeIgniter.php(941): App\Controllers\Home->receive_data()
 2 SYSTEMPATH/CodeIgniter.php(502): CodeIgniter\CodeIgniter->runController()
 3 SYSTEMPATH/CodeIgniter.php(361): CodeIgniter\CodeIgniter->handleRequest()
 4 FCPATH/index.php(79): CodeIgniter\CodeIgniter->run()
 5 SYSTEMPATH/Commands/Server/rewrite.php(47): require_once('/home/aluno/Downloads/j/ds1-2024/bimestre1/codeigniter4/public/index.php')
CRITICAL - 2024-03-12 18:50:35 --> Error: Class "App\Model\ArtistasModel" not found
in APPPATH/Controllers/Home.php on line 22.
 1 SYSTEMPATH/CodeIgniter.php(941): App\Controllers\Home->receive_data()
 2 SYSTEMPATH/CodeIgniter.php(502): CodeIgniter\CodeIgniter->runController()
 3 SYSTEMPATH/CodeIgniter.php(361): CodeIgniter\CodeIgniter->handleRequest()
 4 FCPATH/index.php(79): CodeIgniter\CodeIgniter->run()
 5 SYSTEMPATH/Commands/Server/rewrite.php(47): require_once('/home/aluno/Downloads/j/ds1-2024/bimestre1/codeigniter4/public/index.php')
CRITICAL - 2024-03-12 18:52:09 --> Error: Class "App\Model\ArtistasModel" not found
in APPPATH/Controllers/Home.php on line 22.
 1 SYSTEMPATH/CodeIgniter.php(941): App\Controllers\Home->receive_data()
 2 SYSTEMPATH/CodeIgniter.php(502): CodeIgniter\CodeIgniter->runController()
 3 SYSTEMPATH/CodeIgniter.php(361): CodeIgniter\CodeIgniter->handleRequest()
 4 FCPATH/index.php(79): CodeIgniter\CodeIgniter->run()
 5 SYSTEMPATH/Commands/Server/rewrite.php(47): require_once('/home/aluno/Downloads/j/ds1-2024/bimestre1/codeigniter4/public/index.php')
ERROR - 2024-03-12 18:52:48 --> mysqli_sql_exception: Table 'first_am.artistas' doesn't exist in /home/aluno/Downloads/j/ds1-2024/bimestre1/codeigniter4/system/Database/MySQLi/Connection.php:306
Stack trace:
#0 /home/aluno/Downloads/j/ds1-2024/bimestre1/codeigniter4/system/Database/MySQLi/Connection.php(306): mysqli->query()
#1 /home/aluno/Downloads/j/ds1-2024/bimestre1/codeigniter4/system/Database/BaseConnection.php(693): CodeIgniter\Database\MySQLi\Connection->execute()
#2 /home/aluno/Downloads/j/ds1-2024/bimestre1/codeigniter4/system/Database/BaseConnection.php(607): CodeIgniter\Database\BaseConnection->simpleQuery()
#3 /home/aluno/Downloads/j/ds1-2024/bimestre1/codeigniter4/system/Database/BaseBuilder.php(2307): CodeIgniter\Database\BaseConnection->query()
#4 /home/aluno/Downloads/j/ds1-2024/bimestre1/codeigniter4/system/Model.php(326): CodeIgniter\Database\BaseBuilder->insert()
#5 /home/aluno/Downloads/j/ds1-2024/bimestre1/codeigniter4/system/BaseModel.php(802): CodeIgniter\Model->doInsert()
#6 /home/aluno/Downloads/j/ds1-2024/bimestre1/codeigniter4/system/Model.php(744): CodeIgniter\BaseModel->insert()
#7 /home/aluno/Downloads/j/ds1-2024/bimestre1/codeigniter4/app/Controllers/Home.php(23): CodeIgniter\Model->insert()
#8 /home/aluno/Downloads/j/ds1-2024/bimestre1/codeigniter4/system/CodeIgniter.php(941): App\Controllers\Home->receive_data()
#9 /home/aluno/Downloads/j/ds1-2024/bimestre1/codeigniter4/system/CodeIgniter.php(502): CodeIgniter\CodeIgniter->runController()
#10 /home/aluno/Downloads/j/ds1-2024/bimestre1/codeigniter4/system/CodeIgniter.php(361): CodeIgniter\CodeIgniter->handleRequest()
#11 /home/aluno/Downloads/j/ds1-2024/bimestre1/codeigniter4/public/index.php(79): CodeIgniter\CodeIgniter->run()
#12 /home/aluno/Downloads/j/ds1-2024/bimestre1/codeigniter4/system/Commands/Server/rewrite.php(47): require_once('...')
#13 {main}
CRITICAL - 2024-03-12 18:52:48 --> CodeIgniter\Database\Exceptions\DatabaseException: Table 'first_am.artistas' doesn't exist
in SYSTEMPATH/Database/BaseConnection.php on line 647.
 1 SYSTEMPATH/Database/BaseBuilder.php(2307): CodeIgniter\Database\BaseConnection->query()
 2 SYSTEMPATH/Model.php(326): CodeIgniter\Database\BaseBuilder->insert()
 3 SYSTEMPATH/BaseModel.php(802): CodeIgniter\Model->doInsert()
 4 SYSTEMPATH/Model.php(744): CodeIgniter\BaseModel->insert()
 5 APPPATH/Controllers/Home.php(23): CodeIgniter\Model->insert()
 6 SYSTEMPATH/CodeIgniter.php(941): App\Controllers\Home->receive_data()
 7 SYSTEMPATH/CodeIgniter.php(502): CodeIgniter\CodeIgniter->runController()
 8 SYSTEMPATH/CodeIgniter.php(361): CodeIgniter\CodeIgniter->handleRequest()
 9 FCPATH/index.php(79): CodeIgniter\CodeIgniter->run()
10 SYSTEMPATH/Commands/Server/rewrite.php(47): require_once('/home/aluno/Downloads/j/ds1-2024/bimestre1/codeigniter4/public/index.php')
CRITICAL - 2024-03-12 18:52:48 --> [Caused by] CodeIgniter\Database\Exceptions\DatabaseException: Table 'first_am.artistas' doesn't exist
in SYSTEMPATH/Database/MySQLi/Connection.php on line 311.
 1 SYSTEMPATH/Database/BaseConnection.php(693): CodeIgniter\Database\MySQLi\Connection->execute()
 2 SYSTEMPATH/Database/BaseConnection.php(607): CodeIgniter\Database\BaseConnection->simpleQuery()
 3 SYSTEMPATH/Database/BaseBuilder.php(2307): CodeIgniter\Database\BaseConnection->query()
 4 SYSTEMPATH/Model.php(326): CodeIgniter\Database\BaseBuilder->insert()
 5 SYSTEMPATH/BaseModel.php(802): CodeIgniter\Model->doInsert()
 6 SYSTEMPATH/Model.php(744): CodeIgniter\BaseModel->insert()
 7 APPPATH/Controllers/Home.php(23): CodeIgniter\Model->insert()
 8 SYSTEMPATH/CodeIgniter.php(941): App\Controllers\Home->receive_data()
 9 SYSTEMPATH/CodeIgniter.php(502): CodeIgniter\CodeIgniter->runController()
10 SYSTEMPATH/CodeIgniter.php(361): CodeIgniter\CodeIgniter->handleRequest()
11 FCPATH/index.php(79): CodeIgniter\CodeIgniter->run()
12 SYSTEMPATH/Commands/Server/rewrite.php(47): require_once('/home/aluno/Downloads/j/ds1-2024/bimestre1/codeigniter4/public/index.php')
CRITICAL - 2024-03-12 18:52:48 --> [Caused by] mysqli_sql_exception: Table 'first_am.artistas' doesn't exist
in SYSTEMPATH/Database/MySQLi/Connection.php on line 306.
 1 SYSTEMPATH/Database/MySQLi/Connection.php(306): mysqli->query()
 2 SYSTEMPATH/Database/BaseConnection.php(693): CodeIgniter\Database\MySQLi\Connection->execute()
 3 SYSTEMPATH/Database/BaseConnection.php(607): CodeIgniter\Database\BaseConnection->simpleQuery()
 4 SYSTEMPATH/Database/BaseBuilder.php(2307): CodeIgniter\Database\BaseConnection->query()
 5 SYSTEMPATH/Model.php(326): CodeIgniter\Database\BaseBuilder->insert()
 6 SYSTEMPATH/BaseModel.php(802): CodeIgniter\Model->doInsert()
 7 SYSTEMPATH/Model.php(744): CodeIgniter\BaseModel->insert()
 8 APPPATH/Controllers/Home.php(23): CodeIgniter\Model->insert()
 9 SYSTEMPATH/CodeIgniter.php(941): App\Controllers\Home->receive_data()
10 SYSTEMPATH/CodeIgniter.php(502): CodeIgniter\CodeIgniter->runController()
11 SYSTEMPATH/CodeIgniter.php(361): CodeIgniter\CodeIgniter->handleRequest()
12 FCPATH/index.php(79): CodeIgniter\CodeIgniter->run()
13 SYSTEMPATH/Commands/Server/rewrite.php(47): require_once('/home/aluno/Downloads/j/ds1-2024/bimestre1/codeigniter4/public/index.php')
ERROR - 2024-03-12 18:53:28 --> mysqli_sql_exception: Unknown column 'gen' in 'field list' in /home/aluno/Downloads/j/ds1-2024/bimestre1/codeigniter4/system/Database/MySQLi/Connection.php:306
Stack trace:
#0 /home/aluno/Downloads/j/ds1-2024/bimestre1/codeigniter4/system/Database/MySQLi/Connection.php(306): mysqli->query()
#1 /home/aluno/Downloads/j/ds1-2024/bimestre1/codeigniter4/system/Database/BaseConnection.php(693): CodeIgniter\Database\MySQLi\Connection->execute()
#2 /home/aluno/Downloads/j/ds1-2024/bimestre1/codeigniter4/system/Database/BaseConnection.php(607): CodeIgniter\Database\BaseConnection->simpleQuery()
#3 /home/aluno/Downloads/j/ds1-2024/bimestre1/codeigniter4/system/Database/BaseBuilder.php(2307): CodeIgniter\Database\BaseConnection->query()
#4 /home/aluno/Downloads/j/ds1-2024/bimestre1/codeigniter4/system/Model.php(326): CodeIgniter\Database\BaseBuilder->insert()
#5 /home/aluno/Downloads/j/ds1-2024/bimestre1/codeigniter4/system/BaseModel.php(802): CodeIgniter\Model->doInsert()
#6 /home/aluno/Downloads/j/ds1-2024/bimestre1/codeigniter4/system/Model.php(744): CodeIgniter\BaseModel->insert()
#7 /home/aluno/Downloads/j/ds1-2024/bimestre1/codeigniter4/app/Controllers/Home.php(23): CodeIgniter\Model->insert()
#8 /home/aluno/Downloads/j/ds1-2024/bimestre1/codeigniter4/system/CodeIgniter.php(941): App\Controllers\Home->receive_data()
#9 /home/aluno/Downloads/j/ds1-2024/bimestre1/codeigniter4/system/CodeIgniter.php(502): CodeIgniter\CodeIgniter->runController()
#10 /home/aluno/Downloads/j/ds1-2024/bimestre1/codeigniter4/system/CodeIgniter.php(361): CodeIgniter\CodeIgniter->handleRequest()
#11 /home/aluno/Downloads/j/ds1-2024/bimestre1/codeigniter4/public/index.php(79): CodeIgniter\CodeIgniter->run()
#12 /home/aluno/Downloads/j/ds1-2024/bimestre1/codeigniter4/system/Commands/Server/rewrite.php(47): require_once('...')
#13 {main}
CRITICAL - 2024-03-12 18:53:28 --> CodeIgniter\Database\Exceptions\DatabaseException: Unknown column 'gen' in 'field list'
in SYSTEMPATH/Database/BaseConnection.php on line 647.
 1 SYSTEMPATH/Database/BaseBuilder.php(2307): CodeIgniter\Database\BaseConnection->query()
 2 SYSTEMPATH/Model.php(326): CodeIgniter\Database\BaseBuilder->insert()
 3 SYSTEMPATH/BaseModel.php(802): CodeIgniter\Model->doInsert()
 4 SYSTEMPATH/Model.php(744): CodeIgniter\BaseModel->insert()
 5 APPPATH/Controllers/Home.php(23): CodeIgniter\Model->insert()
 6 SYSTEMPATH/CodeIgniter.php(941): App\Controllers\Home->receive_data()
 7 SYSTEMPATH/CodeIgniter.php(502): CodeIgniter\CodeIgniter->runController()
 8 SYSTEMPATH/CodeIgniter.php(361): CodeIgniter\CodeIgniter->handleRequest()
 9 FCPATH/index.php(79): CodeIgniter\CodeIgniter->run()
10 SYSTEMPATH/Commands/Server/rewrite.php(47): require_once('/home/aluno/Downloads/j/ds1-2024/bimestre1/codeigniter4/public/index.php')
CRITICAL - 2024-03-12 18:53:28 --> [Caused by] CodeIgniter\Database\Exceptions\DatabaseException: Unknown column 'gen' in 'field list'
in SYSTEMPATH/Database/MySQLi/Connection.php on line 311.
 1 SYSTEMPATH/Database/BaseConnection.php(693): CodeIgniter\Database\MySQLi\Connection->execute()
 2 SYSTEMPATH/Database/BaseConnection.php(607): CodeIgniter\Database\BaseConnection->simpleQuery()
 3 SYSTEMPATH/Database/BaseBuilder.php(2307): CodeIgniter\Database\BaseConnection->query()
 4 SYSTEMPATH/Model.php(326): CodeIgniter\Database\BaseBuilder->insert()
 5 SYSTEMPATH/BaseModel.php(802): CodeIgniter\Model->doInsert()
 6 SYSTEMPATH/Model.php(744): CodeIgniter\BaseModel->insert()
 7 APPPATH/Controllers/Home.php(23): CodeIgniter\Model->insert()
 8 SYSTEMPATH/CodeIgniter.php(941): App\Controllers\Home->receive_data()
 9 SYSTEMPATH/CodeIgniter.php(502): CodeIgniter\CodeIgniter->runController()
10 SYSTEMPATH/CodeIgniter.php(361): CodeIgniter\CodeIgniter->handleRequest()
11 FCPATH/index.php(79): CodeIgniter\CodeIgniter->run()
12 SYSTEMPATH/Commands/Server/rewrite.php(47): require_once('/home/aluno/Downloads/j/ds1-2024/bimestre1/codeigniter4/public/index.php')
CRITICAL - 2024-03-12 18:53:28 --> [Caused by] mysqli_sql_exception: Unknown column 'gen' in 'field list'
in SYSTEMPATH/Database/MySQLi/Connection.php on line 306.
 1 SYSTEMPATH/Database/MySQLi/Connection.php(306): mysqli->query()
 2 SYSTEMPATH/Database/BaseConnection.php(693): CodeIgniter\Database\MySQLi\Connection->execute()
 3 SYSTEMPATH/Database/BaseConnection.php(607): CodeIgniter\Database\BaseConnection->simpleQuery()
 4 SYSTEMPATH/Database/BaseBuilder.php(2307): CodeIgniter\Database\BaseConnection->query()
 5 SYSTEMPATH/Model.php(326): CodeIgniter\Database\BaseBuilder->insert()
 6 SYSTEMPATH/BaseModel.php(802): CodeIgniter\Model->doInsert()
 7 SYSTEMPATH/Model.php(744): CodeIgniter\BaseModel->insert()
 8 APPPATH/Controllers/Home.php(23): CodeIgniter\Model->insert()
 9 SYSTEMPATH/CodeIgniter.php(941): App\Controllers\Home->receive_data()
10 SYSTEMPATH/CodeIgniter.php(502): CodeIgniter\CodeIgniter->runController()
11 SYSTEMPATH/CodeIgniter.php(361): CodeIgniter\CodeIgniter->handleRequest()
12 FCPATH/index.php(79): CodeIgniter\CodeIgniter->run()
13 SYSTEMPATH/Commands/Server/rewrite.php(47): require_once('/home/aluno/Downloads/j/ds1-2024/bimestre1/codeigniter4/public/index.php')
ERROR - 2024-03-12 18:53:43 --> mysqli_sql_exception: Unknown column 'gen' in 'field list' in /home/aluno/Downloads/j/ds1-2024/bimestre1/codeigniter4/system/Database/MySQLi/Connection.php:306
Stack trace:
#0 /home/aluno/Downloads/j/ds1-2024/bimestre1/codeigniter4/system/Database/MySQLi/Connection.php(306): mysqli->query()
#1 /home/aluno/Downloads/j/ds1-2024/bimestre1/codeigniter4/system/Database/BaseConnection.php(693): CodeIgniter\Database\MySQLi\Connection->execute()
#2 /home/aluno/Downloads/j/ds1-2024/bimestre1/codeigniter4/system/Database/BaseConnection.php(607): CodeIgniter\Database\BaseConnection->simpleQuery()
#3 /home/aluno/Downloads/j/ds1-2024/bimestre1/codeigniter4/system/Database/BaseBuilder.php(2307): CodeIgniter\Database\BaseConnection->query()
#4 /home/aluno/Downloads/j/ds1-2024/bimestre1/codeigniter4/system/Model.php(326): CodeIgniter\Database\BaseBuilder->insert()
#5 /home/aluno/Downloads/j/ds1-2024/bimestre1/codeigniter4/system/BaseModel.php(802): CodeIgniter\Model->doInsert()
#6 /home/aluno/Downloads/j/ds1-2024/bimestre1/codeigniter4/system/Model.php(744): CodeIgniter\BaseModel->insert()
#7 /home/aluno/Downloads/j/ds1-2024/bimestre1/codeigniter4/app/Controllers/Home.php(23): CodeIgniter\Model->insert()
#8 /home/aluno/Downloads/j/ds1-2024/bimestre1/codeigniter4/system/CodeIgniter.php(941): App\Controllers\Home->receive_data()
#9 /home/aluno/Downloads/j/ds1-2024/bimestre1/codeigniter4/system/CodeIgniter.php(502): CodeIgniter\CodeIgniter->runController()
#10 /home/aluno/Downloads/j/ds1-2024/bimestre1/codeigniter4/system/CodeIgniter.php(361): CodeIgniter\CodeIgniter->handleRequest()
#11 /home/aluno/Downloads/j/ds1-2024/bimestre1/codeigniter4/public/index.php(79): CodeIgniter\CodeIgniter->run()
#12 /home/aluno/Downloads/j/ds1-2024/bimestre1/codeigniter4/system/Commands/Server/rewrite.php(47): require_once('...')
#13 {main}
CRITICAL - 2024-03-12 18:53:43 --> CodeIgniter\Database\Exceptions\DatabaseException: Unknown column 'gen' in 'field list'
in SYSTEMPATH/Database/BaseConnection.php on line 647.
 1 SYSTEMPATH/Database/BaseBuilder.php(2307): CodeIgniter\Database\BaseConnection->query()
 2 SYSTEMPATH/Model.php(326): CodeIgniter\Database\BaseBuilder->insert()
 3 SYSTEMPATH/BaseModel.php(802): CodeIgniter\Model->doInsert()
 4 SYSTEMPATH/Model.php(744): CodeIgniter\BaseModel->insert()
 5 APPPATH/Controllers/Home.php(23): CodeIgniter\Model->insert()
 6 SYSTEMPATH/CodeIgniter.php(941): App\Controllers\Home->receive_data()
 7 SYSTEMPATH/CodeIgniter.php(502): CodeIgniter\CodeIgniter->runController()
 8 SYSTEMPATH/CodeIgniter.php(361): CodeIgniter\CodeIgniter->handleRequest()
 9 FCPATH/index.php(79): CodeIgniter\CodeIgniter->run()
10 SYSTEMPATH/Commands/Server/rewrite.php(47): require_once('/home/aluno/Downloads/j/ds1-2024/bimestre1/codeigniter4/public/index.php')
CRITICAL - 2024-03-12 18:53:43 --> [Caused by] CodeIgniter\Database\Exceptions\DatabaseException: Unknown column 'gen' in 'field list'
in SYSTEMPATH/Database/MySQLi/Connection.php on line 311.
 1 SYSTEMPATH/Database/BaseConnection.php(693): CodeIgniter\Database\MySQLi\Connection->execute()
 2 SYSTEMPATH/Database/BaseConnection.php(607): CodeIgniter\Database\BaseConnection->simpleQuery()
 3 SYSTEMPATH/Database/BaseBuilder.php(2307): CodeIgniter\Database\BaseConnection->query()
 4 SYSTEMPATH/Model.php(326): CodeIgniter\Database\BaseBuilder->insert()
 5 SYSTEMPATH/BaseModel.php(802): CodeIgniter\Model->doInsert()
 6 SYSTEMPATH/Model.php(744): CodeIgniter\BaseModel->insert()
 7 APPPATH/Controllers/Home.php(23): CodeIgniter\Model->insert()
 8 SYSTEMPATH/CodeIgniter.php(941): App\Controllers\Home->receive_data()
 9 SYSTEMPATH/CodeIgniter.php(502): CodeIgniter\CodeIgniter->runController()
10 SYSTEMPATH/CodeIgniter.php(361): CodeIgniter\CodeIgniter->handleRequest()
11 FCPATH/index.php(79): CodeIgniter\CodeIgniter->run()
12 SYSTEMPATH/Commands/Server/rewrite.php(47): require_once('/home/aluno/Downloads/j/ds1-2024/bimestre1/codeigniter4/public/index.php')
CRITICAL - 2024-03-12 18:53:43 --> [Caused by] mysqli_sql_exception: Unknown column 'gen' in 'field list'
in SYSTEMPATH/Database/MySQLi/Connection.php on line 306.
 1 SYSTEMPATH/Database/MySQLi/Connection.php(306): mysqli->query()
 2 SYSTEMPATH/Database/BaseConnection.php(693): CodeIgniter\Database\MySQLi\Connection->execute()
 3 SYSTEMPATH/Database/BaseConnection.php(607): CodeIgniter\Database\BaseConnection->simpleQuery()
 4 SYSTEMPATH/Database/BaseBuilder.php(2307): CodeIgniter\Database\BaseConnection->query()
 5 SYSTEMPATH/Model.php(326): CodeIgniter\Database\BaseBuilder->insert()
 6 SYSTEMPATH/BaseModel.php(802): CodeIgniter\Model->doInsert()
 7 SYSTEMPATH/Model.php(744): CodeIgniter\BaseModel->insert()
 8 APPPATH/Controllers/Home.php(23): CodeIgniter\Model->insert()
 9 SYSTEMPATH/CodeIgniter.php(941): App\Controllers\Home->receive_data()
10 SYSTEMPATH/CodeIgniter.php(502): CodeIgniter\CodeIgniter->runController()
11 SYSTEMPATH/CodeIgniter.php(361): CodeIgniter\CodeIgniter->handleRequest()
12 FCPATH/index.php(79): CodeIgniter\CodeIgniter->run()
13 SYSTEMPATH/Commands/Server/rewrite.php(47): require_once('/home/aluno/Downloads/j/ds1-2024/bimestre1/codeigniter4/public/index.php')
CRITICAL - 2024-03-12 19:46:58 --> ParseError: syntax error, unexpected token ")"
in APPPATH/Views/music.php on line 14.
 1 SYSTEMPATH/View/View.php(231): CodeIgniter\View\View->CodeIgniter\View\{closure}()
 2 SYSTEMPATH/Common.php(1178): CodeIgniter\View\View->render()
 3 APPPATH/Controllers/Home.php(25): view()
 4 SYSTEMPATH/CodeIgniter.php(941): App\Controllers\Home->receive_data()
 5 SYSTEMPATH/CodeIgniter.php(502): CodeIgniter\CodeIgniter->runController()
 6 SYSTEMPATH/CodeIgniter.php(361): CodeIgniter\CodeIgniter->handleRequest()
 7 FCPATH/index.php(79): CodeIgniter\CodeIgniter->run()
 8 SYSTEMPATH/Commands/Server/rewrite.php(47): require_once('/home/aluno/Downloads/j/ds1-2024/bimestre1/exercicio 2 integracao com banco de dados (codeigniter4)/public/index.php')
CRITICAL - 2024-03-12 19:47:15 --> ErrorException: Undefined variable $data
in APPPATH/Views/music.php on line 14.
 1 APPPATH/Views/music.php(14): CodeIgniter\Debug\Exceptions->errorHandler()
 2 SYSTEMPATH/View/View.php(228): include('/home/aluno/Downloads/j/ds1-2024/bimestre1/exercicio 2 integracao com banco de dados (codeigniter4)/app/Views/music.php')
 3 SYSTEMPATH/View/View.php(231): CodeIgniter\View\View->CodeIgniter\View\{closure}()
 4 SYSTEMPATH/Common.php(1178): CodeIgniter\View\View->render()
 5 APPPATH/Controllers/Home.php(25): view()
 6 SYSTEMPATH/CodeIgniter.php(941): App\Controllers\Home->receive_data()
 7 SYSTEMPATH/CodeIgniter.php(502): CodeIgniter\CodeIgniter->runController()
 8 SYSTEMPATH/CodeIgniter.php(361): CodeIgniter\CodeIgniter->handleRequest()
 9 FCPATH/index.php(79): CodeIgniter\CodeIgniter->run()
10 SYSTEMPATH/Commands/Server/rewrite.php(47): require_once('/home/aluno/Downloads/j/ds1-2024/bimestre1/exercicio 2 integracao com banco de dados (codeigniter4)/public/index.php')
CRITICAL - 2024-03-12 19:47:19 --> ErrorException: Undefined variable $data
in APPPATH/Views/music.php on line 14.
 1 APPPATH/Views/music.php(14): CodeIgniter\Debug\Exceptions->errorHandler()
 2 SYSTEMPATH/View/View.php(228): include('/home/aluno/Downloads/j/ds1-2024/bimestre1/exercicio 2 integracao com banco de dados (codeigniter4)/app/Views/music.php')
 3 SYSTEMPATH/View/View.php(231): CodeIgniter\View\View->CodeIgniter\View\{closure}()
 4 SYSTEMPATH/Common.php(1178): CodeIgniter\View\View->render()
 5 APPPATH/Controllers/Home.php(25): view()
 6 SYSTEMPATH/CodeIgniter.php(941): App\Controllers\Home->receive_data()
 7 SYSTEMPATH/CodeIgniter.php(502): CodeIgniter\CodeIgniter->runController()
 8 SYSTEMPATH/CodeIgniter.php(361): CodeIgniter\CodeIgniter->handleRequest()
 9 FCPATH/index.php(79): CodeIgniter\CodeIgniter->run()
10 SYSTEMPATH/Commands/Server/rewrite.php(47): require_once('/home/aluno/Downloads/j/ds1-2024/bimestre1/exercicio 2 integracao com banco de dados (codeigniter4)/public/index.php')
CRITICAL - 2024-03-12 19:48:19 --> ErrorException: Undefined variable $data
in APPPATH/Views/music.php on line 14.
 1 APPPATH/Views/music.php(14): CodeIgniter\Debug\Exceptions->errorHandler()
 2 SYSTEMPATH/View/View.php(228): include('/home/aluno/Downloads/j/ds1-2024/bimestre1/exercicio 2 integracao com banco de dados (codeigniter4)/app/Views/music.php')
 3 SYSTEMPATH/View/View.php(231): CodeIgniter\View\View->CodeIgniter\View\{closure}()
 4 SYSTEMPATH/Common.php(1178): CodeIgniter\View\View->render()
 5 APPPATH/Controllers/Home.php(25): view()
 6 SYSTEMPATH/CodeIgniter.php(941): App\Controllers\Home->receive_data()
 7 SYSTEMPATH/CodeIgniter.php(502): CodeIgniter\CodeIgniter->runController()
 8 SYSTEMPATH/CodeIgniter.php(361): CodeIgniter\CodeIgniter->handleRequest()
 9 FCPATH/index.php(79): CodeIgniter\CodeIgniter->run()
10 SYSTEMPATH/Commands/Server/rewrite.php(47): require_once('/home/aluno/Downloads/j/ds1-2024/bimestre1/exercicio 2 integracao com banco de dados (codeigniter4)/public/index.php')
CRITICAL - 2024-03-12 19:48:56 --> ErrorException: Undefined variable $results
in APPPATH/Views/music.php on line 14.
 1 APPPATH/Views/music.php(14): CodeIgniter\Debug\Exceptions->errorHandler()
 2 SYSTEMPATH/View/View.php(228): include('/home/aluno/Downloads/j/ds1-2024/bimestre1/exercicio 2 integracao com banco de dados (codeigniter4)/app/Views/music.php')
 3 SYSTEMPATH/View/View.php(231): CodeIgniter\View\View->CodeIgniter\View\{closure}()
 4 SYSTEMPATH/Common.php(1178): CodeIgniter\View\View->render()
 5 APPPATH/Controllers/Home.php(25): view()
 6 SYSTEMPATH/CodeIgniter.php(941): App\Controllers\Home->receive_data()
 7 SYSTEMPATH/CodeIgniter.php(502): CodeIgniter\CodeIgniter->runController()
 8 SYSTEMPATH/CodeIgniter.php(361): CodeIgniter\CodeIgniter->handleRequest()
 9 FCPATH/index.php(79): CodeIgniter\CodeIgniter->run()
10 SYSTEMPATH/Commands/Server/rewrite.php(47): require_once('/home/aluno/Downloads/j/ds1-2024/bimestre1/exercicio 2 integracao com banco de dados (codeigniter4)/public/index.php')
CRITICAL - 2024-03-12 19:49:08 --> ErrorException: Undefined variable $data
in APPPATH/Views/music.php on line 14.
 1 APPPATH/Views/music.php(14): CodeIgniter\Debug\Exceptions->errorHandler()
 2 SYSTEMPATH/View/View.php(228): include('/home/aluno/Downloads/j/ds1-2024/bimestre1/exercicio 2 integracao com banco de dados (codeigniter4)/app/Views/music.php')
 3 SYSTEMPATH/View/View.php(231): CodeIgniter\View\View->CodeIgniter\View\{closure}()
 4 SYSTEMPATH/Common.php(1178): CodeIgniter\View\View->render()
 5 APPPATH/Controllers/Home.php(25): view()
 6 SYSTEMPATH/CodeIgniter.php(941): App\Controllers\Home->receive_data()
 7 SYSTEMPATH/CodeIgniter.php(502): CodeIgniter\CodeIgniter->runController()
 8 SYSTEMPATH/CodeIgniter.php(361): CodeIgniter\CodeIgniter->handleRequest()
 9 FCPATH/index.php(79): CodeIgniter\CodeIgniter->run()
10 SYSTEMPATH/Commands/Server/rewrite.php(47): require_once('/home/aluno/Downloads/j/ds1-2024/bimestre1/exercicio 2 integracao com banco de dados (codeigniter4)/public/index.php')
CRITICAL - 2024-03-12 19:49:39 --> ErrorException: Undefined variable $result
in APPPATH/Views/music.php on line 14.
 1 APPPATH/Views/music.php(14): CodeIgniter\Debug\Exceptions->errorHandler()
 2 SYSTEMPATH/View/View.php(228): include('/home/aluno/Downloads/j/ds1-2024/bimestre1/exercicio 2 integracao com banco de dados (codeigniter4)/app/Views/music.php')
 3 SYSTEMPATH/View/View.php(231): CodeIgniter\View\View->CodeIgniter\View\{closure}()
 4 SYSTEMPATH/Common.php(1178): CodeIgniter\View\View->render()
 5 APPPATH/Controllers/Home.php(25): view()
 6 SYSTEMPATH/CodeIgniter.php(941): App\Controllers\Home->receive_data()
 7 SYSTEMPATH/CodeIgniter.php(502): CodeIgniter\CodeIgniter->runController()
 8 SYSTEMPATH/CodeIgniter.php(361): CodeIgniter\CodeIgniter->handleRequest()
 9 FCPATH/index.php(79): CodeIgniter\CodeIgniter->run()
10 SYSTEMPATH/Commands/Server/rewrite.php(47): require_once('/home/aluno/Downloads/j/ds1-2024/bimestre1/exercicio 2 integracao com banco de dados (codeigniter4)/public/index.php')
CRITICAL - 2024-03-12 19:49:42 --> ErrorException: Undefined variable $data
in APPPATH/Views/music.php on line 14.
 1 APPPATH/Views/music.php(14): CodeIgniter\Debug\Exceptions->errorHandler()
 2 SYSTEMPATH/View/View.php(228): include('/home/aluno/Downloads/j/ds1-2024/bimestre1/exercicio 2 integracao com banco de dados (codeigniter4)/app/Views/music.php')
 3 SYSTEMPATH/View/View.php(231): CodeIgniter\View\View->CodeIgniter\View\{closure}()
 4 SYSTEMPATH/Common.php(1178): CodeIgniter\View\View->render()
 5 APPPATH/Controllers/Home.php(25): view()
 6 SYSTEMPATH/CodeIgniter.php(941): App\Controllers\Home->receive_data()
 7 SYSTEMPATH/CodeIgniter.php(502): CodeIgniter\CodeIgniter->runController()
 8 SYSTEMPATH/CodeIgniter.php(361): CodeIgniter\CodeIgniter->handleRequest()
 9 FCPATH/index.php(79): CodeIgniter\CodeIgniter->run()
10 SYSTEMPATH/Commands/Server/rewrite.php(47): require_once('/home/aluno/Downloads/j/ds1-2024/bimestre1/exercicio 2 integracao com banco de dados (codeigniter4)/public/index.php')
CRITICAL - 2024-03-12 19:50:11 --> ErrorException: Undefined variable $data
in APPPATH/Views/music.php on line 14.
 1 APPPATH/Views/music.php(14): CodeIgniter\Debug\Exceptions->errorHandler()
 2 SYSTEMPATH/View/View.php(228): include('/home/aluno/Downloads/j/ds1-2024/bimestre1/exercicio 2 integracao com banco de dados (codeigniter4)/app/Views/music.php')
 3 SYSTEMPATH/View/View.php(231): CodeIgniter\View\View->CodeIgniter\View\{closure}()
 4 SYSTEMPATH/Common.php(1178): CodeIgniter\View\View->render()
 5 APPPATH/Controllers/Home.php(25): view()
 6 SYSTEMPATH/CodeIgniter.php(941): App\Controllers\Home->receive_data()
 7 SYSTEMPATH/CodeIgniter.php(502): CodeIgniter\CodeIgniter->runController()
 8 SYSTEMPATH/CodeIgniter.php(361): CodeIgniter\CodeIgniter->handleRequest()
 9 FCPATH/index.php(79): CodeIgniter\CodeIgniter->run()
10 SYSTEMPATH/Commands/Server/rewrite.php(47): require_once('/home/aluno/Downloads/j/ds1-2024/bimestre1/exercicio 2 integracao com banco de dados (codeigniter4)/public/index.php')
CRITICAL - 2024-03-12 19:50:20 --> ErrorException: Cannot use [] for reading
in APPPATH/Views/music.php on line 14.
 1 [internal function]: CodeIgniter\Debug\Exceptions->shutdownHandler()
CRITICAL - 2024-03-12 19:50:23 --> ErrorException: Undefined variable $data
in APPPATH/Views/music.php on line 14.
 1 APPPATH/Views/music.php(14): CodeIgniter\Debug\Exceptions->errorHandler()
 2 SYSTEMPATH/View/View.php(228): include('/home/aluno/Downloads/j/ds1-2024/bimestre1/exercicio 2 integracao com banco de dados (codeigniter4)/app/Views/music.php')
 3 SYSTEMPATH/View/View.php(231): CodeIgniter\View\View->CodeIgniter\View\{closure}()
 4 SYSTEMPATH/Common.php(1178): CodeIgniter\View\View->render()
 5 APPPATH/Controllers/Home.php(25): view()
 6 SYSTEMPATH/CodeIgniter.php(941): App\Controllers\Home->receive_data()
 7 SYSTEMPATH/CodeIgniter.php(502): CodeIgniter\CodeIgniter->runController()
 8 SYSTEMPATH/CodeIgniter.php(361): CodeIgniter\CodeIgniter->handleRequest()
 9 FCPATH/index.php(79): CodeIgniter\CodeIgniter->run()
10 SYSTEMPATH/Commands/Server/rewrite.php(47): require_once('/home/aluno/Downloads/j/ds1-2024/bimestre1/exercicio 2 integracao com banco de dados (codeigniter4)/public/index.php')
CRITICAL - 2024-03-12 19:50:30 --> TypeError: Cannot access offset of type string on string
in APPPATH/Views/music.php on line 14.
 1 SYSTEMPATH/View/View.php(228): include()
 2 SYSTEMPATH/View/View.php(231): CodeIgniter\View\View->CodeIgniter\View\{closure}()
 3 SYSTEMPATH/Common.php(1178): CodeIgniter\View\View->render()
 4 APPPATH/Controllers/Home.php(25): view()
 5 SYSTEMPATH/CodeIgniter.php(941): App\Controllers\Home->receive_data()
 6 SYSTEMPATH/CodeIgniter.php(502): CodeIgniter\CodeIgniter->runController()
 7 SYSTEMPATH/CodeIgniter.php(361): CodeIgniter\CodeIgniter->handleRequest()
 8 FCPATH/index.php(79): CodeIgniter\CodeIgniter->run()
 9 SYSTEMPATH/Commands/Server/rewrite.php(47): require_once('/home/aluno/Downloads/j/ds1-2024/bimestre1/exercicio 2 integracao com banco de dados (codeigniter4)/public/index.php')
CRITICAL - 2024-03-12 19:50:34 --> ErrorException: foreach() argument must be of type array|object, string given
in APPPATH/Views/music.php on line 14.
 1 APPPATH/Views/music.php(14): CodeIgniter\Debug\Exceptions->errorHandler()
 2 SYSTEMPATH/View/View.php(228): include('/home/aluno/Downloads/j/ds1-2024/bimestre1/exercicio 2 integracao com banco de dados (codeigniter4)/app/Views/music.php')
 3 SYSTEMPATH/View/View.php(231): CodeIgniter\View\View->CodeIgniter\View\{closure}()
 4 SYSTEMPATH/Common.php(1178): CodeIgniter\View\View->render()
 5 APPPATH/Controllers/Home.php(25): view()
 6 SYSTEMPATH/CodeIgniter.php(941): App\Controllers\Home->receive_data()
 7 SYSTEMPATH/CodeIgniter.php(502): CodeIgniter\CodeIgniter->runController()
 8 SYSTEMPATH/CodeIgniter.php(361): CodeIgniter\CodeIgniter->handleRequest()
 9 FCPATH/index.php(79): CodeIgniter\CodeIgniter->run()
10 SYSTEMPATH/Commands/Server/rewrite.php(47): require_once('/home/aluno/Downloads/j/ds1-2024/bimestre1/exercicio 2 integracao com banco de dados (codeigniter4)/public/index.php')
CRITICAL - 2024-03-12 19:50:37 --> ErrorException: foreach() argument must be of type array|object, string given
in APPPATH/Views/music.php on line 14.
 1 APPPATH/Views/music.php(14): CodeIgniter\Debug\Exceptions->errorHandler()
 2 SYSTEMPATH/View/View.php(228): include('/home/aluno/Downloads/j/ds1-2024/bimestre1/exercicio 2 integracao com banco de dados (codeigniter4)/app/Views/music.php')
 3 SYSTEMPATH/View/View.php(231): CodeIgniter\View\View->CodeIgniter\View\{closure}()
 4 SYSTEMPATH/Common.php(1178): CodeIgniter\View\View->render()
 5 APPPATH/Controllers/Home.php(25): view()
 6 SYSTEMPATH/CodeIgniter.php(941): App\Controllers\Home->receive_data()
 7 SYSTEMPATH/CodeIgniter.php(502): CodeIgniter\CodeIgniter->runController()
 8 SYSTEMPATH/CodeIgniter.php(361): CodeIgniter\CodeIgniter->handleRequest()
 9 FCPATH/index.php(79): CodeIgniter\CodeIgniter->run()
10 SYSTEMPATH/Commands/Server/rewrite.php(47): require_once('/home/aluno/Downloads/j/ds1-2024/bimestre1/exercicio 2 integracao com banco de dados (codeigniter4)/public/index.php')
CRITICAL - 2024-03-12 19:51:01 --> ErrorException: Undefined variable $data
in APPPATH/Views/music.php on line 14.
 1 APPPATH/Views/music.php(14): CodeIgniter\Debug\Exceptions->errorHandler()
 2 SYSTEMPATH/View/View.php(228): include('/home/aluno/Downloads/j/ds1-2024/bimestre1/exercicio 2 integracao com banco de dados (codeigniter4)/app/Views/music.php')
 3 SYSTEMPATH/View/View.php(231): CodeIgniter\View\View->CodeIgniter\View\{closure}()
 4 SYSTEMPATH/Common.php(1178): CodeIgniter\View\View->render()
 5 APPPATH/Controllers/Home.php(25): view()
 6 SYSTEMPATH/CodeIgniter.php(941): App\Controllers\Home->receive_data()
 7 SYSTEMPATH/CodeIgniter.php(502): CodeIgniter\CodeIgniter->runController()
 8 SYSTEMPATH/CodeIgniter.php(361): CodeIgniter\CodeIgniter->handleRequest()
 9 FCPATH/index.php(79): CodeIgniter\CodeIgniter->run()
10 SYSTEMPATH/Commands/Server/rewrite.php(47): require_once('/home/aluno/Downloads/j/ds1-2024/bimestre1/exercicio 2 integracao com banco de dados (codeigniter4)/public/index.php')
CRITICAL - 2024-03-12 19:51:12 --> ErrorException: Undefined variable $data
in APPPATH/Views/music.php on line 14.
 1 APPPATH/Views/music.php(14): CodeIgniter\Debug\Exceptions->errorHandler()
 2 SYSTEMPATH/View/View.php(228): include('/home/aluno/Downloads/j/ds1-2024/bimestre1/exercicio 2 integracao com banco de dados (codeigniter4)/app/Views/music.php')
 3 SYSTEMPATH/View/View.php(231): CodeIgniter\View\View->CodeIgniter\View\{closure}()
 4 SYSTEMPATH/Common.php(1178): CodeIgniter\View\View->render()
 5 APPPATH/Controllers/Home.php(25): view()
 6 SYSTEMPATH/CodeIgniter.php(941): App\Controllers\Home->receive_data()
 7 SYSTEMPATH/CodeIgniter.php(502): CodeIgniter\CodeIgniter->runController()
 8 SYSTEMPATH/CodeIgniter.php(361): CodeIgniter\CodeIgniter->handleRequest()
 9 FCPATH/index.php(79): CodeIgniter\CodeIgniter->run()
10 SYSTEMPATH/Commands/Server/rewrite.php(47): require_once('/home/aluno/Downloads/j/ds1-2024/bimestre1/exercicio 2 integracao com banco de dados (codeigniter4)/public/index.php')
CRITICAL - 2024-03-12 20:24:11 --> ParseError: syntax error, unexpected token "foreach", expecting "," or ";"
in APPPATH/Views/music.php on line 16.
 1 SYSTEMPATH/View/View.php(231): CodeIgniter\View\View->CodeIgniter\View\{closure}()
 2 SYSTEMPATH/Common.php(1178): CodeIgniter\View\View->render()
 3 APPPATH/Controllers/Home.php(25): view()
 4 SYSTEMPATH/CodeIgniter.php(941): App\Controllers\Home->receive_data()
 5 SYSTEMPATH/CodeIgniter.php(502): CodeIgniter\CodeIgniter->runController()
 6 SYSTEMPATH/CodeIgniter.php(361): CodeIgniter\CodeIgniter->handleRequest()
 7 FCPATH/index.php(79): CodeIgniter\CodeIgniter->run()
 8 SYSTEMPATH/Commands/Server/rewrite.php(47): require_once('/home/aluno/Downloads/j/ds1-2024/bimestre1/exercicio 2 integracao com banco de dados (codeigniter4)/public/index.php')
CRITICAL - 2024-03-12 20:24:22 --> ErrorException: Undefined variable $data
in APPPATH/Views/music.php on line 14.
 1 APPPATH/Views/music.php(14): CodeIgniter\Debug\Exceptions->errorHandler()
 2 SYSTEMPATH/View/View.php(228): include('/home/aluno/Downloads/j/ds1-2024/bimestre1/exercicio 2 integracao com banco de dados (codeigniter4)/app/Views/music.php')
 3 SYSTEMPATH/View/View.php(231): CodeIgniter\View\View->CodeIgniter\View\{closure}()
 4 SYSTEMPATH/Common.php(1178): CodeIgniter\View\View->render()
 5 APPPATH/Controllers/Home.php(25): view()
 6 SYSTEMPATH/CodeIgniter.php(941): App\Controllers\Home->receive_data()
 7 SYSTEMPATH/CodeIgniter.php(502): CodeIgniter\CodeIgniter->runController()
 8 SYSTEMPATH/CodeIgniter.php(361): CodeIgniter\CodeIgniter->handleRequest()
 9 FCPATH/index.php(79): CodeIgniter\CodeIgniter->run()
10 SYSTEMPATH/Commands/Server/rewrite.php(47): require_once('/home/aluno/Downloads/j/ds1-2024/bimestre1/exercicio 2 integracao com banco de dados (codeigniter4)/public/index.php')
CRITICAL - 2024-03-12 20:25:19 --> ErrorException: Undefined variable $data
in APPPATH/Views/music.php on line 14.
 1 APPPATH/Views/music.php(14): CodeIgniter\Debug\Exceptions->errorHandler()
 2 SYSTEMPATH/View/View.php(228): include('/home/aluno/Downloads/j/ds1-2024/bimestre1/exercicio 2 integracao com banco de dados (codeigniter4)/app/Views/music.php')
 3 SYSTEMPATH/View/View.php(231): CodeIgniter\View\View->CodeIgniter\View\{closure}()
 4 SYSTEMPATH/Common.php(1178): CodeIgniter\View\View->render()
 5 APPPATH/Controllers/Home.php(25): view()
 6 SYSTEMPATH/CodeIgniter.php(941): App\Controllers\Home->receive_data()
 7 SYSTEMPATH/CodeIgniter.php(502): CodeIgniter\CodeIgniter->runController()
 8 SYSTEMPATH/CodeIgniter.php(361): CodeIgniter\CodeIgniter->handleRequest()
 9 FCPATH/index.php(79): CodeIgniter\CodeIgniter->run()
10 SYSTEMPATH/Commands/Server/rewrite.php(47): require_once('/home/aluno/Downloads/j/ds1-2024/bimestre1/exercicio 2 integracao com banco de dados (codeigniter4)/public/index.php')
CRITICAL - 2024-03-12 20:27:10 --> ErrorException: Undefined variable $data
in APPPATH/Views/music.php on line 14.
 1 APPPATH/Views/music.php(14): CodeIgniter\Debug\Exceptions->errorHandler()
 2 SYSTEMPATH/View/View.php(228): include('/home/aluno/Downloads/j/ds1-2024/bimestre1/exercicio 2 integracao com banco de dados (codeigniter4)/app/Views/music.php')
 3 SYSTEMPATH/View/View.php(231): CodeIgniter\View\View->CodeIgniter\View\{closure}()
 4 SYSTEMPATH/Common.php(1178): CodeIgniter\View\View->render()
 5 APPPATH/Controllers/Home.php(25): view()
 6 SYSTEMPATH/CodeIgniter.php(941): App\Controllers\Home->receive_data()
 7 SYSTEMPATH/CodeIgniter.php(502): CodeIgniter\CodeIgniter->runController()
 8 SYSTEMPATH/CodeIgniter.php(361): CodeIgniter\CodeIgniter->handleRequest()
 9 FCPATH/index.php(79): CodeIgniter\CodeIgniter->run()
10 SYSTEMPATH/Commands/Server/rewrite.php(47): require_once('/home/aluno/Downloads/j/ds1-2024/bimestre1/exercicio 2 integracao com banco de dados (codeigniter4)/public/index.php')
CRITICAL - 2024-03-12 20:27:33 --> ErrorException: Undefined variable $data
in APPPATH/Views/music.php on line 14.
 1 APPPATH/Views/music.php(14): CodeIgniter\Debug\Exceptions->errorHandler()
 2 SYSTEMPATH/View/View.php(228): include('/home/aluno/Downloads/j/ds1-2024/bimestre1/exercicio 2 integracao com banco de dados (codeigniter4)/app/Views/music.php')
 3 SYSTEMPATH/View/View.php(231): CodeIgniter\View\View->CodeIgniter\View\{closure}()
 4 SYSTEMPATH/Common.php(1178): CodeIgniter\View\View->render()
 5 APPPATH/Controllers/Home.php(27): view()
 6 SYSTEMPATH/CodeIgniter.php(941): App\Controllers\Home->receive_data()
 7 SYSTEMPATH/CodeIgniter.php(502): CodeIgniter\CodeIgniter->runController()
 8 SYSTEMPATH/CodeIgniter.php(361): CodeIgniter\CodeIgniter->handleRequest()
 9 FCPATH/index.php(79): CodeIgniter\CodeIgniter->run()
10 SYSTEMPATH/Commands/Server/rewrite.php(47): require_once('/home/aluno/Downloads/j/ds1-2024/bimestre1/exercicio 2 integracao com banco de dados (codeigniter4)/public/index.php')
CRITICAL - 2024-03-12 20:28:16 --> ErrorException: Undefined variable $data
in APPPATH/Views/music.php on line 14.
 1 APPPATH/Views/music.php(14): CodeIgniter\Debug\Exceptions->errorHandler()
 2 SYSTEMPATH/View/View.php(228): include('/home/aluno/Downloads/j/ds1-2024/bimestre1/exercicio 2 integracao com banco de dados (codeigniter4)/app/Views/music.php')
 3 SYSTEMPATH/View/View.php(231): CodeIgniter\View\View->CodeIgniter\View\{closure}()
 4 SYSTEMPATH/Common.php(1178): CodeIgniter\View\View->render()
 5 APPPATH/Controllers/Home.php(25): view()
 6 SYSTEMPATH/CodeIgniter.php(941): App\Controllers\Home->receive_data()
 7 SYSTEMPATH/CodeIgniter.php(502): CodeIgniter\CodeIgniter->runController()
 8 SYSTEMPATH/CodeIgniter.php(361): CodeIgniter\CodeIgniter->handleRequest()
 9 FCPATH/index.php(79): CodeIgniter\CodeIgniter->run()
10 SYSTEMPATH/Commands/Server/rewrite.php(47): require_once('/home/aluno/Downloads/j/ds1-2024/bimestre1/exercicio 2 integracao com banco de dados (codeigniter4)/public/index.php')
