CRITICAL - 2024-03-26 19:01:01 --> CodeIgniter\Database\Exceptions\DataException: There is no data to update.
in SYSTEMPATH/BaseModel.php on line 1778.
 1 SYSTEMPATH/BaseModel.php(1778): CodeIgniter\Database\Exceptions\DataException::forEmptyDataset()
 2 SYSTEMPATH/BaseModel.php(956): CodeIgniter\BaseModel->transformDataToArray()
 3 SYSTEMPATH/Model.php(807): CodeIgniter\BaseModel->update()
 4 APPPATH/Controllers/FirstAm.php(29): CodeIgniter\Model->update()
 5 SYSTEMPATH/CodeIgniter.php(941): App\Controllers\FirstAm->update()
 6 SYSTEMPATH/CodeIgniter.php(502): CodeIgniter\CodeIgniter->runController()
 7 SYSTEMPATH/CodeIgniter.php(361): CodeIgniter\CodeIgniter->handleRequest()
 8 FCPATH/index.php(79): CodeIgniter\CodeIgniter->run()
 9 SYSTEMPATH/Commands/Server/rewrite.php(47): require_once('/home/aluno/Downloads/j/ds1-2024/bimestre1/exercicio2-codeigniter4/public/index.php')
CRITICAL - 2024-03-26 19:09:22 --> CodeIgniter\Database\Exceptions\DataException: There is no data to update.
in SYSTEMPATH/BaseModel.php on line 1778.
 1 SYSTEMPATH/BaseModel.php(1778): CodeIgniter\Database\Exceptions\DataException::forEmptyDataset()
 2 SYSTEMPATH/BaseModel.php(956): CodeIgniter\BaseModel->transformDataToArray()
 3 SYSTEMPATH/Model.php(807): CodeIgniter\BaseModel->update()
 4 APPPATH/Controllers/FirstAm.php(27): CodeIgniter\Model->update()
 5 SYSTEMPATH/CodeIgniter.php(941): App\Controllers\FirstAm->update()
 6 SYSTEMPATH/CodeIgniter.php(502): CodeIgniter\CodeIgniter->runController()
 7 SYSTEMPATH/CodeIgniter.php(361): CodeIgniter\CodeIgniter->handleRequest()
 8 FCPATH/index.php(79): CodeIgniter\CodeIgniter->run()
 9 SYSTEMPATH/Commands/Server/rewrite.php(47): require_once('/home/aluno/Downloads/j/ds1-2024/bimestre1/exercicio2-codeigniter4/public/index.php')
CRITICAL - 2024-03-26 19:09:41 --> CodeIgniter\Database\Exceptions\DataException: There is no data to update.
in SYSTEMPATH/BaseModel.php on line 1778.
 1 SYSTEMPATH/BaseModel.php(1778): CodeIgniter\Database\Exceptions\DataException::forEmptyDataset()
 2 SYSTEMPATH/BaseModel.php(956): CodeIgniter\BaseModel->transformDataToArray()
 3 SYSTEMPATH/Model.php(807): CodeIgniter\BaseModel->update()
 4 APPPATH/Controllers/FirstAm.php(27): CodeIgniter\Model->update()
 5 SYSTEMPATH/CodeIgniter.php(941): App\Controllers\FirstAm->update()
 6 SYSTEMPATH/CodeIgniter.php(502): CodeIgniter\CodeIgniter->runController()
 7 SYSTEMPATH/CodeIgniter.php(361): CodeIgniter\CodeIgniter->handleRequest()
 8 FCPATH/index.php(79): CodeIgniter\CodeIgniter->run()
 9 SYSTEMPATH/Commands/Server/rewrite.php(47): require_once('/home/aluno/Downloads/j/ds1-2024/bimestre1/exercicio2-codeigniter4/public/index.php')
CRITICAL - 2024-03-26 19:09:42 --> CodeIgniter\Database\Exceptions\DataException: There is no data to update.
in SYSTEMPATH/BaseModel.php on line 1778.
 1 SYSTEMPATH/BaseModel.php(1778): CodeIgniter\Database\Exceptions\DataException::forEmptyDataset()
 2 SYSTEMPATH/BaseModel.php(956): CodeIgniter\BaseModel->transformDataToArray()
 3 SYSTEMPATH/Model.php(807): CodeIgniter\BaseModel->update()
 4 APPPATH/Controllers/FirstAm.php(27): CodeIgniter\Model->update()
 5 SYSTEMPATH/CodeIgniter.php(941): App\Controllers\FirstAm->update()
 6 SYSTEMPATH/CodeIgniter.php(502): CodeIgniter\CodeIgniter->runController()
 7 SYSTEMPATH/CodeIgniter.php(361): CodeIgniter\CodeIgniter->handleRequest()
 8 FCPATH/index.php(79): CodeIgniter\CodeIgniter->run()
 9 SYSTEMPATH/Commands/Server/rewrite.php(47): require_once('/home/aluno/Downloads/j/ds1-2024/bimestre1/exercicio2-codeigniter4/public/index.php')
CRITICAL - 2024-03-26 19:10:15 --> CodeIgniter\Database\Exceptions\DataException: There is no data to update.
in SYSTEMPATH/BaseModel.php on line 1778.
 1 SYSTEMPATH/BaseModel.php(1778): CodeIgniter\Database\Exceptions\DataException::forEmptyDataset()
 2 SYSTEMPATH/BaseModel.php(956): CodeIgniter\BaseModel->transformDataToArray()
 3 SYSTEMPATH/Model.php(807): CodeIgniter\BaseModel->update()
 4 APPPATH/Controllers/FirstAm.php(27): CodeIgniter\Model->update()
 5 SYSTEMPATH/CodeIgniter.php(941): App\Controllers\FirstAm->update()
 6 SYSTEMPATH/CodeIgniter.php(502): CodeIgniter\CodeIgniter->runController()
 7 SYSTEMPATH/CodeIgniter.php(361): CodeIgniter\CodeIgniter->handleRequest()
 8 FCPATH/index.php(79): CodeIgniter\CodeIgniter->run()
 9 SYSTEMPATH/Commands/Server/rewrite.php(47): require_once('/home/aluno/Downloads/j/ds1-2024/bimestre1/exercicio2-codeigniter4/public/index.php')
CRITICAL - 2024-03-26 19:11:53 --> TypeError: CodeIgniter\BaseModel::transformDataToArray(): Return value must be of type array, string returned
in SYSTEMPATH/BaseModel.php on line 1804.
 1 SYSTEMPATH/BaseModel.php(956): CodeIgniter\BaseModel->transformDataToArray()
 2 SYSTEMPATH/Model.php(807): CodeIgniter\BaseModel->update()
 3 APPPATH/Controllers/FirstAm.php(27): CodeIgniter\Model->update()
 4 SYSTEMPATH/CodeIgniter.php(941): App\Controllers\FirstAm->update()
 5 SYSTEMPATH/CodeIgniter.php(502): CodeIgniter\CodeIgniter->runController()
 6 SYSTEMPATH/CodeIgniter.php(361): CodeIgniter\CodeIgniter->handleRequest()
 7 FCPATH/index.php(79): CodeIgniter\CodeIgniter->run()
 8 SYSTEMPATH/Commands/Server/rewrite.php(47): require_once('/home/aluno/Downloads/j/ds1-2024/bimestre1/exercicio2-codeigniter4/public/index.php')
CRITICAL - 2024-03-26 19:12:13 --> TypeError: CodeIgniter\BaseModel::transformDataToArray(): Return value must be of type array, string returned
in SYSTEMPATH/BaseModel.php on line 1804.
 1 SYSTEMPATH/BaseModel.php(956): CodeIgniter\BaseModel->transformDataToArray()
 2 SYSTEMPATH/Model.php(807): CodeIgniter\BaseModel->update()
 3 APPPATH/Controllers/FirstAm.php(27): CodeIgniter\Model->update()
 4 SYSTEMPATH/CodeIgniter.php(941): App\Controllers\FirstAm->update()
 5 SYSTEMPATH/CodeIgniter.php(502): CodeIgniter\CodeIgniter->runController()
 6 SYSTEMPATH/CodeIgniter.php(361): CodeIgniter\CodeIgniter->handleRequest()
 7 FCPATH/index.php(79): CodeIgniter\CodeIgniter->run()
 8 SYSTEMPATH/Commands/Server/rewrite.php(47): require_once('/home/aluno/Downloads/j/ds1-2024/bimestre1/exercicio2-codeigniter4/public/index.php')
ERROR - 2024-03-26 23:28:42 --> Error connecting to the database: mysqli_sql_exception: Access denied for user 'root'@'localhost' (using password: YES) in D:\Documents\git\ds1-2024\bimestre1\exercicio2-codeigniter4\system\Database\MySQLi\Connection.php:184
Stack trace:
#0 D:\Documents\git\ds1-2024\bimestre1\exercicio2-codeigniter4\system\Database\MySQLi\Connection.php(184): mysqli->real_connect('localhost', 'root', Object(SensitiveParameterValue), 'first_am', 3306, '', 0)
#1 D:\Documents\git\ds1-2024\bimestre1\exercicio2-codeigniter4\system\Database\BaseConnection.php(392): CodeIgniter\Database\MySQLi\Connection->connect(false)
#2 D:\Documents\git\ds1-2024\bimestre1\exercicio2-codeigniter4\system\Database\BaseConnection.php(575): CodeIgniter\Database\BaseConnection->initialize()
#3 D:\Documents\git\ds1-2024\bimestre1\exercicio2-codeigniter4\system\Database\BaseBuilder.php(1616): CodeIgniter\Database\BaseConnection->query('SELECT *\nFROM `...', Array, false)
#4 D:\Documents\git\ds1-2024\bimestre1\exercicio2-codeigniter4\system\Model.php(242): CodeIgniter\Database\BaseBuilder->get()
#5 D:\Documents\git\ds1-2024\bimestre1\exercicio2-codeigniter4\system\BaseModel.php(638): CodeIgniter\Model->doFindAll(0, 0)
#6 D:\Documents\git\ds1-2024\bimestre1\exercicio2-codeigniter4\app\Controllers\FirstAm.php(12): CodeIgniter\BaseModel->findAll()
#7 D:\Documents\git\ds1-2024\bimestre1\exercicio2-codeigniter4\system\CodeIgniter.php(941): App\Controllers\FirstAm->index()
#8 D:\Documents\git\ds1-2024\bimestre1\exercicio2-codeigniter4\system\CodeIgniter.php(502): CodeIgniter\CodeIgniter->runController(Object(App\Controllers\FirstAm))
#9 D:\Documents\git\ds1-2024\bimestre1\exercicio2-codeigniter4\system\CodeIgniter.php(361): CodeIgniter\CodeIgniter->handleRequest(NULL, Object(Config\Cache), false)
#10 D:\Documents\git\ds1-2024\bimestre1\exercicio2-codeigniter4\public\index.php(79): CodeIgniter\CodeIgniter->run()
#11 {main}

Next CodeIgniter\Database\Exceptions\DatabaseException: Access denied for user '****'@'localhost' (using password: YES) in D:\Documents\git\ds1-2024\bimestre1\exercicio2-codeigniter4\system\Database\MySQLi\Connection.php:229
Stack trace:
#0 D:\Documents\git\ds1-2024\bimestre1\exercicio2-codeigniter4\system\Database\BaseConnection.php(392): CodeIgniter\Database\MySQLi\Connection->connect(false)
#1 D:\Documents\git\ds1-2024\bimestre1\exercicio2-codeigniter4\system\Database\BaseConnection.php(575): CodeIgniter\Database\BaseConnection->initialize()
#2 D:\Documents\git\ds1-2024\bimestre1\exercicio2-codeigniter4\system\Database\BaseBuilder.php(1616): CodeIgniter\Database\BaseConnection->query('SELECT *\nFROM `...', Array, false)
#3 D:\Documents\git\ds1-2024\bimestre1\exercicio2-codeigniter4\system\Model.php(242): CodeIgniter\Database\BaseBuilder->get()
#4 D:\Documents\git\ds1-2024\bimestre1\exercicio2-codeigniter4\system\BaseModel.php(638): CodeIgniter\Model->doFindAll(0, 0)
#5 D:\Documents\git\ds1-2024\bimestre1\exercicio2-codeigniter4\app\Controllers\FirstAm.php(12): CodeIgniter\BaseModel->findAll()
#6 D:\Documents\git\ds1-2024\bimestre1\exercicio2-codeigniter4\system\CodeIgniter.php(941): App\Controllers\FirstAm->index()
#7 D:\Documents\git\ds1-2024\bimestre1\exercicio2-codeigniter4\system\CodeIgniter.php(502): CodeIgniter\CodeIgniter->runController(Object(App\Controllers\FirstAm))
#8 D:\Documents\git\ds1-2024\bimestre1\exercicio2-codeigniter4\system\CodeIgniter.php(361): CodeIgniter\CodeIgniter->handleRequest(NULL, Object(Config\Cache), false)
#9 D:\Documents\git\ds1-2024\bimestre1\exercicio2-codeigniter4\public\index.php(79): CodeIgniter\CodeIgniter->run()
#10 {main}
CRITICAL - 2024-03-26 23:28:42 --> CodeIgniter\Database\Exceptions\DatabaseException: Unable to connect to the database.
Main connection [MySQLi]: Access denied for user '****'@'localhost' (using password: YES)
in SYSTEMPATH\Database\BaseConnection.php on line 428.
 1 SYSTEMPATH\Database\BaseConnection.php(575): CodeIgniter\Database\BaseConnection->initialize()
 2 SYSTEMPATH\Database\BaseBuilder.php(1616): CodeIgniter\Database\BaseConnection->query('SELECT *
FROM `artistas`', [], false)
 3 SYSTEMPATH\Model.php(242): CodeIgniter\Database\BaseBuilder->get()
 4 SYSTEMPATH\BaseModel.php(638): CodeIgniter\Model->doFindAll(0, 0)
 5 APPPATH\Controllers\FirstAm.php(12): CodeIgniter\BaseModel->findAll()
 6 SYSTEMPATH\CodeIgniter.php(941): App\Controllers\FirstAm->index()
 7 SYSTEMPATH\CodeIgniter.php(502): CodeIgniter\CodeIgniter->runController(Object(App\Controllers\FirstAm))
 8 SYSTEMPATH\CodeIgniter.php(361): CodeIgniter\CodeIgniter->handleRequest(null, Object(Config\Cache), false)
 9 FCPATH\index.php(79): CodeIgniter\CodeIgniter->run()
